CRITICAL - 2024-11-18 13:56:05 --> Invalid file: "urunler.php"
in SYSTEMPATH\Exceptions\FrameworkException.php on line 39.
 1 SYSTEMPATH\View\View.php(214): CodeIgniter\Exceptions\FrameworkException::forInvalidFile('urunler.php')
 2 SYSTEMPATH\Common.php(1188): CodeIgniter\View\View->render('urunler', [], true)
 3 APPPATH\Controllers\UrunlerController.php(12): view('urunler')
 4 SYSTEMPATH\CodeIgniter.php(919): App\Controllers\UrunlerController->index()
 5 SYSTEMPATH\CodeIgniter.php(494): CodeIgniter\CodeIgniter->runController(Object(App\Controllers\UrunlerController))
 6 SYSTEMPATH\CodeIgniter.php(353): CodeIgniter\CodeIgniter->handleRequest(null, Object(Config\Cache), false)
 7 FCPATH\index.php(79): CodeIgniter\CodeIgniter->run()
CRITICAL - 2024-11-18 15:09:46 --> Invalid file: "sepet/index.php"
in SYSTEMPATH\Exceptions\FrameworkException.php on line 39.
 1 SYSTEMPATH\View\View.php(214): CodeIgniter\Exceptions\FrameworkException::forInvalidFile('sepet/index.php')
 2 SYSTEMPATH\Common.php(1188): CodeIgniter\View\View->render('sepet/index', [], true)
 3 APPPATH\Controllers\SepetController.php(12): view('sepet/index')
 4 SYSTEMPATH\CodeIgniter.php(919): App\Controllers\SepetController->index()
 5 SYSTEMPATH\CodeIgniter.php(494): CodeIgniter\CodeIgniter->runController(Object(App\Controllers\SepetController))
 6 SYSTEMPATH\CodeIgniter.php(353): CodeIgniter\CodeIgniter->handleRequest(null, Object(Config\Cache), false)
 7 FCPATH\index.php(79): CodeIgniter\CodeIgniter->run()
CRITICAL - 2024-11-18 18:58:28 --> CodeIgniter\Database\BaseBuilder::like(): Argument #2 ($match) must be of type string, null given, called in C:\xampp\htdocs\e-ticaret\system\Model.php on line 871
in SYSTEMPATH\Database\BaseBuilder.php on line 983.
 1 SYSTEMPATH\Model.php(871): CodeIgniter\Database\BaseBuilder->like('name', null)
 2 APPPATH\Controllers\SearchController.php(18): CodeIgniter\Model->__call('like', [...])
 3 SYSTEMPATH\CodeIgniter.php(919): App\Controllers\SearchController->searchProducts()
 4 SYSTEMPATH\CodeIgniter.php(494): CodeIgniter\CodeIgniter->runController(Object(App\Controllers\SearchController))
 5 SYSTEMPATH\CodeIgniter.php(353): CodeIgniter\CodeIgniter->handleRequest(null, Object(Config\Cache), false)
 6 FCPATH\index.php(79): CodeIgniter\CodeIgniter->run()
CRITICAL - 2024-11-18 18:58:28 --> CodeIgniter\Database\BaseBuilder::like(): Argument #2 ($match) must be of type string, null given, called in C:\xampp\htdocs\e-ticaret\system\Model.php on line 871
in SYSTEMPATH\Database\BaseBuilder.php on line 983.
 1 SYSTEMPATH\Model.php(871): CodeIgniter\Database\BaseBuilder->like('name', null)
 2 APPPATH\Controllers\SearchController.php(18): CodeIgniter\Model->__call('like', [...])
 3 SYSTEMPATH\CodeIgniter.php(919): App\Controllers\SearchController->searchProducts()
 4 SYSTEMPATH\CodeIgniter.php(494): CodeIgniter\CodeIgniter->runController(Object(App\Controllers\SearchController))
 5 SYSTEMPATH\CodeIgniter.php(353): CodeIgniter\CodeIgniter->handleRequest(null, Object(Config\Cache), false)
 6 FCPATH\index.php(79): CodeIgniter\CodeIgniter->run()
CRITICAL - 2024-11-18 18:58:44 --> CodeIgniter\Database\BaseBuilder::like(): Argument #2 ($match) must be of type string, null given, called in C:\xampp\htdocs\e-ticaret\system\Model.php on line 871
in SYSTEMPATH\Database\BaseBuilder.php on line 983.
 1 SYSTEMPATH\Model.php(871): CodeIgniter\Database\BaseBuilder->like('name', null)
 2 APPPATH\Controllers\SearchController.php(18): CodeIgniter\Model->__call('like', [...])
 3 SYSTEMPATH\CodeIgniter.php(919): App\Controllers\SearchController->searchProducts()
 4 SYSTEMPATH\CodeIgniter.php(494): CodeIgniter\CodeIgniter->runController(Object(App\Controllers\SearchController))
 5 SYSTEMPATH\CodeIgniter.php(353): CodeIgniter\CodeIgniter->handleRequest(null, Object(Config\Cache), false)
 6 FCPATH\index.php(79): CodeIgniter\CodeIgniter->run()
CRITICAL - 2024-11-18 18:58:45 --> CodeIgniter\Database\BaseBuilder::like(): Argument #2 ($match) must be of type string, null given, called in C:\xampp\htdocs\e-ticaret\system\Model.php on line 871
in SYSTEMPATH\Database\BaseBuilder.php on line 983.
 1 SYSTEMPATH\Model.php(871): CodeIgniter\Database\BaseBuilder->like('name', null)
 2 APPPATH\Controllers\SearchController.php(18): CodeIgniter\Model->__call('like', [...])
 3 SYSTEMPATH\CodeIgniter.php(919): App\Controllers\SearchController->searchProducts()
 4 SYSTEMPATH\CodeIgniter.php(494): CodeIgniter\CodeIgniter->runController(Object(App\Controllers\SearchController))
 5 SYSTEMPATH\CodeIgniter.php(353): CodeIgniter\CodeIgniter->handleRequest(null, Object(Config\Cache), false)
 6 FCPATH\index.php(79): CodeIgniter\CodeIgniter->run()
CRITICAL - 2024-11-18 18:58:45 --> CodeIgniter\Database\BaseBuilder::like(): Argument #2 ($match) must be of type string, null given, called in C:\xampp\htdocs\e-ticaret\system\Model.php on line 871
in SYSTEMPATH\Database\BaseBuilder.php on line 983.
 1 SYSTEMPATH\Model.php(871): CodeIgniter\Database\BaseBuilder->like('name', null)
 2 APPPATH\Controllers\SearchController.php(18): CodeIgniter\Model->__call('like', [...])
 3 SYSTEMPATH\CodeIgniter.php(919): App\Controllers\SearchController->searchProducts()
 4 SYSTEMPATH\CodeIgniter.php(494): CodeIgniter\CodeIgniter->runController(Object(App\Controllers\SearchController))
 5 SYSTEMPATH\CodeIgniter.php(353): CodeIgniter\CodeIgniter->handleRequest(null, Object(Config\Cache), false)
 6 FCPATH\index.php(79): CodeIgniter\CodeIgniter->run()
CRITICAL - 2024-11-18 18:58:45 --> CodeIgniter\Database\BaseBuilder::like(): Argument #2 ($match) must be of type string, null given, called in C:\xampp\htdocs\e-ticaret\system\Model.php on line 871
in SYSTEMPATH\Database\BaseBuilder.php on line 983.
 1 SYSTEMPATH\Model.php(871): CodeIgniter\Database\BaseBuilder->like('name', null)
 2 APPPATH\Controllers\SearchController.php(18): CodeIgniter\Model->__call('like', [...])
 3 SYSTEMPATH\CodeIgniter.php(919): App\Controllers\SearchController->searchProducts()
 4 SYSTEMPATH\CodeIgniter.php(494): CodeIgniter\CodeIgniter->runController(Object(App\Controllers\SearchController))
 5 SYSTEMPATH\CodeIgniter.php(353): CodeIgniter\CodeIgniter->handleRequest(null, Object(Config\Cache), false)
 6 FCPATH\index.php(79): CodeIgniter\CodeIgniter->run()
CRITICAL - 2024-11-18 18:59:33 --> CodeIgniter\Database\BaseBuilder::like(): Argument #2 ($match) must be of type string, null given, called in C:\xampp\htdocs\e-ticaret\system\Model.php on line 871
in SYSTEMPATH\Database\BaseBuilder.php on line 983.
 1 SYSTEMPATH\Model.php(871): CodeIgniter\Database\BaseBuilder->like('name', null)
 2 APPPATH\Controllers\SearchController.php(18): CodeIgniter\Model->__call('like', [...])
 3 SYSTEMPATH\CodeIgniter.php(919): App\Controllers\SearchController->searchProducts()
 4 SYSTEMPATH\CodeIgniter.php(494): CodeIgniter\CodeIgniter->runController(Object(App\Controllers\SearchController))
 5 SYSTEMPATH\CodeIgniter.php(353): CodeIgniter\CodeIgniter->handleRequest(null, Object(Config\Cache), false)
 6 FCPATH\index.php(79): CodeIgniter\CodeIgniter->run()
ERROR - 2024-11-18 19:41:25 --> mysqli_sql_exception: Table 'ecommerce.products' doesn't exist in C:\xampp\htdocs\e-ticaret\system\Database\MySQLi\Connection.php:306
Stack trace:
#0 C:\xampp\htdocs\e-ticaret\system\Database\MySQLi\Connection.php(306): mysqli->query('SELECT *\nFROM `...', 0)
#1 C:\xampp\htdocs\e-ticaret\system\Database\BaseConnection.php(692): CodeIgniter\Database\MySQLi\Connection->execute('SELECT *\nFROM `...')
#2 C:\xampp\htdocs\e-ticaret\system\Database\BaseConnection.php(606): CodeIgniter\Database\BaseConnection->simpleQuery('SELECT *\nFROM `...')
#3 C:\xampp\htdocs\e-ticaret\system\Database\BaseBuilder.php(1615): CodeIgniter\Database\BaseConnection->query('SELECT *\nFROM `...', Array, false)
#4 C:\xampp\htdocs\e-ticaret\system\Model.php(237): CodeIgniter\Database\BaseBuilder->get()
#5 C:\xampp\htdocs\e-ticaret\system\BaseModel.php(624): CodeIgniter\Model->doFindAll(0, 0)
#6 C:\xampp\htdocs\e-ticaret\app\Controllers\SepetController.php(17): CodeIgniter\BaseModel->findAll()
#7 C:\xampp\htdocs\e-ticaret\system\CodeIgniter.php(919): App\Controllers\SepetController->index()
#8 C:\xampp\htdocs\e-ticaret\system\CodeIgniter.php(494): CodeIgniter\CodeIgniter->runController(Object(App\Controllers\SepetController))
#9 C:\xampp\htdocs\e-ticaret\system\CodeIgniter.php(353): CodeIgniter\CodeIgniter->handleRequest(NULL, Object(Config\Cache), false)
#10 C:\xampp\htdocs\e-ticaret\public\index.php(79): CodeIgniter\CodeIgniter->run()
#11 {main}
CRITICAL - 2024-11-18 19:41:25 --> Table 'ecommerce.products' doesn't exist
in SYSTEMPATH\Database\BaseConnection.php on line 646.
 1 SYSTEMPATH\Database\BaseBuilder.php(1615): CodeIgniter\Database\BaseConnection->query('SELECT *
FROM `products`', [], false)
 2 SYSTEMPATH\Model.php(237): CodeIgniter\Database\BaseBuilder->get()
 3 SYSTEMPATH\BaseModel.php(624): CodeIgniter\Model->doFindAll(0, 0)
 4 APPPATH\Controllers\SepetController.php(17): CodeIgniter\BaseModel->findAll()
 5 SYSTEMPATH\CodeIgniter.php(919): App\Controllers\SepetController->index()
 6 SYSTEMPATH\CodeIgniter.php(494): CodeIgniter\CodeIgniter->runController(Object(App\Controllers\SepetController))
 7 SYSTEMPATH\CodeIgniter.php(353): CodeIgniter\CodeIgniter->handleRequest(null, Object(Config\Cache), false)
 8 FCPATH\index.php(79): CodeIgniter\CodeIgniter->run()
ERROR - 2024-11-18 19:41:49 --> mysqli_sql_exception: Table 'ecommerce.products' doesn't exist in C:\xampp\htdocs\e-ticaret\system\Database\MySQLi\Connection.php:306
Stack trace:
#0 C:\xampp\htdocs\e-ticaret\system\Database\MySQLi\Connection.php(306): mysqli->query('SELECT *\nFROM `...', 0)
#1 C:\xampp\htdocs\e-ticaret\system\Database\BaseConnection.php(692): CodeIgniter\Database\MySQLi\Connection->execute('SELECT *\nFROM `...')
#2 C:\xampp\htdocs\e-ticaret\system\Database\BaseConnection.php(606): CodeIgniter\Database\BaseConnection->simpleQuery('SELECT *\nFROM `...')
#3 C:\xampp\htdocs\e-ticaret\system\Database\BaseBuilder.php(1615): CodeIgniter\Database\BaseConnection->query('SELECT *\nFROM `...', Array, false)
#4 C:\xampp\htdocs\e-ticaret\system\Model.php(237): CodeIgniter\Database\BaseBuilder->get()
#5 C:\xampp\htdocs\e-ticaret\system\BaseModel.php(624): CodeIgniter\Model->doFindAll(0, 0)
#6 C:\xampp\htdocs\e-ticaret\app\Controllers\SepetController.php(16): CodeIgniter\BaseModel->findAll()
#7 C:\xampp\htdocs\e-ticaret\system\CodeIgniter.php(919): App\Controllers\SepetController->index()
#8 C:\xampp\htdocs\e-ticaret\system\CodeIgniter.php(494): CodeIgniter\CodeIgniter->runController(Object(App\Controllers\SepetController))
#9 C:\xampp\htdocs\e-ticaret\system\CodeIgniter.php(353): CodeIgniter\CodeIgniter->handleRequest(NULL, Object(Config\Cache), false)
#10 C:\xampp\htdocs\e-ticaret\public\index.php(79): CodeIgniter\CodeIgniter->run()
#11 {main}
CRITICAL - 2024-11-18 19:41:49 --> Table 'ecommerce.products' doesn't exist
in SYSTEMPATH\Database\BaseConnection.php on line 646.
 1 SYSTEMPATH\Database\BaseBuilder.php(1615): CodeIgniter\Database\BaseConnection->query('SELECT *
FROM `products`', [], false)
 2 SYSTEMPATH\Model.php(237): CodeIgniter\Database\BaseBuilder->get()
 3 SYSTEMPATH\BaseModel.php(624): CodeIgniter\Model->doFindAll(0, 0)
 4 APPPATH\Controllers\SepetController.php(16): CodeIgniter\BaseModel->findAll()
 5 SYSTEMPATH\CodeIgniter.php(919): App\Controllers\SepetController->index()
 6 SYSTEMPATH\CodeIgniter.php(494): CodeIgniter\CodeIgniter->runController(Object(App\Controllers\SepetController))
 7 SYSTEMPATH\CodeIgniter.php(353): CodeIgniter\CodeIgniter->handleRequest(null, Object(Config\Cache), false)
 8 FCPATH\index.php(79): CodeIgniter\CodeIgniter->run()
ERROR - 2024-11-18 19:41:55 --> mysqli_sql_exception: Table 'ecommerce.products' doesn't exist in C:\xampp\htdocs\e-ticaret\system\Database\MySQLi\Connection.php:306
Stack trace:
#0 C:\xampp\htdocs\e-ticaret\system\Database\MySQLi\Connection.php(306): mysqli->query('SELECT *\nFROM `...', 0)
#1 C:\xampp\htdocs\e-ticaret\system\Database\BaseConnection.php(692): CodeIgniter\Database\MySQLi\Connection->execute('SELECT *\nFROM `...')
#2 C:\xampp\htdocs\e-ticaret\system\Database\BaseConnection.php(606): CodeIgniter\Database\BaseConnection->simpleQuery('SELECT *\nFROM `...')
#3 C:\xampp\htdocs\e-ticaret\system\Database\BaseBuilder.php(1615): CodeIgniter\Database\BaseConnection->query('SELECT *\nFROM `...', Array, false)
#4 C:\xampp\htdocs\e-ticaret\system\Model.php(237): CodeIgniter\Database\BaseBuilder->get()
#5 C:\xampp\htdocs\e-ticaret\system\BaseModel.php(624): CodeIgniter\Model->doFindAll(0, 0)
#6 C:\xampp\htdocs\e-ticaret\app\Controllers\SepetController.php(16): CodeIgniter\BaseModel->findAll()
#7 C:\xampp\htdocs\e-ticaret\system\CodeIgniter.php(919): App\Controllers\SepetController->index()
#8 C:\xampp\htdocs\e-ticaret\system\CodeIgniter.php(494): CodeIgniter\CodeIgniter->runController(Object(App\Controllers\SepetController))
#9 C:\xampp\htdocs\e-ticaret\system\CodeIgniter.php(353): CodeIgniter\CodeIgniter->handleRequest(NULL, Object(Config\Cache), false)
#10 C:\xampp\htdocs\e-ticaret\public\index.php(79): CodeIgniter\CodeIgniter->run()
#11 {main}
CRITICAL - 2024-11-18 19:41:55 --> Table 'ecommerce.products' doesn't exist
in SYSTEMPATH\Database\BaseConnection.php on line 646.
 1 SYSTEMPATH\Database\BaseBuilder.php(1615): CodeIgniter\Database\BaseConnection->query('SELECT *
FROM `products`', [], false)
 2 SYSTEMPATH\Model.php(237): CodeIgniter\Database\BaseBuilder->get()
 3 SYSTEMPATH\BaseModel.php(624): CodeIgniter\Model->doFindAll(0, 0)
 4 APPPATH\Controllers\SepetController.php(16): CodeIgniter\BaseModel->findAll()
 5 SYSTEMPATH\CodeIgniter.php(919): App\Controllers\SepetController->index()
 6 SYSTEMPATH\CodeIgniter.php(494): CodeIgniter\CodeIgniter->runController(Object(App\Controllers\SepetController))
 7 SYSTEMPATH\CodeIgniter.php(353): CodeIgniter\CodeIgniter->handleRequest(null, Object(Config\Cache), false)
 8 FCPATH\index.php(79): CodeIgniter\CodeIgniter->run()
CRITICAL - 2024-11-18 19:42:38 --> Invalid file: "sepet.php"
in SYSTEMPATH\Exceptions\FrameworkException.php on line 39.
 1 SYSTEMPATH\View\View.php(214): CodeIgniter\Exceptions\FrameworkException::forInvalidFile('sepet.php')
 2 SYSTEMPATH\Common.php(1188): CodeIgniter\View\View->render('sepet', [], true)
 3 APPPATH\Controllers\SepetController.php(19): view('sepet', [...])
 4 SYSTEMPATH\CodeIgniter.php(919): App\Controllers\SepetController->index()
 5 SYSTEMPATH\CodeIgniter.php(494): CodeIgniter\CodeIgniter->runController(Object(App\Controllers\SepetController))
 6 SYSTEMPATH\CodeIgniter.php(353): CodeIgniter\CodeIgniter->handleRequest(null, Object(Config\Cache), false)
 7 FCPATH\index.php(79): CodeIgniter\CodeIgniter->run()
CRITICAL - 2024-11-18 19:44:31 --> Undefined array key "name"
in APPPATH\Views\sepet\index.php on line 52.
 1 APPPATH\Views\sepet\index.php(52): CodeIgniter\Debug\Exceptions->errorHandler(2, 'Undefined array key "name"', 'C:\\xampp\\htdocs\\e-ticaret\\app\\Views\\sepet\\index.php', 52)
 2 SYSTEMPATH\View\View.php(226): include('C:\\xampp\\htdocs\\e-ticaret\\app\\Views\\sepet\\index.php')
 3 SYSTEMPATH\View\View.php(229): CodeIgniter\View\View->CodeIgniter\View\{closure}()
 4 SYSTEMPATH\Common.php(1188): CodeIgniter\View\View->render('sepet/index', [], true)
 5 APPPATH\Controllers\SepetController.php(17): view('sepet/index', [...])
 6 SYSTEMPATH\CodeIgniter.php(919): App\Controllers\SepetController->index()
 7 SYSTEMPATH\CodeIgniter.php(494): CodeIgniter\CodeIgniter->runController(Object(App\Controllers\SepetController))
 8 SYSTEMPATH\CodeIgniter.php(353): CodeIgniter\CodeIgniter->handleRequest(null, Object(Config\Cache), false)
 9 FCPATH\index.php(79): CodeIgniter\CodeIgniter->run()
CRITICAL - 2024-11-18 19:45:59 --> Undefined array key "name"
in APPPATH\Views\sepet\index.php on line 23.
 1 APPPATH\Views\sepet\index.php(23): CodeIgniter\Debug\Exceptions->errorHandler(2, 'Undefined array key "name"', 'C:\\xampp\\htdocs\\e-ticaret\\app\\Views\\sepet\\index.php', 23)
 2 SYSTEMPATH\View\View.php(226): include('C:\\xampp\\htdocs\\e-ticaret\\app\\Views\\sepet\\index.php')
 3 SYSTEMPATH\View\View.php(229): CodeIgniter\View\View->CodeIgniter\View\{closure}()
 4 SYSTEMPATH\Common.php(1188): CodeIgniter\View\View->render('sepet/index', [], true)
 5 APPPATH\Controllers\SepetController.php(17): view('sepet/index', [...])
 6 SYSTEMPATH\CodeIgniter.php(919): App\Controllers\SepetController->index()
 7 SYSTEMPATH\CodeIgniter.php(494): CodeIgniter\CodeIgniter->runController(Object(App\Controllers\SepetController))
 8 SYSTEMPATH\CodeIgniter.php(353): CodeIgniter\CodeIgniter->handleRequest(null, Object(Config\Cache), false)
 9 FCPATH\index.php(79): CodeIgniter\CodeIgniter->run()
CRITICAL - 2024-11-18 19:46:00 --> Undefined array key "name"
in APPPATH\Views\sepet\index.php on line 23.
 1 APPPATH\Views\sepet\index.php(23): CodeIgniter\Debug\Exceptions->errorHandler(2, 'Undefined array key "name"', 'C:\\xampp\\htdocs\\e-ticaret\\app\\Views\\sepet\\index.php', 23)
 2 SYSTEMPATH\View\View.php(226): include('C:\\xampp\\htdocs\\e-ticaret\\app\\Views\\sepet\\index.php')
 3 SYSTEMPATH\View\View.php(229): CodeIgniter\View\View->CodeIgniter\View\{closure}()
 4 SYSTEMPATH\Common.php(1188): CodeIgniter\View\View->render('sepet/index', [], true)
 5 APPPATH\Controllers\SepetController.php(17): view('sepet/index', [...])
 6 SYSTEMPATH\CodeIgniter.php(919): App\Controllers\SepetController->index()
 7 SYSTEMPATH\CodeIgniter.php(494): CodeIgniter\CodeIgniter->runController(Object(App\Controllers\SepetController))
 8 SYSTEMPATH\CodeIgniter.php(353): CodeIgniter\CodeIgniter->handleRequest(null, Object(Config\Cache), false)
 9 FCPATH\index.php(79): CodeIgniter\CodeIgniter->run()
CRITICAL - 2024-11-18 19:46:21 --> Undefined array key "name"
in APPPATH\Views\sepet\index.php on line 23.
 1 APPPATH\Views\sepet\index.php(23): CodeIgniter\Debug\Exceptions->errorHandler(2, 'Undefined array key "name"', 'C:\\xampp\\htdocs\\e-ticaret\\app\\Views\\sepet\\index.php', 23)
 2 SYSTEMPATH\View\View.php(226): include('C:\\xampp\\htdocs\\e-ticaret\\app\\Views\\sepet\\index.php')
 3 SYSTEMPATH\View\View.php(229): CodeIgniter\View\View->CodeIgniter\View\{closure}()
 4 SYSTEMPATH\Common.php(1188): CodeIgniter\View\View->render('sepet/index', [], true)
 5 APPPATH\Controllers\SepetController.php(17): view('sepet/index', [...])
 6 SYSTEMPATH\CodeIgniter.php(919): App\Controllers\SepetController->index()
 7 SYSTEMPATH\CodeIgniter.php(494): CodeIgniter\CodeIgniter->runController(Object(App\Controllers\SepetController))
 8 SYSTEMPATH\CodeIgniter.php(353): CodeIgniter\CodeIgniter->handleRequest(null, Object(Config\Cache), false)
 9 FCPATH\index.php(79): CodeIgniter\CodeIgniter->run()
CRITICAL - 2024-11-18 19:46:27 --> Undefined array key "name"
in APPPATH\Views\sepet\index.php on line 23.
 1 APPPATH\Views\sepet\index.php(23): CodeIgniter\Debug\Exceptions->errorHandler(2, 'Undefined array key "name"', 'C:\\xampp\\htdocs\\e-ticaret\\app\\Views\\sepet\\index.php', 23)
 2 SYSTEMPATH\View\View.php(226): include('C:\\xampp\\htdocs\\e-ticaret\\app\\Views\\sepet\\index.php')
 3 SYSTEMPATH\View\View.php(229): CodeIgniter\View\View->CodeIgniter\View\{closure}()
 4 SYSTEMPATH\Common.php(1188): CodeIgniter\View\View->render('sepet/index', [], true)
 5 APPPATH\Controllers\SepetController.php(17): view('sepet/index', [...])
 6 SYSTEMPATH\CodeIgniter.php(919): App\Controllers\SepetController->index()
 7 SYSTEMPATH\CodeIgniter.php(494): CodeIgniter\CodeIgniter->runController(Object(App\Controllers\SepetController))
 8 SYSTEMPATH\CodeIgniter.php(353): CodeIgniter\CodeIgniter->handleRequest(null, Object(Config\Cache), false)
 9 FCPATH\index.php(79): CodeIgniter\CodeIgniter->run()
ERROR - 2024-11-18 19:49:50 --> mysqli_sql_exception: Table 'ecommerce.producssst' doesn't exist in C:\xampp\htdocs\e-ticaret\system\Database\MySQLi\Connection.php:306
Stack trace:
#0 C:\xampp\htdocs\e-ticaret\system\Database\MySQLi\Connection.php(306): mysqli->query('SELECT *\nFROM `...', 0)
#1 C:\xampp\htdocs\e-ticaret\system\Database\BaseConnection.php(692): CodeIgniter\Database\MySQLi\Connection->execute('SELECT *\nFROM `...')
#2 C:\xampp\htdocs\e-ticaret\system\Database\BaseConnection.php(606): CodeIgniter\Database\BaseConnection->simpleQuery('SELECT *\nFROM `...')
#3 C:\xampp\htdocs\e-ticaret\system\Database\BaseBuilder.php(1615): CodeIgniter\Database\BaseConnection->query('SELECT *\nFROM `...', Array, false)
#4 C:\xampp\htdocs\e-ticaret\system\Model.php(237): CodeIgniter\Database\BaseBuilder->get()
#5 C:\xampp\htdocs\e-ticaret\system\BaseModel.php(624): CodeIgniter\Model->doFindAll(0, 0)
#6 C:\xampp\htdocs\e-ticaret\app\Controllers\SepetController.php(14): CodeIgniter\BaseModel->findAll()
#7 C:\xampp\htdocs\e-ticaret\system\CodeIgniter.php(919): App\Controllers\SepetController->index()
#8 C:\xampp\htdocs\e-ticaret\system\CodeIgniter.php(494): CodeIgniter\CodeIgniter->runController(Object(App\Controllers\SepetController))
#9 C:\xampp\htdocs\e-ticaret\system\CodeIgniter.php(353): CodeIgniter\CodeIgniter->handleRequest(NULL, Object(Config\Cache), false)
#10 C:\xampp\htdocs\e-ticaret\public\index.php(79): CodeIgniter\CodeIgniter->run()
#11 {main}
CRITICAL - 2024-11-18 19:49:50 --> Table 'ecommerce.producssst' doesn't exist
in SYSTEMPATH\Database\BaseConnection.php on line 646.
 1 SYSTEMPATH\Database\BaseBuilder.php(1615): CodeIgniter\Database\BaseConnection->query('SELECT *
FROM `producssst`', [], false)
 2 SYSTEMPATH\Model.php(237): CodeIgniter\Database\BaseBuilder->get()
 3 SYSTEMPATH\BaseModel.php(624): CodeIgniter\Model->doFindAll(0, 0)
 4 APPPATH\Controllers\SepetController.php(14): CodeIgniter\BaseModel->findAll()
 5 SYSTEMPATH\CodeIgniter.php(919): App\Controllers\SepetController->index()
 6 SYSTEMPATH\CodeIgniter.php(494): CodeIgniter\CodeIgniter->runController(Object(App\Controllers\SepetController))
 7 SYSTEMPATH\CodeIgniter.php(353): CodeIgniter\CodeIgniter->handleRequest(null, Object(Config\Cache), false)
 8 FCPATH\index.php(79): CodeIgniter\CodeIgniter->run()
CRITICAL - 2024-11-18 20:33:53 --> Undefined array key "product_id"
in APPPATH\Views\sepet\index.php on line 62.
 1 APPPATH\Views\sepet\index.php(62): CodeIgniter\Debug\Exceptions->errorHandler(2, 'Undefined array key "product_id"', 'C:\\xampp\\htdocs\\e-ticaret\\app\\Views\\sepet\\index.php', 62)
 2 SYSTEMPATH\View\View.php(226): include('C:\\xampp\\htdocs\\e-ticaret\\app\\Views\\sepet\\index.php')
 3 SYSTEMPATH\View\View.php(229): CodeIgniter\View\View->CodeIgniter\View\{closure}()
 4 SYSTEMPATH\Common.php(1188): CodeIgniter\View\View->render('sepet/index', [], true)
 5 APPPATH\Controllers\SepetController.php(14): view('sepet/index', [...])
 6 SYSTEMPATH\CodeIgniter.php(919): App\Controllers\SepetController->index()
 7 SYSTEMPATH\CodeIgniter.php(494): CodeIgniter\CodeIgniter->runController(Object(App\Controllers\SepetController))
 8 SYSTEMPATH\CodeIgniter.php(353): CodeIgniter\CodeIgniter->handleRequest(null, Object(Config\Cache), false)
 9 FCPATH\index.php(79): CodeIgniter\CodeIgniter->run()
CRITICAL - 2024-11-18 20:34:30 --> Undefined array key "product_id"
in APPPATH\Views\sepet\index.php on line 62.
 1 APPPATH\Views\sepet\index.php(62): CodeIgniter\Debug\Exceptions->errorHandler(2, 'Undefined array key "product_id"', 'C:\\xampp\\htdocs\\e-ticaret\\app\\Views\\sepet\\index.php', 62)
 2 SYSTEMPATH\View\View.php(226): include('C:\\xampp\\htdocs\\e-ticaret\\app\\Views\\sepet\\index.php')
 3 SYSTEMPATH\View\View.php(229): CodeIgniter\View\View->CodeIgniter\View\{closure}()
 4 SYSTEMPATH\Common.php(1188): CodeIgniter\View\View->render('sepet/index', [], true)
 5 APPPATH\Controllers\SepetController.php(14): view('sepet/index', [...])
 6 SYSTEMPATH\CodeIgniter.php(919): App\Controllers\SepetController->index()
 7 SYSTEMPATH\CodeIgniter.php(494): CodeIgniter\CodeIgniter->runController(Object(App\Controllers\SepetController))
 8 SYSTEMPATH\CodeIgniter.php(353): CodeIgniter\CodeIgniter->handleRequest(null, Object(Config\Cache), false)
 9 FCPATH\index.php(79): CodeIgniter\CodeIgniter->run()
CRITICAL - 2024-11-18 21:02:11 --> Invalid file: "sepet.php"
in SYSTEMPATH\Exceptions\FrameworkException.php on line 39.
 1 SYSTEMPATH\View\View.php(214): CodeIgniter\Exceptions\FrameworkException::forInvalidFile('sepet.php')
 2 SYSTEMPATH\Common.php(1188): CodeIgniter\View\View->render('sepet', [], true)
 3 APPPATH\Controllers\SepetController.php(14): view('sepet', [...])
 4 SYSTEMPATH\CodeIgniter.php(919): App\Controllers\SepetController->index()
 5 SYSTEMPATH\CodeIgniter.php(494): CodeIgniter\CodeIgniter->runController(Object(App\Controllers\SepetController))
 6 SYSTEMPATH\CodeIgniter.php(353): CodeIgniter\CodeIgniter->handleRequest(null, Object(Config\Cache), false)
 7 FCPATH\index.php(79): CodeIgniter\CodeIgniter->run()
CRITICAL - 2024-11-18 21:04:21 --> Invalid file: "sepet.php"
in SYSTEMPATH\Exceptions\FrameworkException.php on line 39.
 1 SYSTEMPATH\View\View.php(214): CodeIgniter\Exceptions\FrameworkException::forInvalidFile('sepet.php')
 2 SYSTEMPATH\Common.php(1188): CodeIgniter\View\View->render('sepet', [], true)
 3 APPPATH\Controllers\SepetController.php(14): view('sepet', [...])
 4 SYSTEMPATH\CodeIgniter.php(919): App\Controllers\SepetController->index()
 5 SYSTEMPATH\CodeIgniter.php(494): CodeIgniter\CodeIgniter->runController(Object(App\Controllers\SepetController))
 6 SYSTEMPATH\CodeIgniter.php(353): CodeIgniter\CodeIgniter->handleRequest(null, Object(Config\Cache), false)
 7 FCPATH\index.php(79): CodeIgniter\CodeIgniter->run()
CRITICAL - 2024-11-18 21:05:13 --> Invalid file: "sepet.php"
in SYSTEMPATH\Exceptions\FrameworkException.php on line 39.
 1 SYSTEMPATH\View\View.php(214): CodeIgniter\Exceptions\FrameworkException::forInvalidFile('sepet.php')
 2 SYSTEMPATH\Common.php(1188): CodeIgniter\View\View->render('sepet', [], true)
 3 APPPATH\Controllers\SepetController.php(14): view('sepet', [...])
 4 SYSTEMPATH\CodeIgniter.php(919): App\Controllers\SepetController->index()
 5 SYSTEMPATH\CodeIgniter.php(494): CodeIgniter\CodeIgniter->runController(Object(App\Controllers\SepetController))
 6 SYSTEMPATH\CodeIgniter.php(353): CodeIgniter\CodeIgniter->handleRequest(null, Object(Config\Cache), false)
 7 FCPATH\index.php(79): CodeIgniter\CodeIgniter->run()
CRITICAL - 2024-11-18 21:05:14 --> Invalid file: "sepet.php"
in SYSTEMPATH\Exceptions\FrameworkException.php on line 39.
 1 SYSTEMPATH\View\View.php(214): CodeIgniter\Exceptions\FrameworkException::forInvalidFile('sepet.php')
 2 SYSTEMPATH\Common.php(1188): CodeIgniter\View\View->render('sepet', [], true)
 3 APPPATH\Controllers\SepetController.php(14): view('sepet', [...])
 4 SYSTEMPATH\CodeIgniter.php(919): App\Controllers\SepetController->index()
 5 SYSTEMPATH\CodeIgniter.php(494): CodeIgniter\CodeIgniter->runController(Object(App\Controllers\SepetController))
 6 SYSTEMPATH\CodeIgniter.php(353): CodeIgniter\CodeIgniter->handleRequest(null, Object(Config\Cache), false)
 7 FCPATH\index.php(79): CodeIgniter\CodeIgniter->run()
CRITICAL - 2024-11-18 21:05:27 --> Invalid file: "sepet.php"
in SYSTEMPATH\Exceptions\FrameworkException.php on line 39.
 1 SYSTEMPATH\View\View.php(214): CodeIgniter\Exceptions\FrameworkException::forInvalidFile('sepet.php')
 2 SYSTEMPATH\Common.php(1188): CodeIgniter\View\View->render('sepet', [], true)
 3 APPPATH\Controllers\SepetController.php(14): view('sepet', [...])
 4 SYSTEMPATH\CodeIgniter.php(919): App\Controllers\SepetController->index()
 5 SYSTEMPATH\CodeIgniter.php(494): CodeIgniter\CodeIgniter->runController(Object(App\Controllers\SepetController))
 6 SYSTEMPATH\CodeIgniter.php(353): CodeIgniter\CodeIgniter->handleRequest(null, Object(Config\Cache), false)
 7 FCPATH\index.php(79): CodeIgniter\CodeIgniter->run()
CRITICAL - 2024-11-18 21:05:27 --> Invalid file: "sepet.php"
in SYSTEMPATH\Exceptions\FrameworkException.php on line 39.
 1 SYSTEMPATH\View\View.php(214): CodeIgniter\Exceptions\FrameworkException::forInvalidFile('sepet.php')
 2 SYSTEMPATH\Common.php(1188): CodeIgniter\View\View->render('sepet', [], true)
 3 APPPATH\Controllers\SepetController.php(14): view('sepet', [...])
 4 SYSTEMPATH\CodeIgniter.php(919): App\Controllers\SepetController->index()
 5 SYSTEMPATH\CodeIgniter.php(494): CodeIgniter\CodeIgniter->runController(Object(App\Controllers\SepetController))
 6 SYSTEMPATH\CodeIgniter.php(353): CodeIgniter\CodeIgniter->handleRequest(null, Object(Config\Cache), false)
 7 FCPATH\index.php(79): CodeIgniter\CodeIgniter->run()
CRITICAL - 2024-11-18 21:06:52 --> Invalid file: "sepet.php"
in SYSTEMPATH\Exceptions\FrameworkException.php on line 39.
 1 SYSTEMPATH\View\View.php(214): CodeIgniter\Exceptions\FrameworkException::forInvalidFile('sepet.php')
 2 SYSTEMPATH\Common.php(1188): CodeIgniter\View\View->render('sepet', [], true)
 3 APPPATH\Controllers\SepetController.php(14): view('sepet', [...])
 4 SYSTEMPATH\CodeIgniter.php(919): App\Controllers\SepetController->index()
 5 SYSTEMPATH\CodeIgniter.php(494): CodeIgniter\CodeIgniter->runController(Object(App\Controllers\SepetController))
 6 SYSTEMPATH\CodeIgniter.php(353): CodeIgniter\CodeIgniter->handleRequest(null, Object(Config\Cache), false)
 7 FCPATH\index.php(79): CodeIgniter\CodeIgniter->run()
CRITICAL - 2024-11-18 21:08:44 --> Invalid file: "sepet.php"
in SYSTEMPATH\Exceptions\FrameworkException.php on line 39.
 1 SYSTEMPATH\View\View.php(214): CodeIgniter\Exceptions\FrameworkException::forInvalidFile('sepet.php')
 2 SYSTEMPATH\Common.php(1188): CodeIgniter\View\View->render('sepet', [], true)
 3 APPPATH\Controllers\SepetController.php(14): view('sepet', [...])
 4 SYSTEMPATH\CodeIgniter.php(919): App\Controllers\SepetController->index()
 5 SYSTEMPATH\CodeIgniter.php(494): CodeIgniter\CodeIgniter->runController(Object(App\Controllers\SepetController))
 6 SYSTEMPATH\CodeIgniter.php(353): CodeIgniter\CodeIgniter->handleRequest(null, Object(Config\Cache), false)
 7 FCPATH\index.php(79): CodeIgniter\CodeIgniter->run()
CRITICAL - 2024-11-18 21:09:10 --> Invalid file: "sepet.php"
in SYSTEMPATH\Exceptions\FrameworkException.php on line 39.
 1 SYSTEMPATH\View\View.php(214): CodeIgniter\Exceptions\FrameworkException::forInvalidFile('sepet.php')
 2 SYSTEMPATH\Common.php(1188): CodeIgniter\View\View->render('sepet', [], true)
 3 APPPATH\Controllers\SepetController.php(14): view('sepet', [...])
 4 SYSTEMPATH\CodeIgniter.php(919): App\Controllers\SepetController->index()
 5 SYSTEMPATH\CodeIgniter.php(494): CodeIgniter\CodeIgniter->runController(Object(App\Controllers\SepetController))
 6 SYSTEMPATH\CodeIgniter.php(353): CodeIgniter\CodeIgniter->handleRequest(null, Object(Config\Cache), false)
 7 FCPATH\index.php(79): CodeIgniter\CodeIgniter->run()
CRITICAL - 2024-11-18 21:09:10 --> Invalid file: "sepet.php"
in SYSTEMPATH\Exceptions\FrameworkException.php on line 39.
 1 SYSTEMPATH\View\View.php(214): CodeIgniter\Exceptions\FrameworkException::forInvalidFile('sepet.php')
 2 SYSTEMPATH\Common.php(1188): CodeIgniter\View\View->render('sepet', [], true)
 3 APPPATH\Controllers\SepetController.php(14): view('sepet', [...])
 4 SYSTEMPATH\CodeIgniter.php(919): App\Controllers\SepetController->index()
 5 SYSTEMPATH\CodeIgniter.php(494): CodeIgniter\CodeIgniter->runController(Object(App\Controllers\SepetController))
 6 SYSTEMPATH\CodeIgniter.php(353): CodeIgniter\CodeIgniter->handleRequest(null, Object(Config\Cache), false)
 7 FCPATH\index.php(79): CodeIgniter\CodeIgniter->run()
CRITICAL - 2024-11-18 21:09:58 --> Undefined array key "quantity"
in APPPATH\Views\sepet\index.php on line 25.
 1 APPPATH\Views\sepet\index.php(25): CodeIgniter\Debug\Exceptions->errorHandler(2, 'Undefined array key "quantity"', 'C:\\xampp\\htdocs\\e-ticaret\\app\\Views\\sepet\\index.php', 25)
 2 SYSTEMPATH\View\View.php(226): include('C:\\xampp\\htdocs\\e-ticaret\\app\\Views\\sepet\\index.php')
 3 SYSTEMPATH\View\View.php(229): CodeIgniter\View\View->CodeIgniter\View\{closure}()
 4 SYSTEMPATH\Common.php(1188): CodeIgniter\View\View->render('sepet/index', [], true)
 5 APPPATH\Controllers\SepetController.php(14): view('sepet/index', [...])
 6 SYSTEMPATH\CodeIgniter.php(919): App\Controllers\SepetController->index()
 7 SYSTEMPATH\CodeIgniter.php(494): CodeIgniter\CodeIgniter->runController(Object(App\Controllers\SepetController))
 8 SYSTEMPATH\CodeIgniter.php(353): CodeIgniter\CodeIgniter->handleRequest(null, Object(Config\Cache), false)
 9 FCPATH\index.php(79): CodeIgniter\CodeIgniter->run()
CRITICAL - 2024-11-18 21:09:59 --> Undefined array key "quantity"
in APPPATH\Views\sepet\index.php on line 25.
 1 APPPATH\Views\sepet\index.php(25): CodeIgniter\Debug\Exceptions->errorHandler(2, 'Undefined array key "quantity"', 'C:\\xampp\\htdocs\\e-ticaret\\app\\Views\\sepet\\index.php', 25)
 2 SYSTEMPATH\View\View.php(226): include('C:\\xampp\\htdocs\\e-ticaret\\app\\Views\\sepet\\index.php')
 3 SYSTEMPATH\View\View.php(229): CodeIgniter\View\View->CodeIgniter\View\{closure}()
 4 SYSTEMPATH\Common.php(1188): CodeIgniter\View\View->render('sepet/index', [], true)
 5 APPPATH\Controllers\SepetController.php(14): view('sepet/index', [...])
 6 SYSTEMPATH\CodeIgniter.php(919): App\Controllers\SepetController->index()
 7 SYSTEMPATH\CodeIgniter.php(494): CodeIgniter\CodeIgniter->runController(Object(App\Controllers\SepetController))
 8 SYSTEMPATH\CodeIgniter.php(353): CodeIgniter\CodeIgniter->handleRequest(null, Object(Config\Cache), false)
 9 FCPATH\index.php(79): CodeIgniter\CodeIgniter->run()
