WARNING - 2024-12-14 17:52:53 --> [DEPRECATED] Return type of MongoDB\Model\BSONArray::bsonSerialize() should either be compatible with MongoDB\BSON\Serializable::bsonSerialize(): stdClass|MongoDB\BSON\Document|MongoDB\BSON\PackedArray|array, or the #[\ReturnTypeWillChange] attribute should be used to temporarily suppress the notice in VENDORPATH\mongodb\mongodb\src\Model\BSONArray.php on line 74.
 1 SYSTEMPATH\Autoloader\Autoloader.php(306): include_once('C:\\xampp\\htdocs\\e-ticaret\\vendor\\mongodb\\mongodb\\src\\Model\\BSONArray.php')
 2 SYSTEMPATH\Autoloader\Autoloader.php(250): CodeIgniter\Autoloader\Autoloader->includeFile('C:\\xampp\\htdocs\\e-ticaret\\vendor\\composer/../mongodb/mongodb/src/Model/BSONArray.php')
 3 [internal function]: CodeIgniter\Autoloader\Autoloader->loadClassmap('MongoDB\\Model\\BSONArray')
 4 VENDORPATH\mongodb\mongodb\src\Operation\Find.php(344): MongoDB\Driver\Cursor->setTypeMap([...])
 5 VENDORPATH\mongodb\mongodb\src\Collection.php(666): MongoDB\Operation\Find->execute(Object(MongoDB\Driver\Server))
 6 APPPATH\Controllers\AdminPanel.php(29): MongoDB\Collection->find()
 7 SYSTEMPATH\CodeIgniter.php(919): App\Controllers\AdminPanel->mongoAdminPanel()
 8 SYSTEMPATH\CodeIgniter.php(494): CodeIgniter\CodeIgniter->runController(Object(App\Controllers\AdminPanel))
 9 SYSTEMPATH\CodeIgniter.php(353): CodeIgniter\CodeIgniter->handleRequest(null, Object(Config\Cache), false)
10 FCPATH\index.php(79): CodeIgniter\CodeIgniter->run()
WARNING - 2024-12-14 17:52:53 --> [DEPRECATED] Return type of MongoDB\Model\BSONArray::bsonUnserialize(array $data) should either be compatible with MongoDB\BSON\Unserializable::bsonUnserialize(array $data): void, or the #[\ReturnTypeWillChange] attribute should be used to temporarily suppress the notice in VENDORPATH\mongodb\mongodb\src\Model\BSONArray.php on line 85.
 1 SYSTEMPATH\Autoloader\Autoloader.php(306): include_once('C:\\xampp\\htdocs\\e-ticaret\\vendor\\mongodb\\mongodb\\src\\Model\\BSONArray.php')
 2 SYSTEMPATH\Autoloader\Autoloader.php(250): CodeIgniter\Autoloader\Autoloader->includeFile('C:\\xampp\\htdocs\\e-ticaret\\vendor\\composer/../mongodb/mongodb/src/Model/BSONArray.php')
 3 [internal function]: CodeIgniter\Autoloader\Autoloader->loadClassmap('MongoDB\\Model\\BSONArray')
 4 VENDORPATH\mongodb\mongodb\src\Operation\Find.php(344): MongoDB\Driver\Cursor->setTypeMap([...])
 5 VENDORPATH\mongodb\mongodb\src\Collection.php(666): MongoDB\Operation\Find->execute(Object(MongoDB\Driver\Server))
 6 APPPATH\Controllers\AdminPanel.php(29): MongoDB\Collection->find()
 7 SYSTEMPATH\CodeIgniter.php(919): App\Controllers\AdminPanel->mongoAdminPanel()
 8 SYSTEMPATH\CodeIgniter.php(494): CodeIgniter\CodeIgniter->runController(Object(App\Controllers\AdminPanel))
 9 SYSTEMPATH\CodeIgniter.php(353): CodeIgniter\CodeIgniter->handleRequest(null, Object(Config\Cache), false)
10 FCPATH\index.php(79): CodeIgniter\CodeIgniter->run()
WARNING - 2024-12-14 17:52:53 --> [DEPRECATED] Return type of MongoDB\Model\BSONDocument::bsonSerialize() should either be compatible with MongoDB\BSON\Serializable::bsonSerialize(): stdClass|MongoDB\BSON\Document|MongoDB\BSON\PackedArray|array, or the #[\ReturnTypeWillChange] attribute should be used to temporarily suppress the notice in VENDORPATH\mongodb\mongodb\src\Model\BSONDocument.php on line 84.
 1 SYSTEMPATH\Autoloader\Autoloader.php(306): include_once('C:\\xampp\\htdocs\\e-ticaret\\vendor\\mongodb\\mongodb\\src\\Model\\BSONDocument.php')
 2 SYSTEMPATH\Autoloader\Autoloader.php(250): CodeIgniter\Autoloader\Autoloader->includeFile('C:\\xampp\\htdocs\\e-ticaret\\vendor\\composer/../mongodb/mongodb/src/Model/BSONDocument.php')
 3 [internal function]: CodeIgniter\Autoloader\Autoloader->loadClassmap('MongoDB\\Model\\BSONDocument')
 4 VENDORPATH\mongodb\mongodb\src\Operation\Find.php(344): MongoDB\Driver\Cursor->setTypeMap([...])
 5 VENDORPATH\mongodb\mongodb\src\Collection.php(666): MongoDB\Operation\Find->execute(Object(MongoDB\Driver\Server))
 6 APPPATH\Controllers\AdminPanel.php(29): MongoDB\Collection->find()
 7 SYSTEMPATH\CodeIgniter.php(919): App\Controllers\AdminPanel->mongoAdminPanel()
 8 SYSTEMPATH\CodeIgniter.php(494): CodeIgniter\CodeIgniter->runController(Object(App\Controllers\AdminPanel))
 9 SYSTEMPATH\CodeIgniter.php(353): CodeIgniter\CodeIgniter->handleRequest(null, Object(Config\Cache), false)
10 FCPATH\index.php(79): CodeIgniter\CodeIgniter->run()
WARNING - 2024-12-14 17:52:53 --> [DEPRECATED] Return type of MongoDB\Model\BSONDocument::bsonUnserialize(array $data) should either be compatible with MongoDB\BSON\Unserializable::bsonUnserialize(array $data): void, or the #[\ReturnTypeWillChange] attribute should be used to temporarily suppress the notice in VENDORPATH\mongodb\mongodb\src\Model\BSONDocument.php on line 95.
 1 SYSTEMPATH\Autoloader\Autoloader.php(306): include_once('C:\\xampp\\htdocs\\e-ticaret\\vendor\\mongodb\\mongodb\\src\\Model\\BSONDocument.php')
 2 SYSTEMPATH\Autoloader\Autoloader.php(250): CodeIgniter\Autoloader\Autoloader->includeFile('C:\\xampp\\htdocs\\e-ticaret\\vendor\\composer/../mongodb/mongodb/src/Model/BSONDocument.php')
 3 [internal function]: CodeIgniter\Autoloader\Autoloader->loadClassmap('MongoDB\\Model\\BSONDocument')
 4 VENDORPATH\mongodb\mongodb\src\Operation\Find.php(344): MongoDB\Driver\Cursor->setTypeMap([...])
 5 VENDORPATH\mongodb\mongodb\src\Collection.php(666): MongoDB\Operation\Find->execute(Object(MongoDB\Driver\Server))
 6 APPPATH\Controllers\AdminPanel.php(29): MongoDB\Collection->find()
 7 SYSTEMPATH\CodeIgniter.php(919): App\Controllers\AdminPanel->mongoAdminPanel()
 8 SYSTEMPATH\CodeIgniter.php(494): CodeIgniter\CodeIgniter->runController(Object(App\Controllers\AdminPanel))
 9 SYSTEMPATH\CodeIgniter.php(353): CodeIgniter\CodeIgniter->handleRequest(null, Object(Config\Cache), false)
10 FCPATH\index.php(79): CodeIgniter\CodeIgniter->run()
WARNING - 2024-12-14 17:54:44 --> [DEPRECATED] Return type of MongoDB\Model\BSONArray::bsonSerialize() should either be compatible with MongoDB\BSON\Serializable::bsonSerialize(): stdClass|MongoDB\BSON\Document|MongoDB\BSON\PackedArray|array, or the #[\ReturnTypeWillChange] attribute should be used to temporarily suppress the notice in VENDORPATH\mongodb\mongodb\src\Model\BSONArray.php on line 74.
 1 SYSTEMPATH\Autoloader\Autoloader.php(306): include_once('C:\\xampp\\htdocs\\e-ticaret\\vendor\\mongodb\\mongodb\\src\\Model\\BSONArray.php')
 2 SYSTEMPATH\Autoloader\Autoloader.php(250): CodeIgniter\Autoloader\Autoloader->includeFile('C:\\xampp\\htdocs\\e-ticaret\\vendor\\composer/../mongodb/mongodb/src/Model/BSONArray.php')
 3 [internal function]: CodeIgniter\Autoloader\Autoloader->loadClassmap('MongoDB\\Model\\BSONArray')
 4 VENDORPATH\mongodb\mongodb\src\Operation\Find.php(344): MongoDB\Driver\Cursor->setTypeMap([...])
 5 VENDORPATH\mongodb\mongodb\src\Collection.php(666): MongoDB\Operation\Find->execute(Object(MongoDB\Driver\Server))
 6 APPPATH\Controllers\AdminPanel.php(29): MongoDB\Collection->find()
 7 SYSTEMPATH\CodeIgniter.php(919): App\Controllers\AdminPanel->mongoAdminPanel()
 8 SYSTEMPATH\CodeIgniter.php(494): CodeIgniter\CodeIgniter->runController(Object(App\Controllers\AdminPanel))
 9 SYSTEMPATH\CodeIgniter.php(353): CodeIgniter\CodeIgniter->handleRequest(null, Object(Config\Cache), false)
10 FCPATH\index.php(79): CodeIgniter\CodeIgniter->run()
WARNING - 2024-12-14 17:54:44 --> [DEPRECATED] Return type of MongoDB\Model\BSONArray::bsonUnserialize(array $data) should either be compatible with MongoDB\BSON\Unserializable::bsonUnserialize(array $data): void, or the #[\ReturnTypeWillChange] attribute should be used to temporarily suppress the notice in VENDORPATH\mongodb\mongodb\src\Model\BSONArray.php on line 85.
 1 SYSTEMPATH\Autoloader\Autoloader.php(306): include_once('C:\\xampp\\htdocs\\e-ticaret\\vendor\\mongodb\\mongodb\\src\\Model\\BSONArray.php')
 2 SYSTEMPATH\Autoloader\Autoloader.php(250): CodeIgniter\Autoloader\Autoloader->includeFile('C:\\xampp\\htdocs\\e-ticaret\\vendor\\composer/../mongodb/mongodb/src/Model/BSONArray.php')
 3 [internal function]: CodeIgniter\Autoloader\Autoloader->loadClassmap('MongoDB\\Model\\BSONArray')
 4 VENDORPATH\mongodb\mongodb\src\Operation\Find.php(344): MongoDB\Driver\Cursor->setTypeMap([...])
 5 VENDORPATH\mongodb\mongodb\src\Collection.php(666): MongoDB\Operation\Find->execute(Object(MongoDB\Driver\Server))
 6 APPPATH\Controllers\AdminPanel.php(29): MongoDB\Collection->find()
 7 SYSTEMPATH\CodeIgniter.php(919): App\Controllers\AdminPanel->mongoAdminPanel()
 8 SYSTEMPATH\CodeIgniter.php(494): CodeIgniter\CodeIgniter->runController(Object(App\Controllers\AdminPanel))
 9 SYSTEMPATH\CodeIgniter.php(353): CodeIgniter\CodeIgniter->handleRequest(null, Object(Config\Cache), false)
10 FCPATH\index.php(79): CodeIgniter\CodeIgniter->run()
WARNING - 2024-12-14 17:54:44 --> [DEPRECATED] Return type of MongoDB\Model\BSONDocument::bsonSerialize() should either be compatible with MongoDB\BSON\Serializable::bsonSerialize(): stdClass|MongoDB\BSON\Document|MongoDB\BSON\PackedArray|array, or the #[\ReturnTypeWillChange] attribute should be used to temporarily suppress the notice in VENDORPATH\mongodb\mongodb\src\Model\BSONDocument.php on line 84.
 1 SYSTEMPATH\Autoloader\Autoloader.php(306): include_once('C:\\xampp\\htdocs\\e-ticaret\\vendor\\mongodb\\mongodb\\src\\Model\\BSONDocument.php')
 2 SYSTEMPATH\Autoloader\Autoloader.php(250): CodeIgniter\Autoloader\Autoloader->includeFile('C:\\xampp\\htdocs\\e-ticaret\\vendor\\composer/../mongodb/mongodb/src/Model/BSONDocument.php')
 3 [internal function]: CodeIgniter\Autoloader\Autoloader->loadClassmap('MongoDB\\Model\\BSONDocument')
 4 VENDORPATH\mongodb\mongodb\src\Operation\Find.php(344): MongoDB\Driver\Cursor->setTypeMap([...])
 5 VENDORPATH\mongodb\mongodb\src\Collection.php(666): MongoDB\Operation\Find->execute(Object(MongoDB\Driver\Server))
 6 APPPATH\Controllers\AdminPanel.php(29): MongoDB\Collection->find()
 7 SYSTEMPATH\CodeIgniter.php(919): App\Controllers\AdminPanel->mongoAdminPanel()
 8 SYSTEMPATH\CodeIgniter.php(494): CodeIgniter\CodeIgniter->runController(Object(App\Controllers\AdminPanel))
 9 SYSTEMPATH\CodeIgniter.php(353): CodeIgniter\CodeIgniter->handleRequest(null, Object(Config\Cache), false)
10 FCPATH\index.php(79): CodeIgniter\CodeIgniter->run()
WARNING - 2024-12-14 17:54:44 --> [DEPRECATED] Return type of MongoDB\Model\BSONDocument::bsonUnserialize(array $data) should either be compatible with MongoDB\BSON\Unserializable::bsonUnserialize(array $data): void, or the #[\ReturnTypeWillChange] attribute should be used to temporarily suppress the notice in VENDORPATH\mongodb\mongodb\src\Model\BSONDocument.php on line 95.
 1 SYSTEMPATH\Autoloader\Autoloader.php(306): include_once('C:\\xampp\\htdocs\\e-ticaret\\vendor\\mongodb\\mongodb\\src\\Model\\BSONDocument.php')
 2 SYSTEMPATH\Autoloader\Autoloader.php(250): CodeIgniter\Autoloader\Autoloader->includeFile('C:\\xampp\\htdocs\\e-ticaret\\vendor\\composer/../mongodb/mongodb/src/Model/BSONDocument.php')
 3 [internal function]: CodeIgniter\Autoloader\Autoloader->loadClassmap('MongoDB\\Model\\BSONDocument')
 4 VENDORPATH\mongodb\mongodb\src\Operation\Find.php(344): MongoDB\Driver\Cursor->setTypeMap([...])
 5 VENDORPATH\mongodb\mongodb\src\Collection.php(666): MongoDB\Operation\Find->execute(Object(MongoDB\Driver\Server))
 6 APPPATH\Controllers\AdminPanel.php(29): MongoDB\Collection->find()
 7 SYSTEMPATH\CodeIgniter.php(919): App\Controllers\AdminPanel->mongoAdminPanel()
 8 SYSTEMPATH\CodeIgniter.php(494): CodeIgniter\CodeIgniter->runController(Object(App\Controllers\AdminPanel))
 9 SYSTEMPATH\CodeIgniter.php(353): CodeIgniter\CodeIgniter->handleRequest(null, Object(Config\Cache), false)
10 FCPATH\index.php(79): CodeIgniter\CodeIgniter->run()
WARNING - 2024-12-14 17:55:03 --> [DEPRECATED] Return type of MongoDB\Model\BSONArray::bsonSerialize() should either be compatible with MongoDB\BSON\Serializable::bsonSerialize(): stdClass|MongoDB\BSON\Document|MongoDB\BSON\PackedArray|array, or the #[\ReturnTypeWillChange] attribute should be used to temporarily suppress the notice in VENDORPATH\mongodb\mongodb\src\Model\BSONArray.php on line 74.
 1 SYSTEMPATH\Autoloader\Autoloader.php(306): include_once('C:\\xampp\\htdocs\\e-ticaret\\vendor\\mongodb\\mongodb\\src\\Model\\BSONArray.php')
 2 SYSTEMPATH\Autoloader\Autoloader.php(250): CodeIgniter\Autoloader\Autoloader->includeFile('C:\\xampp\\htdocs\\e-ticaret\\vendor\\composer/../mongodb/mongodb/src/Model/BSONArray.php')
 3 [internal function]: CodeIgniter\Autoloader\Autoloader->loadClassmap('MongoDB\\Model\\BSONArray')
 4 VENDORPATH\mongodb\mongodb\src\Operation\Find.php(344): MongoDB\Driver\Cursor->setTypeMap([...])
 5 VENDORPATH\mongodb\mongodb\src\Collection.php(666): MongoDB\Operation\Find->execute(Object(MongoDB\Driver\Server))
 6 APPPATH\Controllers\AdminPanel.php(29): MongoDB\Collection->find()
 7 SYSTEMPATH\CodeIgniter.php(919): App\Controllers\AdminPanel->mongoAdminPanel()
 8 SYSTEMPATH\CodeIgniter.php(494): CodeIgniter\CodeIgniter->runController(Object(App\Controllers\AdminPanel))
 9 SYSTEMPATH\CodeIgniter.php(353): CodeIgniter\CodeIgniter->handleRequest(null, Object(Config\Cache), false)
10 FCPATH\index.php(79): CodeIgniter\CodeIgniter->run()
WARNING - 2024-12-14 17:55:03 --> [DEPRECATED] Return type of MongoDB\Model\BSONArray::bsonUnserialize(array $data) should either be compatible with MongoDB\BSON\Unserializable::bsonUnserialize(array $data): void, or the #[\ReturnTypeWillChange] attribute should be used to temporarily suppress the notice in VENDORPATH\mongodb\mongodb\src\Model\BSONArray.php on line 85.
 1 SYSTEMPATH\Autoloader\Autoloader.php(306): include_once('C:\\xampp\\htdocs\\e-ticaret\\vendor\\mongodb\\mongodb\\src\\Model\\BSONArray.php')
 2 SYSTEMPATH\Autoloader\Autoloader.php(250): CodeIgniter\Autoloader\Autoloader->includeFile('C:\\xampp\\htdocs\\e-ticaret\\vendor\\composer/../mongodb/mongodb/src/Model/BSONArray.php')
 3 [internal function]: CodeIgniter\Autoloader\Autoloader->loadClassmap('MongoDB\\Model\\BSONArray')
 4 VENDORPATH\mongodb\mongodb\src\Operation\Find.php(344): MongoDB\Driver\Cursor->setTypeMap([...])
 5 VENDORPATH\mongodb\mongodb\src\Collection.php(666): MongoDB\Operation\Find->execute(Object(MongoDB\Driver\Server))
 6 APPPATH\Controllers\AdminPanel.php(29): MongoDB\Collection->find()
 7 SYSTEMPATH\CodeIgniter.php(919): App\Controllers\AdminPanel->mongoAdminPanel()
 8 SYSTEMPATH\CodeIgniter.php(494): CodeIgniter\CodeIgniter->runController(Object(App\Controllers\AdminPanel))
 9 SYSTEMPATH\CodeIgniter.php(353): CodeIgniter\CodeIgniter->handleRequest(null, Object(Config\Cache), false)
10 FCPATH\index.php(79): CodeIgniter\CodeIgniter->run()
WARNING - 2024-12-14 17:55:03 --> [DEPRECATED] Return type of MongoDB\Model\BSONDocument::bsonSerialize() should either be compatible with MongoDB\BSON\Serializable::bsonSerialize(): stdClass|MongoDB\BSON\Document|MongoDB\BSON\PackedArray|array, or the #[\ReturnTypeWillChange] attribute should be used to temporarily suppress the notice in VENDORPATH\mongodb\mongodb\src\Model\BSONDocument.php on line 84.
 1 SYSTEMPATH\Autoloader\Autoloader.php(306): include_once('C:\\xampp\\htdocs\\e-ticaret\\vendor\\mongodb\\mongodb\\src\\Model\\BSONDocument.php')
 2 SYSTEMPATH\Autoloader\Autoloader.php(250): CodeIgniter\Autoloader\Autoloader->includeFile('C:\\xampp\\htdocs\\e-ticaret\\vendor\\composer/../mongodb/mongodb/src/Model/BSONDocument.php')
 3 [internal function]: CodeIgniter\Autoloader\Autoloader->loadClassmap('MongoDB\\Model\\BSONDocument')
 4 VENDORPATH\mongodb\mongodb\src\Operation\Find.php(344): MongoDB\Driver\Cursor->setTypeMap([...])
 5 VENDORPATH\mongodb\mongodb\src\Collection.php(666): MongoDB\Operation\Find->execute(Object(MongoDB\Driver\Server))
 6 APPPATH\Controllers\AdminPanel.php(29): MongoDB\Collection->find()
 7 SYSTEMPATH\CodeIgniter.php(919): App\Controllers\AdminPanel->mongoAdminPanel()
 8 SYSTEMPATH\CodeIgniter.php(494): CodeIgniter\CodeIgniter->runController(Object(App\Controllers\AdminPanel))
 9 SYSTEMPATH\CodeIgniter.php(353): CodeIgniter\CodeIgniter->handleRequest(null, Object(Config\Cache), false)
10 FCPATH\index.php(79): CodeIgniter\CodeIgniter->run()
WARNING - 2024-12-14 17:55:03 --> [DEPRECATED] Return type of MongoDB\Model\BSONDocument::bsonUnserialize(array $data) should either be compatible with MongoDB\BSON\Unserializable::bsonUnserialize(array $data): void, or the #[\ReturnTypeWillChange] attribute should be used to temporarily suppress the notice in VENDORPATH\mongodb\mongodb\src\Model\BSONDocument.php on line 95.
 1 SYSTEMPATH\Autoloader\Autoloader.php(306): include_once('C:\\xampp\\htdocs\\e-ticaret\\vendor\\mongodb\\mongodb\\src\\Model\\BSONDocument.php')
 2 SYSTEMPATH\Autoloader\Autoloader.php(250): CodeIgniter\Autoloader\Autoloader->includeFile('C:\\xampp\\htdocs\\e-ticaret\\vendor\\composer/../mongodb/mongodb/src/Model/BSONDocument.php')
 3 [internal function]: CodeIgniter\Autoloader\Autoloader->loadClassmap('MongoDB\\Model\\BSONDocument')
 4 VENDORPATH\mongodb\mongodb\src\Operation\Find.php(344): MongoDB\Driver\Cursor->setTypeMap([...])
 5 VENDORPATH\mongodb\mongodb\src\Collection.php(666): MongoDB\Operation\Find->execute(Object(MongoDB\Driver\Server))
 6 APPPATH\Controllers\AdminPanel.php(29): MongoDB\Collection->find()
 7 SYSTEMPATH\CodeIgniter.php(919): App\Controllers\AdminPanel->mongoAdminPanel()
 8 SYSTEMPATH\CodeIgniter.php(494): CodeIgniter\CodeIgniter->runController(Object(App\Controllers\AdminPanel))
 9 SYSTEMPATH\CodeIgniter.php(353): CodeIgniter\CodeIgniter->handleRequest(null, Object(Config\Cache), false)
10 FCPATH\index.php(79): CodeIgniter\CodeIgniter->run()
WARNING - 2024-12-14 17:57:05 --> [DEPRECATED] Return type of MongoDB\Model\BSONArray::bsonSerialize() should either be compatible with MongoDB\BSON\Serializable::bsonSerialize(): stdClass|MongoDB\BSON\Document|MongoDB\BSON\PackedArray|array, or the #[\ReturnTypeWillChange] attribute should be used to temporarily suppress the notice in VENDORPATH\mongodb\mongodb\src\Model\BSONArray.php on line 74.
 1 SYSTEMPATH\Autoloader\Autoloader.php(306): include_once('C:\\xampp\\htdocs\\e-ticaret\\vendor\\mongodb\\mongodb\\src\\Model\\BSONArray.php')
 2 SYSTEMPATH\Autoloader\Autoloader.php(250): CodeIgniter\Autoloader\Autoloader->includeFile('C:\\xampp\\htdocs\\e-ticaret\\vendor\\composer/../mongodb/mongodb/src/Model/BSONArray.php')
 3 [internal function]: CodeIgniter\Autoloader\Autoloader->loadClassmap('MongoDB\\Model\\BSONArray')
 4 VENDORPATH\mongodb\mongodb\src\Operation\Find.php(344): MongoDB\Driver\Cursor->setTypeMap([...])
 5 VENDORPATH\mongodb\mongodb\src\Collection.php(666): MongoDB\Operation\Find->execute(Object(MongoDB\Driver\Server))
 6 APPPATH\Controllers\AdminPanel.php(29): MongoDB\Collection->find()
 7 SYSTEMPATH\CodeIgniter.php(919): App\Controllers\AdminPanel->mongoAdminPanel()
 8 SYSTEMPATH\CodeIgniter.php(494): CodeIgniter\CodeIgniter->runController(Object(App\Controllers\AdminPanel))
 9 SYSTEMPATH\CodeIgniter.php(353): CodeIgniter\CodeIgniter->handleRequest(null, Object(Config\Cache), false)
10 FCPATH\index.php(79): CodeIgniter\CodeIgniter->run()
WARNING - 2024-12-14 17:57:05 --> [DEPRECATED] Return type of MongoDB\Model\BSONArray::bsonUnserialize(array $data) should either be compatible with MongoDB\BSON\Unserializable::bsonUnserialize(array $data): void, or the #[\ReturnTypeWillChange] attribute should be used to temporarily suppress the notice in VENDORPATH\mongodb\mongodb\src\Model\BSONArray.php on line 85.
 1 SYSTEMPATH\Autoloader\Autoloader.php(306): include_once('C:\\xampp\\htdocs\\e-ticaret\\vendor\\mongodb\\mongodb\\src\\Model\\BSONArray.php')
 2 SYSTEMPATH\Autoloader\Autoloader.php(250): CodeIgniter\Autoloader\Autoloader->includeFile('C:\\xampp\\htdocs\\e-ticaret\\vendor\\composer/../mongodb/mongodb/src/Model/BSONArray.php')
 3 [internal function]: CodeIgniter\Autoloader\Autoloader->loadClassmap('MongoDB\\Model\\BSONArray')
 4 VENDORPATH\mongodb\mongodb\src\Operation\Find.php(344): MongoDB\Driver\Cursor->setTypeMap([...])
 5 VENDORPATH\mongodb\mongodb\src\Collection.php(666): MongoDB\Operation\Find->execute(Object(MongoDB\Driver\Server))
 6 APPPATH\Controllers\AdminPanel.php(29): MongoDB\Collection->find()
 7 SYSTEMPATH\CodeIgniter.php(919): App\Controllers\AdminPanel->mongoAdminPanel()
 8 SYSTEMPATH\CodeIgniter.php(494): CodeIgniter\CodeIgniter->runController(Object(App\Controllers\AdminPanel))
 9 SYSTEMPATH\CodeIgniter.php(353): CodeIgniter\CodeIgniter->handleRequest(null, Object(Config\Cache), false)
10 FCPATH\index.php(79): CodeIgniter\CodeIgniter->run()
WARNING - 2024-12-14 17:57:05 --> [DEPRECATED] Return type of MongoDB\Model\BSONDocument::bsonSerialize() should either be compatible with MongoDB\BSON\Serializable::bsonSerialize(): stdClass|MongoDB\BSON\Document|MongoDB\BSON\PackedArray|array, or the #[\ReturnTypeWillChange] attribute should be used to temporarily suppress the notice in VENDORPATH\mongodb\mongodb\src\Model\BSONDocument.php on line 84.
 1 SYSTEMPATH\Autoloader\Autoloader.php(306): include_once('C:\\xampp\\htdocs\\e-ticaret\\vendor\\mongodb\\mongodb\\src\\Model\\BSONDocument.php')
 2 SYSTEMPATH\Autoloader\Autoloader.php(250): CodeIgniter\Autoloader\Autoloader->includeFile('C:\\xampp\\htdocs\\e-ticaret\\vendor\\composer/../mongodb/mongodb/src/Model/BSONDocument.php')
 3 [internal function]: CodeIgniter\Autoloader\Autoloader->loadClassmap('MongoDB\\Model\\BSONDocument')
 4 VENDORPATH\mongodb\mongodb\src\Operation\Find.php(344): MongoDB\Driver\Cursor->setTypeMap([...])
 5 VENDORPATH\mongodb\mongodb\src\Collection.php(666): MongoDB\Operation\Find->execute(Object(MongoDB\Driver\Server))
 6 APPPATH\Controllers\AdminPanel.php(29): MongoDB\Collection->find()
 7 SYSTEMPATH\CodeIgniter.php(919): App\Controllers\AdminPanel->mongoAdminPanel()
 8 SYSTEMPATH\CodeIgniter.php(494): CodeIgniter\CodeIgniter->runController(Object(App\Controllers\AdminPanel))
 9 SYSTEMPATH\CodeIgniter.php(353): CodeIgniter\CodeIgniter->handleRequest(null, Object(Config\Cache), false)
10 FCPATH\index.php(79): CodeIgniter\CodeIgniter->run()
WARNING - 2024-12-14 17:57:05 --> [DEPRECATED] Return type of MongoDB\Model\BSONDocument::bsonUnserialize(array $data) should either be compatible with MongoDB\BSON\Unserializable::bsonUnserialize(array $data): void, or the #[\ReturnTypeWillChange] attribute should be used to temporarily suppress the notice in VENDORPATH\mongodb\mongodb\src\Model\BSONDocument.php on line 95.
 1 SYSTEMPATH\Autoloader\Autoloader.php(306): include_once('C:\\xampp\\htdocs\\e-ticaret\\vendor\\mongodb\\mongodb\\src\\Model\\BSONDocument.php')
 2 SYSTEMPATH\Autoloader\Autoloader.php(250): CodeIgniter\Autoloader\Autoloader->includeFile('C:\\xampp\\htdocs\\e-ticaret\\vendor\\composer/../mongodb/mongodb/src/Model/BSONDocument.php')
 3 [internal function]: CodeIgniter\Autoloader\Autoloader->loadClassmap('MongoDB\\Model\\BSONDocument')
 4 VENDORPATH\mongodb\mongodb\src\Operation\Find.php(344): MongoDB\Driver\Cursor->setTypeMap([...])
 5 VENDORPATH\mongodb\mongodb\src\Collection.php(666): MongoDB\Operation\Find->execute(Object(MongoDB\Driver\Server))
 6 APPPATH\Controllers\AdminPanel.php(29): MongoDB\Collection->find()
 7 SYSTEMPATH\CodeIgniter.php(919): App\Controllers\AdminPanel->mongoAdminPanel()
 8 SYSTEMPATH\CodeIgniter.php(494): CodeIgniter\CodeIgniter->runController(Object(App\Controllers\AdminPanel))
 9 SYSTEMPATH\CodeIgniter.php(353): CodeIgniter\CodeIgniter->handleRequest(null, Object(Config\Cache), false)
10 FCPATH\index.php(79): CodeIgniter\CodeIgniter->run()
WARNING - 2024-12-14 17:57:13 --> [DEPRECATED] Return type of MongoDB\Model\BSONArray::bsonSerialize() should either be compatible with MongoDB\BSON\Serializable::bsonSerialize(): stdClass|MongoDB\BSON\Document|MongoDB\BSON\PackedArray|array, or the #[\ReturnTypeWillChange] attribute should be used to temporarily suppress the notice in VENDORPATH\mongodb\mongodb\src\Model\BSONArray.php on line 74.
 1 SYSTEMPATH\Autoloader\Autoloader.php(306): include_once('C:\\xampp\\htdocs\\e-ticaret\\vendor\\mongodb\\mongodb\\src\\Model\\BSONArray.php')
 2 SYSTEMPATH\Autoloader\Autoloader.php(250): CodeIgniter\Autoloader\Autoloader->includeFile('C:\\xampp\\htdocs\\e-ticaret\\vendor\\composer/../mongodb/mongodb/src/Model/BSONArray.php')
 3 [internal function]: CodeIgniter\Autoloader\Autoloader->loadClassmap('MongoDB\\Model\\BSONArray')
 4 VENDORPATH\mongodb\mongodb\src\Operation\Find.php(344): MongoDB\Driver\Cursor->setTypeMap([...])
 5 VENDORPATH\mongodb\mongodb\src\Collection.php(666): MongoDB\Operation\Find->execute(Object(MongoDB\Driver\Server))
 6 APPPATH\Controllers\AdminPanel.php(29): MongoDB\Collection->find()
 7 SYSTEMPATH\CodeIgniter.php(919): App\Controllers\AdminPanel->mongoAdminPanel()
 8 SYSTEMPATH\CodeIgniter.php(494): CodeIgniter\CodeIgniter->runController(Object(App\Controllers\AdminPanel))
 9 SYSTEMPATH\CodeIgniter.php(353): CodeIgniter\CodeIgniter->handleRequest(null, Object(Config\Cache), false)
10 FCPATH\index.php(79): CodeIgniter\CodeIgniter->run()
WARNING - 2024-12-14 17:57:13 --> [DEPRECATED] Return type of MongoDB\Model\BSONArray::bsonUnserialize(array $data) should either be compatible with MongoDB\BSON\Unserializable::bsonUnserialize(array $data): void, or the #[\ReturnTypeWillChange] attribute should be used to temporarily suppress the notice in VENDORPATH\mongodb\mongodb\src\Model\BSONArray.php on line 85.
 1 SYSTEMPATH\Autoloader\Autoloader.php(306): include_once('C:\\xampp\\htdocs\\e-ticaret\\vendor\\mongodb\\mongodb\\src\\Model\\BSONArray.php')
 2 SYSTEMPATH\Autoloader\Autoloader.php(250): CodeIgniter\Autoloader\Autoloader->includeFile('C:\\xampp\\htdocs\\e-ticaret\\vendor\\composer/../mongodb/mongodb/src/Model/BSONArray.php')
 3 [internal function]: CodeIgniter\Autoloader\Autoloader->loadClassmap('MongoDB\\Model\\BSONArray')
 4 VENDORPATH\mongodb\mongodb\src\Operation\Find.php(344): MongoDB\Driver\Cursor->setTypeMap([...])
 5 VENDORPATH\mongodb\mongodb\src\Collection.php(666): MongoDB\Operation\Find->execute(Object(MongoDB\Driver\Server))
 6 APPPATH\Controllers\AdminPanel.php(29): MongoDB\Collection->find()
 7 SYSTEMPATH\CodeIgniter.php(919): App\Controllers\AdminPanel->mongoAdminPanel()
 8 SYSTEMPATH\CodeIgniter.php(494): CodeIgniter\CodeIgniter->runController(Object(App\Controllers\AdminPanel))
 9 SYSTEMPATH\CodeIgniter.php(353): CodeIgniter\CodeIgniter->handleRequest(null, Object(Config\Cache), false)
10 FCPATH\index.php(79): CodeIgniter\CodeIgniter->run()
WARNING - 2024-12-14 17:57:13 --> [DEPRECATED] Return type of MongoDB\Model\BSONDocument::bsonSerialize() should either be compatible with MongoDB\BSON\Serializable::bsonSerialize(): stdClass|MongoDB\BSON\Document|MongoDB\BSON\PackedArray|array, or the #[\ReturnTypeWillChange] attribute should be used to temporarily suppress the notice in VENDORPATH\mongodb\mongodb\src\Model\BSONDocument.php on line 84.
 1 SYSTEMPATH\Autoloader\Autoloader.php(306): include_once('C:\\xampp\\htdocs\\e-ticaret\\vendor\\mongodb\\mongodb\\src\\Model\\BSONDocument.php')
 2 SYSTEMPATH\Autoloader\Autoloader.php(250): CodeIgniter\Autoloader\Autoloader->includeFile('C:\\xampp\\htdocs\\e-ticaret\\vendor\\composer/../mongodb/mongodb/src/Model/BSONDocument.php')
 3 [internal function]: CodeIgniter\Autoloader\Autoloader->loadClassmap('MongoDB\\Model\\BSONDocument')
 4 VENDORPATH\mongodb\mongodb\src\Operation\Find.php(344): MongoDB\Driver\Cursor->setTypeMap([...])
 5 VENDORPATH\mongodb\mongodb\src\Collection.php(666): MongoDB\Operation\Find->execute(Object(MongoDB\Driver\Server))
 6 APPPATH\Controllers\AdminPanel.php(29): MongoDB\Collection->find()
 7 SYSTEMPATH\CodeIgniter.php(919): App\Controllers\AdminPanel->mongoAdminPanel()
 8 SYSTEMPATH\CodeIgniter.php(494): CodeIgniter\CodeIgniter->runController(Object(App\Controllers\AdminPanel))
 9 SYSTEMPATH\CodeIgniter.php(353): CodeIgniter\CodeIgniter->handleRequest(null, Object(Config\Cache), false)
10 FCPATH\index.php(79): CodeIgniter\CodeIgniter->run()
WARNING - 2024-12-14 17:57:13 --> [DEPRECATED] Return type of MongoDB\Model\BSONDocument::bsonUnserialize(array $data) should either be compatible with MongoDB\BSON\Unserializable::bsonUnserialize(array $data): void, or the #[\ReturnTypeWillChange] attribute should be used to temporarily suppress the notice in VENDORPATH\mongodb\mongodb\src\Model\BSONDocument.php on line 95.
 1 SYSTEMPATH\Autoloader\Autoloader.php(306): include_once('C:\\xampp\\htdocs\\e-ticaret\\vendor\\mongodb\\mongodb\\src\\Model\\BSONDocument.php')
 2 SYSTEMPATH\Autoloader\Autoloader.php(250): CodeIgniter\Autoloader\Autoloader->includeFile('C:\\xampp\\htdocs\\e-ticaret\\vendor\\composer/../mongodb/mongodb/src/Model/BSONDocument.php')
 3 [internal function]: CodeIgniter\Autoloader\Autoloader->loadClassmap('MongoDB\\Model\\BSONDocument')
 4 VENDORPATH\mongodb\mongodb\src\Operation\Find.php(344): MongoDB\Driver\Cursor->setTypeMap([...])
 5 VENDORPATH\mongodb\mongodb\src\Collection.php(666): MongoDB\Operation\Find->execute(Object(MongoDB\Driver\Server))
 6 APPPATH\Controllers\AdminPanel.php(29): MongoDB\Collection->find()
 7 SYSTEMPATH\CodeIgniter.php(919): App\Controllers\AdminPanel->mongoAdminPanel()
 8 SYSTEMPATH\CodeIgniter.php(494): CodeIgniter\CodeIgniter->runController(Object(App\Controllers\AdminPanel))
 9 SYSTEMPATH\CodeIgniter.php(353): CodeIgniter\CodeIgniter->handleRequest(null, Object(Config\Cache), false)
10 FCPATH\index.php(79): CodeIgniter\CodeIgniter->run()
WARNING - 2024-12-14 17:57:22 --> [DEPRECATED] Return type of MongoDB\Model\BSONArray::bsonSerialize() should either be compatible with MongoDB\BSON\Serializable::bsonSerialize(): stdClass|MongoDB\BSON\Document|MongoDB\BSON\PackedArray|array, or the #[\ReturnTypeWillChange] attribute should be used to temporarily suppress the notice in VENDORPATH\mongodb\mongodb\src\Model\BSONArray.php on line 74.
 1 SYSTEMPATH\Autoloader\Autoloader.php(306): include_once('C:\\xampp\\htdocs\\e-ticaret\\vendor\\mongodb\\mongodb\\src\\Model\\BSONArray.php')
 2 SYSTEMPATH\Autoloader\Autoloader.php(250): CodeIgniter\Autoloader\Autoloader->includeFile('C:\\xampp\\htdocs\\e-ticaret\\vendor\\composer/../mongodb/mongodb/src/Model/BSONArray.php')
 3 [internal function]: CodeIgniter\Autoloader\Autoloader->loadClassmap('MongoDB\\Model\\BSONArray')
 4 VENDORPATH\mongodb\mongodb\src\Operation\Find.php(344): MongoDB\Driver\Cursor->setTypeMap([...])
 5 VENDORPATH\mongodb\mongodb\src\Collection.php(666): MongoDB\Operation\Find->execute(Object(MongoDB\Driver\Server))
 6 APPPATH\Controllers\AdminPanel.php(29): MongoDB\Collection->find()
 7 SYSTEMPATH\CodeIgniter.php(919): App\Controllers\AdminPanel->mongoAdminPanel()
 8 SYSTEMPATH\CodeIgniter.php(494): CodeIgniter\CodeIgniter->runController(Object(App\Controllers\AdminPanel))
 9 SYSTEMPATH\CodeIgniter.php(353): CodeIgniter\CodeIgniter->handleRequest(null, Object(Config\Cache), false)
10 FCPATH\index.php(79): CodeIgniter\CodeIgniter->run()
WARNING - 2024-12-14 17:57:22 --> [DEPRECATED] Return type of MongoDB\Model\BSONArray::bsonUnserialize(array $data) should either be compatible with MongoDB\BSON\Unserializable::bsonUnserialize(array $data): void, or the #[\ReturnTypeWillChange] attribute should be used to temporarily suppress the notice in VENDORPATH\mongodb\mongodb\src\Model\BSONArray.php on line 85.
 1 SYSTEMPATH\Autoloader\Autoloader.php(306): include_once('C:\\xampp\\htdocs\\e-ticaret\\vendor\\mongodb\\mongodb\\src\\Model\\BSONArray.php')
 2 SYSTEMPATH\Autoloader\Autoloader.php(250): CodeIgniter\Autoloader\Autoloader->includeFile('C:\\xampp\\htdocs\\e-ticaret\\vendor\\composer/../mongodb/mongodb/src/Model/BSONArray.php')
 3 [internal function]: CodeIgniter\Autoloader\Autoloader->loadClassmap('MongoDB\\Model\\BSONArray')
 4 VENDORPATH\mongodb\mongodb\src\Operation\Find.php(344): MongoDB\Driver\Cursor->setTypeMap([...])
 5 VENDORPATH\mongodb\mongodb\src\Collection.php(666): MongoDB\Operation\Find->execute(Object(MongoDB\Driver\Server))
 6 APPPATH\Controllers\AdminPanel.php(29): MongoDB\Collection->find()
 7 SYSTEMPATH\CodeIgniter.php(919): App\Controllers\AdminPanel->mongoAdminPanel()
 8 SYSTEMPATH\CodeIgniter.php(494): CodeIgniter\CodeIgniter->runController(Object(App\Controllers\AdminPanel))
 9 SYSTEMPATH\CodeIgniter.php(353): CodeIgniter\CodeIgniter->handleRequest(null, Object(Config\Cache), false)
10 FCPATH\index.php(79): CodeIgniter\CodeIgniter->run()
WARNING - 2024-12-14 17:57:22 --> [DEPRECATED] Return type of MongoDB\Model\BSONDocument::bsonSerialize() should either be compatible with MongoDB\BSON\Serializable::bsonSerialize(): stdClass|MongoDB\BSON\Document|MongoDB\BSON\PackedArray|array, or the #[\ReturnTypeWillChange] attribute should be used to temporarily suppress the notice in VENDORPATH\mongodb\mongodb\src\Model\BSONDocument.php on line 84.
 1 SYSTEMPATH\Autoloader\Autoloader.php(306): include_once('C:\\xampp\\htdocs\\e-ticaret\\vendor\\mongodb\\mongodb\\src\\Model\\BSONDocument.php')
 2 SYSTEMPATH\Autoloader\Autoloader.php(250): CodeIgniter\Autoloader\Autoloader->includeFile('C:\\xampp\\htdocs\\e-ticaret\\vendor\\composer/../mongodb/mongodb/src/Model/BSONDocument.php')
 3 [internal function]: CodeIgniter\Autoloader\Autoloader->loadClassmap('MongoDB\\Model\\BSONDocument')
 4 VENDORPATH\mongodb\mongodb\src\Operation\Find.php(344): MongoDB\Driver\Cursor->setTypeMap([...])
 5 VENDORPATH\mongodb\mongodb\src\Collection.php(666): MongoDB\Operation\Find->execute(Object(MongoDB\Driver\Server))
 6 APPPATH\Controllers\AdminPanel.php(29): MongoDB\Collection->find()
 7 SYSTEMPATH\CodeIgniter.php(919): App\Controllers\AdminPanel->mongoAdminPanel()
 8 SYSTEMPATH\CodeIgniter.php(494): CodeIgniter\CodeIgniter->runController(Object(App\Controllers\AdminPanel))
 9 SYSTEMPATH\CodeIgniter.php(353): CodeIgniter\CodeIgniter->handleRequest(null, Object(Config\Cache), false)
10 FCPATH\index.php(79): CodeIgniter\CodeIgniter->run()
WARNING - 2024-12-14 17:57:22 --> [DEPRECATED] Return type of MongoDB\Model\BSONDocument::bsonUnserialize(array $data) should either be compatible with MongoDB\BSON\Unserializable::bsonUnserialize(array $data): void, or the #[\ReturnTypeWillChange] attribute should be used to temporarily suppress the notice in VENDORPATH\mongodb\mongodb\src\Model\BSONDocument.php on line 95.
 1 SYSTEMPATH\Autoloader\Autoloader.php(306): include_once('C:\\xampp\\htdocs\\e-ticaret\\vendor\\mongodb\\mongodb\\src\\Model\\BSONDocument.php')
 2 SYSTEMPATH\Autoloader\Autoloader.php(250): CodeIgniter\Autoloader\Autoloader->includeFile('C:\\xampp\\htdocs\\e-ticaret\\vendor\\composer/../mongodb/mongodb/src/Model/BSONDocument.php')
 3 [internal function]: CodeIgniter\Autoloader\Autoloader->loadClassmap('MongoDB\\Model\\BSONDocument')
 4 VENDORPATH\mongodb\mongodb\src\Operation\Find.php(344): MongoDB\Driver\Cursor->setTypeMap([...])
 5 VENDORPATH\mongodb\mongodb\src\Collection.php(666): MongoDB\Operation\Find->execute(Object(MongoDB\Driver\Server))
 6 APPPATH\Controllers\AdminPanel.php(29): MongoDB\Collection->find()
 7 SYSTEMPATH\CodeIgniter.php(919): App\Controllers\AdminPanel->mongoAdminPanel()
 8 SYSTEMPATH\CodeIgniter.php(494): CodeIgniter\CodeIgniter->runController(Object(App\Controllers\AdminPanel))
 9 SYSTEMPATH\CodeIgniter.php(353): CodeIgniter\CodeIgniter->handleRequest(null, Object(Config\Cache), false)
10 FCPATH\index.php(79): CodeIgniter\CodeIgniter->run()
WARNING - 2024-12-14 17:58:28 --> [DEPRECATED] Return type of MongoDB\Model\BSONArray::bsonSerialize() should either be compatible with MongoDB\BSON\Serializable::bsonSerialize(): stdClass|MongoDB\BSON\Document|MongoDB\BSON\PackedArray|array, or the #[\ReturnTypeWillChange] attribute should be used to temporarily suppress the notice in VENDORPATH\mongodb\mongodb\src\Model\BSONArray.php on line 74.
 1 SYSTEMPATH\Autoloader\Autoloader.php(306): include_once('C:\\xampp\\htdocs\\e-ticaret\\vendor\\mongodb\\mongodb\\src\\Model\\BSONArray.php')
 2 SYSTEMPATH\Autoloader\Autoloader.php(250): CodeIgniter\Autoloader\Autoloader->includeFile('C:\\xampp\\htdocs\\e-ticaret\\vendor\\composer/../mongodb/mongodb/src/Model/BSONArray.php')
 3 [internal function]: CodeIgniter\Autoloader\Autoloader->loadClassmap('MongoDB\\Model\\BSONArray')
 4 VENDORPATH\mongodb\mongodb\src\Operation\Find.php(344): MongoDB\Driver\Cursor->setTypeMap([...])
 5 VENDORPATH\mongodb\mongodb\src\Collection.php(666): MongoDB\Operation\Find->execute(Object(MongoDB\Driver\Server))
 6 APPPATH\Controllers\AdminPanel.php(29): MongoDB\Collection->find()
 7 SYSTEMPATH\CodeIgniter.php(919): App\Controllers\AdminPanel->mongoAdminPanel()
 8 SYSTEMPATH\CodeIgniter.php(494): CodeIgniter\CodeIgniter->runController(Object(App\Controllers\AdminPanel))
 9 SYSTEMPATH\CodeIgniter.php(353): CodeIgniter\CodeIgniter->handleRequest(null, Object(Config\Cache), false)
10 FCPATH\index.php(79): CodeIgniter\CodeIgniter->run()
WARNING - 2024-12-14 17:58:28 --> [DEPRECATED] Return type of MongoDB\Model\BSONArray::bsonUnserialize(array $data) should either be compatible with MongoDB\BSON\Unserializable::bsonUnserialize(array $data): void, or the #[\ReturnTypeWillChange] attribute should be used to temporarily suppress the notice in VENDORPATH\mongodb\mongodb\src\Model\BSONArray.php on line 85.
 1 SYSTEMPATH\Autoloader\Autoloader.php(306): include_once('C:\\xampp\\htdocs\\e-ticaret\\vendor\\mongodb\\mongodb\\src\\Model\\BSONArray.php')
 2 SYSTEMPATH\Autoloader\Autoloader.php(250): CodeIgniter\Autoloader\Autoloader->includeFile('C:\\xampp\\htdocs\\e-ticaret\\vendor\\composer/../mongodb/mongodb/src/Model/BSONArray.php')
 3 [internal function]: CodeIgniter\Autoloader\Autoloader->loadClassmap('MongoDB\\Model\\BSONArray')
 4 VENDORPATH\mongodb\mongodb\src\Operation\Find.php(344): MongoDB\Driver\Cursor->setTypeMap([...])
 5 VENDORPATH\mongodb\mongodb\src\Collection.php(666): MongoDB\Operation\Find->execute(Object(MongoDB\Driver\Server))
 6 APPPATH\Controllers\AdminPanel.php(29): MongoDB\Collection->find()
 7 SYSTEMPATH\CodeIgniter.php(919): App\Controllers\AdminPanel->mongoAdminPanel()
 8 SYSTEMPATH\CodeIgniter.php(494): CodeIgniter\CodeIgniter->runController(Object(App\Controllers\AdminPanel))
 9 SYSTEMPATH\CodeIgniter.php(353): CodeIgniter\CodeIgniter->handleRequest(null, Object(Config\Cache), false)
10 FCPATH\index.php(79): CodeIgniter\CodeIgniter->run()
WARNING - 2024-12-14 17:58:28 --> [DEPRECATED] Return type of MongoDB\Model\BSONDocument::bsonSerialize() should either be compatible with MongoDB\BSON\Serializable::bsonSerialize(): stdClass|MongoDB\BSON\Document|MongoDB\BSON\PackedArray|array, or the #[\ReturnTypeWillChange] attribute should be used to temporarily suppress the notice in VENDORPATH\mongodb\mongodb\src\Model\BSONDocument.php on line 84.
 1 SYSTEMPATH\Autoloader\Autoloader.php(306): include_once('C:\\xampp\\htdocs\\e-ticaret\\vendor\\mongodb\\mongodb\\src\\Model\\BSONDocument.php')
 2 SYSTEMPATH\Autoloader\Autoloader.php(250): CodeIgniter\Autoloader\Autoloader->includeFile('C:\\xampp\\htdocs\\e-ticaret\\vendor\\composer/../mongodb/mongodb/src/Model/BSONDocument.php')
 3 [internal function]: CodeIgniter\Autoloader\Autoloader->loadClassmap('MongoDB\\Model\\BSONDocument')
 4 VENDORPATH\mongodb\mongodb\src\Operation\Find.php(344): MongoDB\Driver\Cursor->setTypeMap([...])
 5 VENDORPATH\mongodb\mongodb\src\Collection.php(666): MongoDB\Operation\Find->execute(Object(MongoDB\Driver\Server))
 6 APPPATH\Controllers\AdminPanel.php(29): MongoDB\Collection->find()
 7 SYSTEMPATH\CodeIgniter.php(919): App\Controllers\AdminPanel->mongoAdminPanel()
 8 SYSTEMPATH\CodeIgniter.php(494): CodeIgniter\CodeIgniter->runController(Object(App\Controllers\AdminPanel))
 9 SYSTEMPATH\CodeIgniter.php(353): CodeIgniter\CodeIgniter->handleRequest(null, Object(Config\Cache), false)
10 FCPATH\index.php(79): CodeIgniter\CodeIgniter->run()
WARNING - 2024-12-14 17:58:28 --> [DEPRECATED] Return type of MongoDB\Model\BSONDocument::bsonUnserialize(array $data) should either be compatible with MongoDB\BSON\Unserializable::bsonUnserialize(array $data): void, or the #[\ReturnTypeWillChange] attribute should be used to temporarily suppress the notice in VENDORPATH\mongodb\mongodb\src\Model\BSONDocument.php on line 95.
 1 SYSTEMPATH\Autoloader\Autoloader.php(306): include_once('C:\\xampp\\htdocs\\e-ticaret\\vendor\\mongodb\\mongodb\\src\\Model\\BSONDocument.php')
 2 SYSTEMPATH\Autoloader\Autoloader.php(250): CodeIgniter\Autoloader\Autoloader->includeFile('C:\\xampp\\htdocs\\e-ticaret\\vendor\\composer/../mongodb/mongodb/src/Model/BSONDocument.php')
 3 [internal function]: CodeIgniter\Autoloader\Autoloader->loadClassmap('MongoDB\\Model\\BSONDocument')
 4 VENDORPATH\mongodb\mongodb\src\Operation\Find.php(344): MongoDB\Driver\Cursor->setTypeMap([...])
 5 VENDORPATH\mongodb\mongodb\src\Collection.php(666): MongoDB\Operation\Find->execute(Object(MongoDB\Driver\Server))
 6 APPPATH\Controllers\AdminPanel.php(29): MongoDB\Collection->find()
 7 SYSTEMPATH\CodeIgniter.php(919): App\Controllers\AdminPanel->mongoAdminPanel()
 8 SYSTEMPATH\CodeIgniter.php(494): CodeIgniter\CodeIgniter->runController(Object(App\Controllers\AdminPanel))
 9 SYSTEMPATH\CodeIgniter.php(353): CodeIgniter\CodeIgniter->handleRequest(null, Object(Config\Cache), false)
10 FCPATH\index.php(79): CodeIgniter\CodeIgniter->run()
WARNING - 2024-12-14 17:59:11 --> [DEPRECATED] Return type of MongoDB\Model\BSONArray::bsonSerialize() should either be compatible with MongoDB\BSON\Serializable::bsonSerialize(): stdClass|MongoDB\BSON\Document|MongoDB\BSON\PackedArray|array, or the #[\ReturnTypeWillChange] attribute should be used to temporarily suppress the notice in VENDORPATH\mongodb\mongodb\src\Model\BSONArray.php on line 74.
 1 SYSTEMPATH\Autoloader\Autoloader.php(306): include_once('C:\\xampp\\htdocs\\e-ticaret\\vendor\\mongodb\\mongodb\\src\\Model\\BSONArray.php')
 2 SYSTEMPATH\Autoloader\Autoloader.php(250): CodeIgniter\Autoloader\Autoloader->includeFile('C:\\xampp\\htdocs\\e-ticaret\\vendor\\composer/../mongodb/mongodb/src/Model/BSONArray.php')
 3 [internal function]: CodeIgniter\Autoloader\Autoloader->loadClassmap('MongoDB\\Model\\BSONArray')
 4 VENDORPATH\mongodb\mongodb\src\Operation\Find.php(344): MongoDB\Driver\Cursor->setTypeMap([...])
 5 VENDORPATH\mongodb\mongodb\src\Collection.php(666): MongoDB\Operation\Find->execute(Object(MongoDB\Driver\Server))
 6 APPPATH\Controllers\AdminPanel.php(29): MongoDB\Collection->find()
 7 SYSTEMPATH\CodeIgniter.php(919): App\Controllers\AdminPanel->mongoAdminPanel()
 8 SYSTEMPATH\CodeIgniter.php(494): CodeIgniter\CodeIgniter->runController(Object(App\Controllers\AdminPanel))
 9 SYSTEMPATH\CodeIgniter.php(353): CodeIgniter\CodeIgniter->handleRequest(null, Object(Config\Cache), false)
10 FCPATH\index.php(79): CodeIgniter\CodeIgniter->run()
WARNING - 2024-12-14 17:59:11 --> [DEPRECATED] Return type of MongoDB\Model\BSONArray::bsonUnserialize(array $data) should either be compatible with MongoDB\BSON\Unserializable::bsonUnserialize(array $data): void, or the #[\ReturnTypeWillChange] attribute should be used to temporarily suppress the notice in VENDORPATH\mongodb\mongodb\src\Model\BSONArray.php on line 85.
 1 SYSTEMPATH\Autoloader\Autoloader.php(306): include_once('C:\\xampp\\htdocs\\e-ticaret\\vendor\\mongodb\\mongodb\\src\\Model\\BSONArray.php')
 2 SYSTEMPATH\Autoloader\Autoloader.php(250): CodeIgniter\Autoloader\Autoloader->includeFile('C:\\xampp\\htdocs\\e-ticaret\\vendor\\composer/../mongodb/mongodb/src/Model/BSONArray.php')
 3 [internal function]: CodeIgniter\Autoloader\Autoloader->loadClassmap('MongoDB\\Model\\BSONArray')
 4 VENDORPATH\mongodb\mongodb\src\Operation\Find.php(344): MongoDB\Driver\Cursor->setTypeMap([...])
 5 VENDORPATH\mongodb\mongodb\src\Collection.php(666): MongoDB\Operation\Find->execute(Object(MongoDB\Driver\Server))
 6 APPPATH\Controllers\AdminPanel.php(29): MongoDB\Collection->find()
 7 SYSTEMPATH\CodeIgniter.php(919): App\Controllers\AdminPanel->mongoAdminPanel()
 8 SYSTEMPATH\CodeIgniter.php(494): CodeIgniter\CodeIgniter->runController(Object(App\Controllers\AdminPanel))
 9 SYSTEMPATH\CodeIgniter.php(353): CodeIgniter\CodeIgniter->handleRequest(null, Object(Config\Cache), false)
10 FCPATH\index.php(79): CodeIgniter\CodeIgniter->run()
WARNING - 2024-12-14 17:59:11 --> [DEPRECATED] Return type of MongoDB\Model\BSONDocument::bsonSerialize() should either be compatible with MongoDB\BSON\Serializable::bsonSerialize(): stdClass|MongoDB\BSON\Document|MongoDB\BSON\PackedArray|array, or the #[\ReturnTypeWillChange] attribute should be used to temporarily suppress the notice in VENDORPATH\mongodb\mongodb\src\Model\BSONDocument.php on line 84.
 1 SYSTEMPATH\Autoloader\Autoloader.php(306): include_once('C:\\xampp\\htdocs\\e-ticaret\\vendor\\mongodb\\mongodb\\src\\Model\\BSONDocument.php')
 2 SYSTEMPATH\Autoloader\Autoloader.php(250): CodeIgniter\Autoloader\Autoloader->includeFile('C:\\xampp\\htdocs\\e-ticaret\\vendor\\composer/../mongodb/mongodb/src/Model/BSONDocument.php')
 3 [internal function]: CodeIgniter\Autoloader\Autoloader->loadClassmap('MongoDB\\Model\\BSONDocument')
 4 VENDORPATH\mongodb\mongodb\src\Operation\Find.php(344): MongoDB\Driver\Cursor->setTypeMap([...])
 5 VENDORPATH\mongodb\mongodb\src\Collection.php(666): MongoDB\Operation\Find->execute(Object(MongoDB\Driver\Server))
 6 APPPATH\Controllers\AdminPanel.php(29): MongoDB\Collection->find()
 7 SYSTEMPATH\CodeIgniter.php(919): App\Controllers\AdminPanel->mongoAdminPanel()
 8 SYSTEMPATH\CodeIgniter.php(494): CodeIgniter\CodeIgniter->runController(Object(App\Controllers\AdminPanel))
 9 SYSTEMPATH\CodeIgniter.php(353): CodeIgniter\CodeIgniter->handleRequest(null, Object(Config\Cache), false)
10 FCPATH\index.php(79): CodeIgniter\CodeIgniter->run()
WARNING - 2024-12-14 17:59:11 --> [DEPRECATED] Return type of MongoDB\Model\BSONDocument::bsonUnserialize(array $data) should either be compatible with MongoDB\BSON\Unserializable::bsonUnserialize(array $data): void, or the #[\ReturnTypeWillChange] attribute should be used to temporarily suppress the notice in VENDORPATH\mongodb\mongodb\src\Model\BSONDocument.php on line 95.
 1 SYSTEMPATH\Autoloader\Autoloader.php(306): include_once('C:\\xampp\\htdocs\\e-ticaret\\vendor\\mongodb\\mongodb\\src\\Model\\BSONDocument.php')
 2 SYSTEMPATH\Autoloader\Autoloader.php(250): CodeIgniter\Autoloader\Autoloader->includeFile('C:\\xampp\\htdocs\\e-ticaret\\vendor\\composer/../mongodb/mongodb/src/Model/BSONDocument.php')
 3 [internal function]: CodeIgniter\Autoloader\Autoloader->loadClassmap('MongoDB\\Model\\BSONDocument')
 4 VENDORPATH\mongodb\mongodb\src\Operation\Find.php(344): MongoDB\Driver\Cursor->setTypeMap([...])
 5 VENDORPATH\mongodb\mongodb\src\Collection.php(666): MongoDB\Operation\Find->execute(Object(MongoDB\Driver\Server))
 6 APPPATH\Controllers\AdminPanel.php(29): MongoDB\Collection->find()
 7 SYSTEMPATH\CodeIgniter.php(919): App\Controllers\AdminPanel->mongoAdminPanel()
 8 SYSTEMPATH\CodeIgniter.php(494): CodeIgniter\CodeIgniter->runController(Object(App\Controllers\AdminPanel))
 9 SYSTEMPATH\CodeIgniter.php(353): CodeIgniter\CodeIgniter->handleRequest(null, Object(Config\Cache), false)
10 FCPATH\index.php(79): CodeIgniter\CodeIgniter->run()
WARNING - 2024-12-14 17:59:43 --> [DEPRECATED] MongoDB\Driver\ReadPreference::__construct(): Passing an integer mode to &quot;MongoDB\Driver\ReadPreference::__construct&quot; is deprecated and will be removed in a future release. in VENDORPATH\mongodb\mongodb\src\functions.php on line 484.
 1 VENDORPATH\mongodb\mongodb\src\functions.php(484): MongoDB\Driver\ReadPreference->__construct(1)
 2 VENDORPATH\mongodb\mongodb\src\Collection.php(932): MongoDB\select_server(Object(MongoDB\Driver\Manager), [...])
 3 APPPATH\Controllers\AdminPanel.php(62): MongoDB\Collection->insertOne([...])
 4 SYSTEMPATH\CodeIgniter.php(919): App\Controllers\AdminPanel->addProduct()
 5 SYSTEMPATH\CodeIgniter.php(494): CodeIgniter\CodeIgniter->runController(Object(App\Controllers\AdminPanel))
 6 SYSTEMPATH\CodeIgniter.php(353): CodeIgniter\CodeIgniter->handleRequest(null, Object(Config\Cache), false)
 7 FCPATH\index.php(79): CodeIgniter\CodeIgniter->run()
WARNING - 2024-12-14 17:59:47 --> [DEPRECATED] Return type of MongoDB\Model\BSONArray::bsonSerialize() should either be compatible with MongoDB\BSON\Serializable::bsonSerialize(): stdClass|MongoDB\BSON\Document|MongoDB\BSON\PackedArray|array, or the #[\ReturnTypeWillChange] attribute should be used to temporarily suppress the notice in VENDORPATH\mongodb\mongodb\src\Model\BSONArray.php on line 74.
 1 SYSTEMPATH\Autoloader\Autoloader.php(306): include_once('C:\\xampp\\htdocs\\e-ticaret\\vendor\\mongodb\\mongodb\\src\\Model\\BSONArray.php')
 2 SYSTEMPATH\Autoloader\Autoloader.php(250): CodeIgniter\Autoloader\Autoloader->includeFile('C:\\xampp\\htdocs\\e-ticaret\\vendor\\composer/../mongodb/mongodb/src/Model/BSONArray.php')
 3 [internal function]: CodeIgniter\Autoloader\Autoloader->loadClassmap('MongoDB\\Model\\BSONArray')
 4 VENDORPATH\mongodb\mongodb\src\Operation\Find.php(344): MongoDB\Driver\Cursor->setTypeMap([...])
 5 VENDORPATH\mongodb\mongodb\src\Collection.php(666): MongoDB\Operation\Find->execute(Object(MongoDB\Driver\Server))
 6 APPPATH\Controllers\AdminPanel.php(29): MongoDB\Collection->find()
 7 SYSTEMPATH\CodeIgniter.php(919): App\Controllers\AdminPanel->mongoAdminPanel()
 8 SYSTEMPATH\CodeIgniter.php(494): CodeIgniter\CodeIgniter->runController(Object(App\Controllers\AdminPanel))
 9 SYSTEMPATH\CodeIgniter.php(353): CodeIgniter\CodeIgniter->handleRequest(null, Object(Config\Cache), false)
10 FCPATH\index.php(79): CodeIgniter\CodeIgniter->run()
WARNING - 2024-12-14 17:59:47 --> [DEPRECATED] Return type of MongoDB\Model\BSONArray::bsonUnserialize(array $data) should either be compatible with MongoDB\BSON\Unserializable::bsonUnserialize(array $data): void, or the #[\ReturnTypeWillChange] attribute should be used to temporarily suppress the notice in VENDORPATH\mongodb\mongodb\src\Model\BSONArray.php on line 85.
 1 SYSTEMPATH\Autoloader\Autoloader.php(306): include_once('C:\\xampp\\htdocs\\e-ticaret\\vendor\\mongodb\\mongodb\\src\\Model\\BSONArray.php')
 2 SYSTEMPATH\Autoloader\Autoloader.php(250): CodeIgniter\Autoloader\Autoloader->includeFile('C:\\xampp\\htdocs\\e-ticaret\\vendor\\composer/../mongodb/mongodb/src/Model/BSONArray.php')
 3 [internal function]: CodeIgniter\Autoloader\Autoloader->loadClassmap('MongoDB\\Model\\BSONArray')
 4 VENDORPATH\mongodb\mongodb\src\Operation\Find.php(344): MongoDB\Driver\Cursor->setTypeMap([...])
 5 VENDORPATH\mongodb\mongodb\src\Collection.php(666): MongoDB\Operation\Find->execute(Object(MongoDB\Driver\Server))
 6 APPPATH\Controllers\AdminPanel.php(29): MongoDB\Collection->find()
 7 SYSTEMPATH\CodeIgniter.php(919): App\Controllers\AdminPanel->mongoAdminPanel()
 8 SYSTEMPATH\CodeIgniter.php(494): CodeIgniter\CodeIgniter->runController(Object(App\Controllers\AdminPanel))
 9 SYSTEMPATH\CodeIgniter.php(353): CodeIgniter\CodeIgniter->handleRequest(null, Object(Config\Cache), false)
10 FCPATH\index.php(79): CodeIgniter\CodeIgniter->run()
WARNING - 2024-12-14 17:59:47 --> [DEPRECATED] Return type of MongoDB\Model\BSONDocument::bsonSerialize() should either be compatible with MongoDB\BSON\Serializable::bsonSerialize(): stdClass|MongoDB\BSON\Document|MongoDB\BSON\PackedArray|array, or the #[\ReturnTypeWillChange] attribute should be used to temporarily suppress the notice in VENDORPATH\mongodb\mongodb\src\Model\BSONDocument.php on line 84.
 1 SYSTEMPATH\Autoloader\Autoloader.php(306): include_once('C:\\xampp\\htdocs\\e-ticaret\\vendor\\mongodb\\mongodb\\src\\Model\\BSONDocument.php')
 2 SYSTEMPATH\Autoloader\Autoloader.php(250): CodeIgniter\Autoloader\Autoloader->includeFile('C:\\xampp\\htdocs\\e-ticaret\\vendor\\composer/../mongodb/mongodb/src/Model/BSONDocument.php')
 3 [internal function]: CodeIgniter\Autoloader\Autoloader->loadClassmap('MongoDB\\Model\\BSONDocument')
 4 VENDORPATH\mongodb\mongodb\src\Operation\Find.php(344): MongoDB\Driver\Cursor->setTypeMap([...])
 5 VENDORPATH\mongodb\mongodb\src\Collection.php(666): MongoDB\Operation\Find->execute(Object(MongoDB\Driver\Server))
 6 APPPATH\Controllers\AdminPanel.php(29): MongoDB\Collection->find()
 7 SYSTEMPATH\CodeIgniter.php(919): App\Controllers\AdminPanel->mongoAdminPanel()
 8 SYSTEMPATH\CodeIgniter.php(494): CodeIgniter\CodeIgniter->runController(Object(App\Controllers\AdminPanel))
 9 SYSTEMPATH\CodeIgniter.php(353): CodeIgniter\CodeIgniter->handleRequest(null, Object(Config\Cache), false)
10 FCPATH\index.php(79): CodeIgniter\CodeIgniter->run()
WARNING - 2024-12-14 17:59:47 --> [DEPRECATED] Return type of MongoDB\Model\BSONDocument::bsonUnserialize(array $data) should either be compatible with MongoDB\BSON\Unserializable::bsonUnserialize(array $data): void, or the #[\ReturnTypeWillChange] attribute should be used to temporarily suppress the notice in VENDORPATH\mongodb\mongodb\src\Model\BSONDocument.php on line 95.
 1 SYSTEMPATH\Autoloader\Autoloader.php(306): include_once('C:\\xampp\\htdocs\\e-ticaret\\vendor\\mongodb\\mongodb\\src\\Model\\BSONDocument.php')
 2 SYSTEMPATH\Autoloader\Autoloader.php(250): CodeIgniter\Autoloader\Autoloader->includeFile('C:\\xampp\\htdocs\\e-ticaret\\vendor\\composer/../mongodb/mongodb/src/Model/BSONDocument.php')
 3 [internal function]: CodeIgniter\Autoloader\Autoloader->loadClassmap('MongoDB\\Model\\BSONDocument')
 4 VENDORPATH\mongodb\mongodb\src\Operation\Find.php(344): MongoDB\Driver\Cursor->setTypeMap([...])
 5 VENDORPATH\mongodb\mongodb\src\Collection.php(666): MongoDB\Operation\Find->execute(Object(MongoDB\Driver\Server))
 6 APPPATH\Controllers\AdminPanel.php(29): MongoDB\Collection->find()
 7 SYSTEMPATH\CodeIgniter.php(919): App\Controllers\AdminPanel->mongoAdminPanel()
 8 SYSTEMPATH\CodeIgniter.php(494): CodeIgniter\CodeIgniter->runController(Object(App\Controllers\AdminPanel))
 9 SYSTEMPATH\CodeIgniter.php(353): CodeIgniter\CodeIgniter->handleRequest(null, Object(Config\Cache), false)
10 FCPATH\index.php(79): CodeIgniter\CodeIgniter->run()
