INFO - 2024-12-05 01:49:33 --> Session: Class initialized using 'CodeIgniter\Session\Handlers\FileHandler' driver.
INFO - 2024-12-05 01:49:39 --> Session: Class initialized using 'CodeIgniter\Session\Handlers\FileHandler' driver.
INFO - 2024-12-05 01:49:59 --> Session: Class initialized using 'CodeIgniter\Session\Handlers\FileHandler' driver.
INFO - 2024-12-05 01:50:00 --> Session: Class initialized using 'CodeIgniter\Session\Handlers\FileHandler' driver.
INFO - 2024-12-05 01:50:04 --> Session: Class initialized using 'CodeIgniter\Session\Handlers\FileHandler' driver.
INFO - 2024-12-05 01:50:04 --> Session: Class initialized using 'CodeIgniter\Session\Handlers\FileHandler' driver.
INFO - 2024-12-05 01:50:08 --> Session: Class initialized using 'CodeIgniter\Session\Handlers\FileHandler' driver.
INFO - 2024-12-05 01:50:08 --> Session: Class initialized using 'CodeIgniter\Session\Handlers\FileHandler' driver.
INFO - 2024-12-05 01:50:15 --> Session: Class initialized using 'CodeIgniter\Session\Handlers\FileHandler' driver.
INFO - 2024-12-05 01:50:32 --> Session: Class initialized using 'CodeIgniter\Session\Handlers\FileHandler' driver.
INFO - 2024-12-05 21:35:04 --> Session: Class initialized using 'CodeIgniter\Session\Handlers\FileHandler' driver.
INFO - 2024-12-05 21:35:25 --> Session: Class initialized using 'CodeIgniter\Session\Handlers\FileHandler' driver.
INFO - 2024-12-05 21:35:25 --> Session: Class initialized using 'CodeIgniter\Session\Handlers\FileHandler' driver.
INFO - 2024-12-05 21:35:30 --> Session: Class initialized using 'CodeIgniter\Session\Handlers\FileHandler' driver.
INFO - 2024-12-05 21:35:31 --> Session: Class initialized using 'CodeIgniter\Session\Handlers\FileHandler' driver.
INFO - 2024-12-05 21:35:33 --> Session: Class initialized using 'CodeIgniter\Session\Handlers\FileHandler' driver.
INFO - 2024-12-05 21:35:33 --> Session: Class initialized using 'CodeIgniter\Session\Handlers\FileHandler' driver.
INFO - 2024-12-05 21:35:42 --> Session: Class initialized using 'CodeIgniter\Session\Handlers\FileHandler' driver.
INFO - 2024-12-05 21:35:46 --> Session: Class initialized using 'CodeIgniter\Session\Handlers\FileHandler' driver.
INFO - 2024-12-05 21:35:46 --> Session: Class initialized using 'CodeIgniter\Session\Handlers\FileHandler' driver.
INFO - 2024-12-05 21:35:54 --> Session: Class initialized using 'CodeIgniter\Session\Handlers\FileHandler' driver.
INFO - 2024-12-05 21:36:52 --> Session: Class initialized using 'CodeIgniter\Session\Handlers\FileHandler' driver.
INFO - 2024-12-05 21:37:06 --> Session: Class initialized using 'CodeIgniter\Session\Handlers\FileHandler' driver.
INFO - 2024-12-05 21:37:53 --> Session: Class initialized using 'CodeIgniter\Session\Handlers\FileHandler' driver.
INFO - 2024-12-05 21:37:53 --> Session: Class initialized using 'CodeIgniter\Session\Handlers\FileHandler' driver.
INFO - 2024-12-05 21:37:58 --> Session: Class initialized using 'CodeIgniter\Session\Handlers\FileHandler' driver.
INFO - 2024-12-05 21:37:58 --> Session: Class initialized using 'CodeIgniter\Session\Handlers\FileHandler' driver.
INFO - 2024-12-05 21:44:47 --> Session: Class initialized using 'CodeIgniter\Session\Handlers\FileHandler' driver.
INFO - 2024-12-05 21:44:52 --> Session: Class initialized using 'CodeIgniter\Session\Handlers\FileHandler' driver.
INFO - 2024-12-05 21:45:09 --> Session: Class initialized using 'CodeIgniter\Session\Handlers\FileHandler' driver.
INFO - 2024-12-05 21:47:31 --> Session: Class initialized using 'CodeIgniter\Session\Handlers\FileHandler' driver.
INFO - 2024-12-05 21:47:31 --> Session: Class initialized using 'CodeIgniter\Session\Handlers\FileHandler' driver.
INFO - 2024-12-05 21:47:34 --> Session: Class initialized using 'CodeIgniter\Session\Handlers\FileHandler' driver.
INFO - 2024-12-05 21:47:34 --> Session: Class initialized using 'CodeIgniter\Session\Handlers\FileHandler' driver.
INFO - 2024-12-05 21:47:36 --> Session: Class initialized using 'CodeIgniter\Session\Handlers\FileHandler' driver.
INFO - 2024-12-05 21:47:44 --> Session: Class initialized using 'CodeIgniter\Session\Handlers\FileHandler' driver.
INFO - 2024-12-05 21:47:44 --> Session: Class initialized using 'CodeIgniter\Session\Handlers\FileHandler' driver.
INFO - 2024-12-05 21:47:47 --> Session: Class initialized using 'CodeIgniter\Session\Handlers\FileHandler' driver.
INFO - 2024-12-05 21:47:47 --> Session: Class initialized using 'CodeIgniter\Session\Handlers\FileHandler' driver.
INFO - 2024-12-05 21:47:48 --> Session: Class initialized using 'CodeIgniter\Session\Handlers\FileHandler' driver.
INFO - 2024-12-05 21:47:58 --> Session: Class initialized using 'CodeIgniter\Session\Handlers\FileHandler' driver.
INFO - 2024-12-05 21:47:58 --> Session: Class initialized using 'CodeIgniter\Session\Handlers\FileHandler' driver.
INFO - 2024-12-05 21:48:00 --> Session: Class initialized using 'CodeIgniter\Session\Handlers\FileHandler' driver.
INFO - 2024-12-05 21:48:07 --> Session: Class initialized using 'CodeIgniter\Session\Handlers\FileHandler' driver.
INFO - 2024-12-05 21:48:07 --> Session: Class initialized using 'CodeIgniter\Session\Handlers\FileHandler' driver.
INFO - 2024-12-05 21:48:16 --> Session: Class initialized using 'CodeIgniter\Session\Handlers\FileHandler' driver.
INFO - 2024-12-05 21:48:16 --> Session: Class initialized using 'CodeIgniter\Session\Handlers\FileHandler' driver.
INFO - 2024-12-05 21:48:25 --> Session: Class initialized using 'CodeIgniter\Session\Handlers\FileHandler' driver.
INFO - 2024-12-05 21:48:25 --> Session: Class initialized using 'CodeIgniter\Session\Handlers\FileHandler' driver.
INFO - 2024-12-05 21:48:30 --> Session: Class initialized using 'CodeIgniter\Session\Handlers\FileHandler' driver.
INFO - 2024-12-05 21:49:51 --> Session: Class initialized using 'CodeIgniter\Session\Handlers\FileHandler' driver.
INFO - 2024-12-05 22:33:04 --> Session: Class initialized using 'CodeIgniter\Session\Handlers\FileHandler' driver.
CRITICAL - 2024-12-05 22:42:46 --> ecommerce is not a valid database connection group.
in SYSTEMPATH\Database\Config.php on line 69.
 1 APPPATH\Models\MysqlAdminModel.php(12): CodeIgniter\Database\Config::connect('ecommerce')
 2 APPPATH\Controllers\MysqlAdminController.php(13): App\Models\MysqlAdminModel->__construct()
 3 SYSTEMPATH\CodeIgniter.php(891): App\Controllers\MysqlAdminController->__construct()
 4 SYSTEMPATH\CodeIgniter.php(485): CodeIgniter\CodeIgniter->createController()
 5 SYSTEMPATH\CodeIgniter.php(353): CodeIgniter\CodeIgniter->handleRequest(null, Object(Config\Cache), false)
 6 FCPATH\index.php(79): CodeIgniter\CodeIgniter->run()
CRITICAL - 2024-12-05 22:49:22 --> ecommerce is not a valid database connection group.
in SYSTEMPATH\Database\Config.php on line 69.
 1 APPPATH\Models\MysqlAdminModel.php(12): CodeIgniter\Database\Config::connect('ecommerce')
 2 APPPATH\Controllers\MysqlAdminController.php(13): App\Models\MysqlAdminModel->__construct()
 3 SYSTEMPATH\CodeIgniter.php(891): App\Controllers\MysqlAdminController->__construct()
 4 SYSTEMPATH\CodeIgniter.php(485): CodeIgniter\CodeIgniter->createController()
 5 SYSTEMPATH\CodeIgniter.php(353): CodeIgniter\CodeIgniter->handleRequest(null, Object(Config\Cache), false)
 6 FCPATH\index.php(79): CodeIgniter\CodeIgniter->run()
CRITICAL - 2024-12-05 22:57:01 --> Invalid file: "auth/login_register.php"
in SYSTEMPATH\Exceptions\FrameworkException.php on line 39.
 1 SYSTEMPATH\View\View.php(214): CodeIgniter\Exceptions\FrameworkException::forInvalidFile('auth/login_register.php')
 2 SYSTEMPATH\Common.php(1188): CodeIgniter\View\View->render('auth/login_register', [], true)
 3 APPPATH\Controllers\AuthController.php(38): view('auth/login_register')
 4 SYSTEMPATH\CodeIgniter.php(919): App\Controllers\AuthController->login()
 5 SYSTEMPATH\CodeIgniter.php(494): CodeIgniter\CodeIgniter->runController(Object(App\Controllers\AuthController))
 6 SYSTEMPATH\CodeIgniter.php(353): CodeIgniter\CodeIgniter->handleRequest(null, Object(Config\Cache), false)
 7 FCPATH\index.php(79): CodeIgniter\CodeIgniter->run()
INFO - 2024-12-05 22:57:38 --> Session: Class initialized using 'CodeIgniter\Session\Handlers\FileHandler' driver.
INFO - 2024-12-05 22:58:20 --> Session: Class initialized using 'CodeIgniter\Session\Handlers\FileHandler' driver.
INFO - 2024-12-05 22:58:23 --> Session: Class initialized using 'CodeIgniter\Session\Handlers\FileHandler' driver.
INFO - 2024-12-05 22:58:26 --> Session: Class initialized using 'CodeIgniter\Session\Handlers\FileHandler' driver.
INFO - 2024-12-05 22:58:35 --> Session: Class initialized using 'CodeIgniter\Session\Handlers\FileHandler' driver.
INFO - 2024-12-05 22:59:21 --> Session: Class initialized using 'CodeIgniter\Session\Handlers\FileHandler' driver.
INFO - 2024-12-05 23:00:05 --> Session: Class initialized using 'CodeIgniter\Session\Handlers\FileHandler' driver.
INFO - 2024-12-05 23:00:43 --> Session: Class initialized using 'CodeIgniter\Session\Handlers\FileHandler' driver.
INFO - 2024-12-05 23:01:25 --> Session: Class initialized using 'CodeIgniter\Session\Handlers\FileHandler' driver.
INFO - 2024-12-05 23:04:48 --> Session: Class initialized using 'CodeIgniter\Session\Handlers\FileHandler' driver.
INFO - 2024-12-05 23:05:41 --> Session: Class initialized using 'CodeIgniter\Session\Handlers\FileHandler' driver.
INFO - 2024-12-05 23:07:37 --> Session: Class initialized using 'CodeIgniter\Session\Handlers\FileHandler' driver.
INFO - 2024-12-05 23:08:04 --> Session: Class initialized using 'CodeIgniter\Session\Handlers\FileHandler' driver.
INFO - 2024-12-05 23:08:16 --> Session: Class initialized using 'CodeIgniter\Session\Handlers\FileHandler' driver.
INFO - 2024-12-05 23:11:35 --> Session: Class initialized using 'CodeIgniter\Session\Handlers\FileHandler' driver.
INFO - 2024-12-05 23:11:53 --> Session: Class initialized using 'CodeIgniter\Session\Handlers\FileHandler' driver.
INFO - 2024-12-05 23:12:05 --> Session: Class initialized using 'CodeIgniter\Session\Handlers\FileHandler' driver.
INFO - 2024-12-05 23:12:19 --> Session: Class initialized using 'CodeIgniter\Session\Handlers\FileHandler' driver.
INFO - 2024-12-05 23:12:24 --> Session: Class initialized using 'CodeIgniter\Session\Handlers\FileHandler' driver.
INFO - 2024-12-05 23:12:24 --> Session: Class initialized using 'CodeIgniter\Session\Handlers\FileHandler' driver.
INFO - 2024-12-05 23:12:41 --> Session: Class initialized using 'CodeIgniter\Session\Handlers\FileHandler' driver.
INFO - 2024-12-05 23:14:18 --> Session: Class initialized using 'CodeIgniter\Session\Handlers\FileHandler' driver.
ERROR - 2024-12-05 23:14:25 --> mysqli_sql_exception: Duplicate entry 'arteacadmin@gmail.com' for key 'email' in C:\xampp\htdocs\e-ticaret\system\Database\MySQLi\Connection.php:306
Stack trace:
#0 C:\xampp\htdocs\e-ticaret\system\Database\MySQLi\Connection.php(306): mysqli->query('INSERT INTO `us...', 0)
#1 C:\xampp\htdocs\e-ticaret\system\Database\BaseConnection.php(692): CodeIgniter\Database\MySQLi\Connection->execute('INSERT INTO `us...')
#2 C:\xampp\htdocs\e-ticaret\system\Database\BaseConnection.php(606): CodeIgniter\Database\BaseConnection->simpleQuery('INSERT INTO `us...')
#3 C:\xampp\htdocs\e-ticaret\system\Database\BaseBuilder.php(2308): CodeIgniter\Database\BaseConnection->query('INSERT INTO `us...', Array, false)
#4 C:\xampp\htdocs\e-ticaret\system\Model.php(319): CodeIgniter\Database\BaseBuilder->insert()
#5 C:\xampp\htdocs\e-ticaret\system\BaseModel.php(788): CodeIgniter\Model->doInsert(Array)
#6 C:\xampp\htdocs\e-ticaret\system\Model.php(715): CodeIgniter\BaseModel->insert(Array, false)
#7 C:\xampp\htdocs\e-ticaret\system\BaseModel.php(698): CodeIgniter\Model->insert(Array, false)
#8 C:\xampp\htdocs\e-ticaret\app\Models\AdminUserModel.php(23): CodeIgniter\BaseModel->save(Array)
#9 C:\xampp\htdocs\e-ticaret\app\Controllers\AuthController.php(76): App\Models\AdminUserModel->saveUser(Array)
#10 C:\xampp\htdocs\e-ticaret\system\CodeIgniter.php(919): App\Controllers\AuthController->register()
#11 C:\xampp\htdocs\e-ticaret\system\CodeIgniter.php(494): CodeIgniter\CodeIgniter->runController(Object(App\Controllers\AuthController))
#12 C:\xampp\htdocs\e-ticaret\system\CodeIgniter.php(353): CodeIgniter\CodeIgniter->handleRequest(NULL, Object(Config\Cache), false)
#13 C:\xampp\htdocs\e-ticaret\public\index.php(79): CodeIgniter\CodeIgniter->run()
#14 {main}
CRITICAL - 2024-12-05 23:14:25 --> Duplicate entry 'arteacadmin@gmail.com' for key 'email'
in SYSTEMPATH\Database\BaseConnection.php on line 646.
 1 SYSTEMPATH\Database\BaseBuilder.php(2308): CodeIgniter\Database\BaseConnection->query('INSERT INTO `user` (`username`, `email`, `password`, `created_at`, `updated_at`) VALUES (:username:, :email:, :password:, :created_at:, :updated_at:)', [...], false)
 2 SYSTEMPATH\Model.php(319): CodeIgniter\Database\BaseBuilder->insert()
 3 SYSTEMPATH\BaseModel.php(788): CodeIgniter\Model->doInsert([...])
 4 SYSTEMPATH\Model.php(715): CodeIgniter\BaseModel->insert([...], false)
 5 SYSTEMPATH\BaseModel.php(698): CodeIgniter\Model->insert([...], false)
 6 APPPATH\Models\AdminUserModel.php(23): CodeIgniter\BaseModel->save([...])
 7 APPPATH\Controllers\AuthController.php(76): App\Models\AdminUserModel->saveUser([...])
 8 SYSTEMPATH\CodeIgniter.php(919): App\Controllers\AuthController->register()
 9 SYSTEMPATH\CodeIgniter.php(494): CodeIgniter\CodeIgniter->runController(Object(App\Controllers\AuthController))
10 SYSTEMPATH\CodeIgniter.php(353): CodeIgniter\CodeIgniter->handleRequest(null, Object(Config\Cache), false)
11 FCPATH\index.php(79): CodeIgniter\CodeIgniter->run()
ERROR - 2024-12-05 23:16:06 --> mysqli_sql_exception: Duplicate entry 'arteacadmin@gmail.com' for key 'email' in C:\xampp\htdocs\e-ticaret\system\Database\MySQLi\Connection.php:306
Stack trace:
#0 C:\xampp\htdocs\e-ticaret\system\Database\MySQLi\Connection.php(306): mysqli->query('INSERT INTO `us...', 0)
#1 C:\xampp\htdocs\e-ticaret\system\Database\BaseConnection.php(692): CodeIgniter\Database\MySQLi\Connection->execute('INSERT INTO `us...')
#2 C:\xampp\htdocs\e-ticaret\system\Database\BaseConnection.php(606): CodeIgniter\Database\BaseConnection->simpleQuery('INSERT INTO `us...')
#3 C:\xampp\htdocs\e-ticaret\system\Database\BaseBuilder.php(2308): CodeIgniter\Database\BaseConnection->query('INSERT INTO `us...', Array, false)
#4 C:\xampp\htdocs\e-ticaret\system\Model.php(319): CodeIgniter\Database\BaseBuilder->insert()
#5 C:\xampp\htdocs\e-ticaret\system\BaseModel.php(788): CodeIgniter\Model->doInsert(Array)
#6 C:\xampp\htdocs\e-ticaret\system\Model.php(715): CodeIgniter\BaseModel->insert(Array, false)
#7 C:\xampp\htdocs\e-ticaret\system\BaseModel.php(698): CodeIgniter\Model->insert(Array, false)
#8 C:\xampp\htdocs\e-ticaret\app\Models\AdminUserModel.php(23): CodeIgniter\BaseModel->save(Array)
#9 C:\xampp\htdocs\e-ticaret\app\Controllers\AuthController.php(76): App\Models\AdminUserModel->saveUser(Array)
#10 C:\xampp\htdocs\e-ticaret\system\CodeIgniter.php(919): App\Controllers\AuthController->register()
#11 C:\xampp\htdocs\e-ticaret\system\CodeIgniter.php(494): CodeIgniter\CodeIgniter->runController(Object(App\Controllers\AuthController))
#12 C:\xampp\htdocs\e-ticaret\system\CodeIgniter.php(353): CodeIgniter\CodeIgniter->handleRequest(NULL, Object(Config\Cache), false)
#13 C:\xampp\htdocs\e-ticaret\public\index.php(79): CodeIgniter\CodeIgniter->run()
#14 {main}
CRITICAL - 2024-12-05 23:16:06 --> Duplicate entry 'arteacadmin@gmail.com' for key 'email'
in SYSTEMPATH\Database\BaseConnection.php on line 646.
 1 SYSTEMPATH\Database\BaseBuilder.php(2308): CodeIgniter\Database\BaseConnection->query('INSERT INTO `user` (`username`, `email`, `password`, `created_at`, `updated_at`) VALUES (:username:, :email:, :password:, :created_at:, :updated_at:)', [...], false)
 2 SYSTEMPATH\Model.php(319): CodeIgniter\Database\BaseBuilder->insert()
 3 SYSTEMPATH\BaseModel.php(788): CodeIgniter\Model->doInsert([...])
 4 SYSTEMPATH\Model.php(715): CodeIgniter\BaseModel->insert([...], false)
 5 SYSTEMPATH\BaseModel.php(698): CodeIgniter\Model->insert([...], false)
 6 APPPATH\Models\AdminUserModel.php(23): CodeIgniter\BaseModel->save([...])
 7 APPPATH\Controllers\AuthController.php(76): App\Models\AdminUserModel->saveUser([...])
 8 SYSTEMPATH\CodeIgniter.php(919): App\Controllers\AuthController->register()
 9 SYSTEMPATH\CodeIgniter.php(494): CodeIgniter\CodeIgniter->runController(Object(App\Controllers\AuthController))
10 SYSTEMPATH\CodeIgniter.php(353): CodeIgniter\CodeIgniter->handleRequest(null, Object(Config\Cache), false)
11 FCPATH\index.php(79): CodeIgniter\CodeIgniter->run()
INFO - 2024-12-05 23:16:07 --> Session: Class initialized using 'CodeIgniter\Session\Handlers\FileHandler' driver.
ERROR - 2024-12-05 23:16:13 --> mysqli_sql_exception: Duplicate entry 'arteacadmin@gmail.com' for key 'email' in C:\xampp\htdocs\e-ticaret\system\Database\MySQLi\Connection.php:306
Stack trace:
#0 C:\xampp\htdocs\e-ticaret\system\Database\MySQLi\Connection.php(306): mysqli->query('INSERT INTO `us...', 0)
#1 C:\xampp\htdocs\e-ticaret\system\Database\BaseConnection.php(692): CodeIgniter\Database\MySQLi\Connection->execute('INSERT INTO `us...')
#2 C:\xampp\htdocs\e-ticaret\system\Database\BaseConnection.php(606): CodeIgniter\Database\BaseConnection->simpleQuery('INSERT INTO `us...')
#3 C:\xampp\htdocs\e-ticaret\system\Database\BaseBuilder.php(2308): CodeIgniter\Database\BaseConnection->query('INSERT INTO `us...', Array, false)
#4 C:\xampp\htdocs\e-ticaret\system\Model.php(319): CodeIgniter\Database\BaseBuilder->insert()
#5 C:\xampp\htdocs\e-ticaret\system\BaseModel.php(788): CodeIgniter\Model->doInsert(Array)
#6 C:\xampp\htdocs\e-ticaret\system\Model.php(715): CodeIgniter\BaseModel->insert(Array, false)
#7 C:\xampp\htdocs\e-ticaret\system\BaseModel.php(698): CodeIgniter\Model->insert(Array, false)
#8 C:\xampp\htdocs\e-ticaret\app\Models\AdminUserModel.php(23): CodeIgniter\BaseModel->save(Array)
#9 C:\xampp\htdocs\e-ticaret\app\Controllers\AuthController.php(76): App\Models\AdminUserModel->saveUser(Array)
#10 C:\xampp\htdocs\e-ticaret\system\CodeIgniter.php(919): App\Controllers\AuthController->register()
#11 C:\xampp\htdocs\e-ticaret\system\CodeIgniter.php(494): CodeIgniter\CodeIgniter->runController(Object(App\Controllers\AuthController))
#12 C:\xampp\htdocs\e-ticaret\system\CodeIgniter.php(353): CodeIgniter\CodeIgniter->handleRequest(NULL, Object(Config\Cache), false)
#13 C:\xampp\htdocs\e-ticaret\public\index.php(79): CodeIgniter\CodeIgniter->run()
#14 {main}
CRITICAL - 2024-12-05 23:16:13 --> Duplicate entry 'arteacadmin@gmail.com' for key 'email'
in SYSTEMPATH\Database\BaseConnection.php on line 646.
 1 SYSTEMPATH\Database\BaseBuilder.php(2308): CodeIgniter\Database\BaseConnection->query('INSERT INTO `user` (`username`, `email`, `password`, `created_at`, `updated_at`) VALUES (:username:, :email:, :password:, :created_at:, :updated_at:)', [...], false)
 2 SYSTEMPATH\Model.php(319): CodeIgniter\Database\BaseBuilder->insert()
 3 SYSTEMPATH\BaseModel.php(788): CodeIgniter\Model->doInsert([...])
 4 SYSTEMPATH\Model.php(715): CodeIgniter\BaseModel->insert([...], false)
 5 SYSTEMPATH\BaseModel.php(698): CodeIgniter\Model->insert([...], false)
 6 APPPATH\Models\AdminUserModel.php(23): CodeIgniter\BaseModel->save([...])
 7 APPPATH\Controllers\AuthController.php(76): App\Models\AdminUserModel->saveUser([...])
 8 SYSTEMPATH\CodeIgniter.php(919): App\Controllers\AuthController->register()
 9 SYSTEMPATH\CodeIgniter.php(494): CodeIgniter\CodeIgniter->runController(Object(App\Controllers\AuthController))
10 SYSTEMPATH\CodeIgniter.php(353): CodeIgniter\CodeIgniter->handleRequest(null, Object(Config\Cache), false)
11 FCPATH\index.php(79): CodeIgniter\CodeIgniter->run()
INFO - 2024-12-05 23:16:42 --> Session: Class initialized using 'CodeIgniter\Session\Handlers\FileHandler' driver.
INFO - 2024-12-05 23:17:11 --> Session: Class initialized using 'CodeIgniter\Session\Handlers\FileHandler' driver.
INFO - 2024-12-05 23:17:21 --> Session: Class initialized using 'CodeIgniter\Session\Handlers\FileHandler' driver.
INFO - 2024-12-05 23:18:05 --> Session: Class initialized using 'CodeIgniter\Session\Handlers\FileHandler' driver.
INFO - 2024-12-05 23:18:29 --> Session: Class initialized using 'CodeIgniter\Session\Handlers\FileHandler' driver.
INFO - 2024-12-05 23:20:36 --> Session: Class initialized using 'CodeIgniter\Session\Handlers\FileHandler' driver.
INFO - 2024-12-05 23:20:37 --> Session: Class initialized using 'CodeIgniter\Session\Handlers\FileHandler' driver.
INFO - 2024-12-05 23:21:09 --> Session: Class initialized using 'CodeIgniter\Session\Handlers\FileHandler' driver.
INFO - 2024-12-05 23:21:15 --> Session: Class initialized using 'CodeIgniter\Session\Handlers\FileHandler' driver.
INFO - 2024-12-05 23:23:19 --> Session: Class initialized using 'CodeIgniter\Session\Handlers\FileHandler' driver.
INFO - 2024-12-05 23:23:56 --> Session: Class initialized using 'CodeIgniter\Session\Handlers\FileHandler' driver.
INFO - 2024-12-05 23:24:02 --> Session: Class initialized using 'CodeIgniter\Session\Handlers\FileHandler' driver.
INFO - 2024-12-05 23:24:02 --> Session: Class initialized using 'CodeIgniter\Session\Handlers\FileHandler' driver.
INFO - 2024-12-05 23:24:10 --> Session: Class initialized using 'CodeIgniter\Session\Handlers\FileHandler' driver.
INFO - 2024-12-05 23:24:14 --> Session: Class initialized using 'CodeIgniter\Session\Handlers\FileHandler' driver.
INFO - 2024-12-05 23:24:14 --> Session: Class initialized using 'CodeIgniter\Session\Handlers\FileHandler' driver.
ERROR - 2024-12-05 23:24:26 --> mysqli_sql_exception: Duplicate entry 'arteac' for key 'username' in C:\xampp\htdocs\e-ticaret\system\Database\MySQLi\Connection.php:306
Stack trace:
#0 C:\xampp\htdocs\e-ticaret\system\Database\MySQLi\Connection.php(306): mysqli->query('INSERT INTO `ad...', 0)
#1 C:\xampp\htdocs\e-ticaret\system\Database\BaseConnection.php(692): CodeIgniter\Database\MySQLi\Connection->execute('INSERT INTO `ad...')
#2 C:\xampp\htdocs\e-ticaret\system\Database\BaseConnection.php(606): CodeIgniter\Database\BaseConnection->simpleQuery('INSERT INTO `ad...')
#3 C:\xampp\htdocs\e-ticaret\system\Database\BaseBuilder.php(2308): CodeIgniter\Database\BaseConnection->query('INSERT INTO `ad...', Array, false)
#4 C:\xampp\htdocs\e-ticaret\system\Model.php(319): CodeIgniter\Database\BaseBuilder->insert()
#5 C:\xampp\htdocs\e-ticaret\system\BaseModel.php(788): CodeIgniter\Model->doInsert(Array)
#6 C:\xampp\htdocs\e-ticaret\system\Model.php(715): CodeIgniter\BaseModel->insert(Array, false)
#7 C:\xampp\htdocs\e-ticaret\system\BaseModel.php(698): CodeIgniter\Model->insert(Array, false)
#8 C:\xampp\htdocs\e-ticaret\app\Models\AdminUserModel.php(29): CodeIgniter\BaseModel->save(Array)
#9 C:\xampp\htdocs\e-ticaret\app\Controllers\AuthController.php(73): App\Models\AdminUserModel->saveUser(Array)
#10 C:\xampp\htdocs\e-ticaret\system\CodeIgniter.php(919): App\Controllers\AuthController->register()
#11 C:\xampp\htdocs\e-ticaret\system\CodeIgniter.php(494): CodeIgniter\CodeIgniter->runController(Object(App\Controllers\AuthController))
#12 C:\xampp\htdocs\e-ticaret\system\CodeIgniter.php(353): CodeIgniter\CodeIgniter->handleRequest(NULL, Object(Config\Cache), false)
#13 C:\xampp\htdocs\e-ticaret\public\index.php(79): CodeIgniter\CodeIgniter->run()
#14 {main}
CRITICAL - 2024-12-05 23:24:26 --> Duplicate entry 'arteac' for key 'username'
in SYSTEMPATH\Database\BaseConnection.php on line 646.
 1 SYSTEMPATH\Database\BaseBuilder.php(2308): CodeIgniter\Database\BaseConnection->query('INSERT INTO `admin_user` (`username`, `email`, `password`, `created_at`, `updated_at`) VALUES (:username:, :email:, :password:, :created_at:, :updated_at:)', [...], false)
 2 SYSTEMPATH\Model.php(319): CodeIgniter\Database\BaseBuilder->insert()
 3 SYSTEMPATH\BaseModel.php(788): CodeIgniter\Model->doInsert([...])
 4 SYSTEMPATH\Model.php(715): CodeIgniter\BaseModel->insert([...], false)
 5 SYSTEMPATH\BaseModel.php(698): CodeIgniter\Model->insert([...], false)
 6 APPPATH\Models\AdminUserModel.php(29): CodeIgniter\BaseModel->save([...])
 7 APPPATH\Controllers\AuthController.php(73): App\Models\AdminUserModel->saveUser([...])
 8 SYSTEMPATH\CodeIgniter.php(919): App\Controllers\AuthController->register()
 9 SYSTEMPATH\CodeIgniter.php(494): CodeIgniter\CodeIgniter->runController(Object(App\Controllers\AuthController))
10 SYSTEMPATH\CodeIgniter.php(353): CodeIgniter\CodeIgniter->handleRequest(null, Object(Config\Cache), false)
11 FCPATH\index.php(79): CodeIgniter\CodeIgniter->run()
CRITICAL - 2024-12-05 23:26:31 --> Invalid file: "auth/register.php"
in SYSTEMPATH\Exceptions\FrameworkException.php on line 39.
 1 SYSTEMPATH\View\View.php(214): CodeIgniter\Exceptions\FrameworkException::forInvalidFile('auth/register.php')
 2 SYSTEMPATH\Common.php(1188): CodeIgniter\View\View->render('auth/register', [], true)
 3 APPPATH\Controllers\AuthController.php(90): view('auth/register')
 4 SYSTEMPATH\CodeIgniter.php(919): App\Controllers\AuthController->register()
 5 SYSTEMPATH\CodeIgniter.php(494): CodeIgniter\CodeIgniter->runController(Object(App\Controllers\AuthController))
 6 SYSTEMPATH\CodeIgniter.php(353): CodeIgniter\CodeIgniter->handleRequest(null, Object(Config\Cache), false)
 7 FCPATH\index.php(79): CodeIgniter\CodeIgniter->run()
INFO - 2024-12-05 23:26:37 --> Session: Class initialized using 'CodeIgniter\Session\Handlers\FileHandler' driver.
CRITICAL - 2024-12-05 23:26:37 --> Invalid file: "auth/register.php"
in SYSTEMPATH\Exceptions\FrameworkException.php on line 39.
 1 SYSTEMPATH\View\View.php(214): CodeIgniter\Exceptions\FrameworkException::forInvalidFile('auth/register.php')
 2 SYSTEMPATH\Common.php(1188): CodeIgniter\View\View->render('auth/register', [], true)
 3 APPPATH\Controllers\AuthController.php(90): view('auth/register')
 4 SYSTEMPATH\CodeIgniter.php(919): App\Controllers\AuthController->register()
 5 SYSTEMPATH\CodeIgniter.php(494): CodeIgniter\CodeIgniter->runController(Object(App\Controllers\AuthController))
 6 SYSTEMPATH\CodeIgniter.php(353): CodeIgniter\CodeIgniter->handleRequest(null, Object(Config\Cache), false)
 7 FCPATH\index.php(79): CodeIgniter\CodeIgniter->run()
INFO - 2024-12-05 23:26:41 --> Session: Class initialized using 'CodeIgniter\Session\Handlers\FileHandler' driver.
INFO - 2024-12-05 23:26:54 --> Session: Class initialized using 'CodeIgniter\Session\Handlers\FileHandler' driver.
INFO - 2024-12-05 23:26:55 --> Session: Class initialized using 'CodeIgniter\Session\Handlers\FileHandler' driver.
INFO - 2024-12-05 23:27:06 --> Session: Class initialized using 'CodeIgniter\Session\Handlers\FileHandler' driver.
INFO - 2024-12-05 23:27:06 --> Session: Class initialized using 'CodeIgniter\Session\Handlers\FileHandler' driver.
INFO - 2024-12-05 23:27:13 --> Session: Class initialized using 'CodeIgniter\Session\Handlers\FileHandler' driver.
INFO - 2024-12-05 23:27:13 --> Session: Class initialized using 'CodeIgniter\Session\Handlers\FileHandler' driver.
INFO - 2024-12-05 23:27:24 --> Session: Class initialized using 'CodeIgniter\Session\Handlers\FileHandler' driver.
INFO - 2024-12-05 23:27:24 --> Session: Class initialized using 'CodeIgniter\Session\Handlers\FileHandler' driver.
INFO - 2024-12-05 23:27:31 --> Session: Class initialized using 'CodeIgniter\Session\Handlers\FileHandler' driver.
INFO - 2024-12-05 23:27:31 --> Session: Class initialized using 'CodeIgniter\Session\Handlers\FileHandler' driver.
INFO - 2024-12-05 23:28:50 --> Session: Class initialized using 'CodeIgniter\Session\Handlers\FileHandler' driver.
INFO - 2024-12-05 23:28:53 --> Session: Class initialized using 'CodeIgniter\Session\Handlers\FileHandler' driver.
INFO - 2024-12-05 23:28:54 --> Session: Class initialized using 'CodeIgniter\Session\Handlers\FileHandler' driver.
INFO - 2024-12-05 23:31:25 --> Session: Class initialized using 'CodeIgniter\Session\Handlers\FileHandler' driver.
INFO - 2024-12-05 23:31:26 --> Session: Class initialized using 'CodeIgniter\Session\Handlers\FileHandler' driver.
INFO - 2024-12-05 23:31:30 --> Session: Class initialized using 'CodeIgniter\Session\Handlers\FileHandler' driver.
INFO - 2024-12-05 23:31:30 --> Session: Class initialized using 'CodeIgniter\Session\Handlers\FileHandler' driver.
INFO - 2024-12-05 23:31:32 --> Session: Class initialized using 'CodeIgniter\Session\Handlers\FileHandler' driver.
INFO - 2024-12-05 23:31:32 --> Session: Class initialized using 'CodeIgniter\Session\Handlers\FileHandler' driver.
INFO - 2024-12-05 23:31:52 --> Session: Class initialized using 'CodeIgniter\Session\Handlers\FileHandler' driver.
INFO - 2024-12-05 23:31:53 --> Session: Class initialized using 'CodeIgniter\Session\Handlers\FileHandler' driver.
DEBUG - 2024-12-05 23:31:55 --> Kullanıcı: Array
(
    [id] => 6
    [username] => deneme123@gmail.com
    [email] => deneme123@gmail.com
    [password] => $2y$10$zkQX1J8lZ0r46obJc0z2xuEw/8jt8OYiJ9.nXGpUUmfemSnGpKYCq
    [created_at] => 2024-12-05 23:31:52
    [updated_at] => 2024-12-05 23:31:52
)

INFO - 2024-12-05 23:31:55 --> Session: Class initialized using 'CodeIgniter\Session\Handlers\FileHandler' driver.
DEBUG - 2024-12-05 23:32:41 --> Kullanıcı: Array
(
    [id] => 6
    [username] => deneme123@gmail.com
    [email] => deneme123@gmail.com
    [password] => $2y$10$zkQX1J8lZ0r46obJc0z2xuEw/8jt8OYiJ9.nXGpUUmfemSnGpKYCq
    [created_at] => 2024-12-05 23:31:52
    [updated_at] => 2024-12-05 23:31:52
)

INFO - 2024-12-05 23:32:41 --> Session: Class initialized using 'CodeIgniter\Session\Handlers\FileHandler' driver.
DEBUG - 2024-12-05 23:34:12 --> Kullanıcı: Array
(
    [id] => 6
    [username] => deneme123@gmail.com
    [email] => deneme123@gmail.com
    [password] => $2y$10$zkQX1J8lZ0r46obJc0z2xuEw/8jt8OYiJ9.nXGpUUmfemSnGpKYCq
    [created_at] => 2024-12-05 23:31:52
    [updated_at] => 2024-12-05 23:31:52
)

INFO - 2024-12-05 23:34:12 --> Session: Class initialized using 'CodeIgniter\Session\Handlers\FileHandler' driver.
DEBUG - 2024-12-05 23:34:19 --> Kullanıcı: Array
(
    [id] => 6
    [username] => deneme123@gmail.com
    [email] => deneme123@gmail.com
    [password] => $2y$10$zkQX1J8lZ0r46obJc0z2xuEw/8jt8OYiJ9.nXGpUUmfemSnGpKYCq
    [created_at] => 2024-12-05 23:31:52
    [updated_at] => 2024-12-05 23:31:52
)

INFO - 2024-12-05 23:34:19 --> Session: Class initialized using 'CodeIgniter\Session\Handlers\FileHandler' driver.
INFO - 2024-12-05 23:34:30 --> Session: Class initialized using 'CodeIgniter\Session\Handlers\FileHandler' driver.
INFO - 2024-12-05 23:34:30 --> Session: Class initialized using 'CodeIgniter\Session\Handlers\FileHandler' driver.
DEBUG - 2024-12-05 23:34:34 --> Kullanıcı: Array
(
    [id] => 7
    [username] => dell@gmail.com
    [email] => dell@gmail.com
    [password] => $2y$10$uWRzQfvT4Hs0ugdxpBVXPux2MNsh4SCXjkpkRHHQmOGcJhA8Dr89i
    [created_at] => 2024-12-05 23:34:30
    [updated_at] => 2024-12-05 23:34:30
)

INFO - 2024-12-05 23:34:35 --> Session: Class initialized using 'CodeIgniter\Session\Handlers\FileHandler' driver.
DEBUG - 2024-12-05 23:35:26 --> Kullanıcı: Array
(
    [id] => 7
    [username] => dell@gmail.com
    [email] => dell@gmail.com
    [password] => $2y$10$uWRzQfvT4Hs0ugdxpBVXPux2MNsh4SCXjkpkRHHQmOGcJhA8Dr89i
    [created_at] => 2024-12-05 23:34:30
    [updated_at] => 2024-12-05 23:34:30
)

INFO - 2024-12-05 23:35:26 --> Session: Class initialized using 'CodeIgniter\Session\Handlers\FileHandler' driver.
DEBUG - 2024-12-05 23:35:35 --> Kullanıcı: Array
(
    [id] => 7
    [username] => dell@gmail.com
    [email] => dell@gmail.com
    [password] => $2y$10$uWRzQfvT4Hs0ugdxpBVXPux2MNsh4SCXjkpkRHHQmOGcJhA8Dr89i
    [created_at] => 2024-12-05 23:34:30
    [updated_at] => 2024-12-05 23:34:30
)

INFO - 2024-12-05 23:35:35 --> Session: Class initialized using 'CodeIgniter\Session\Handlers\FileHandler' driver.
CRITICAL - 2024-12-05 23:40:44 --> Call to undefined method App\Models\AdminUserModel::getUserByUsername
in SYSTEMPATH\Model.php on line 873.
 1 APPPATH\Controllers\AuthController.php(38): CodeIgniter\Model->__call('getUserByUsername', [...])
 2 SYSTEMPATH\CodeIgniter.php(919): App\Controllers\AuthController->login()
 3 SYSTEMPATH\CodeIgniter.php(494): CodeIgniter\CodeIgniter->runController(Object(App\Controllers\AuthController))
 4 SYSTEMPATH\CodeIgniter.php(353): CodeIgniter\CodeIgniter->handleRequest(null, Object(Config\Cache), false)
 5 FCPATH\index.php(79): CodeIgniter\CodeIgniter->run()
CRITICAL - 2024-12-05 23:41:05 --> Call to undefined method App\Models\AdminUserModel::getUserByUsername
in SYSTEMPATH\Model.php on line 873.
 1 APPPATH\Controllers\AuthController.php(38): CodeIgniter\Model->__call('getUserByUsername', [...])
 2 SYSTEMPATH\CodeIgniter.php(919): App\Controllers\AuthController->login()
 3 SYSTEMPATH\CodeIgniter.php(494): CodeIgniter\CodeIgniter->runController(Object(App\Controllers\AuthController))
 4 SYSTEMPATH\CodeIgniter.php(353): CodeIgniter\CodeIgniter->handleRequest(null, Object(Config\Cache), false)
 5 FCPATH\index.php(79): CodeIgniter\CodeIgniter->run()
CRITICAL - 2024-12-05 23:41:38 --> Call to undefined method App\Models\AdminUserModel::getUserByUsername
in SYSTEMPATH\Model.php on line 873.
 1 APPPATH\Controllers\AuthController.php(38): CodeIgniter\Model->__call('getUserByUsername', [...])
 2 SYSTEMPATH\CodeIgniter.php(919): App\Controllers\AuthController->login()
 3 SYSTEMPATH\CodeIgniter.php(494): CodeIgniter\CodeIgniter->runController(Object(App\Controllers\AuthController))
 4 SYSTEMPATH\CodeIgniter.php(353): CodeIgniter\CodeIgniter->handleRequest(null, Object(Config\Cache), false)
 5 FCPATH\index.php(79): CodeIgniter\CodeIgniter->run()
DEBUG - 2024-12-05 23:42:06 --> Kullanıcı: Array
(
    [id] => 7
    [username] => dell@gmail.com
    [email] => dell@gmail.com
    [password] => $2y$10$uWRzQfvT4Hs0ugdxpBVXPux2MNsh4SCXjkpkRHHQmOGcJhA8Dr89i
    [created_at] => 2024-12-05 23:34:30
    [updated_at] => 2024-12-05 23:34:30
)

INFO - 2024-12-05 23:42:06 --> Session: Class initialized using 'CodeIgniter\Session\Handlers\FileHandler' driver.
INFO - 2024-12-05 23:42:22 --> Session: Class initialized using 'CodeIgniter\Session\Handlers\FileHandler' driver.
INFO - 2024-12-05 23:42:22 --> Session: Class initialized using 'CodeIgniter\Session\Handlers\FileHandler' driver.
INFO - 2024-12-05 23:42:30 --> Session: Class initialized using 'CodeIgniter\Session\Handlers\FileHandler' driver.
INFO - 2024-12-05 23:42:30 --> Session: Class initialized using 'CodeIgniter\Session\Handlers\FileHandler' driver.
INFO - 2024-12-05 23:43:34 --> Session: Class initialized using 'CodeIgniter\Session\Handlers\FileHandler' driver.
INFO - 2024-12-05 23:43:38 --> Session: Class initialized using 'CodeIgniter\Session\Handlers\FileHandler' driver.
INFO - 2024-12-05 23:43:38 --> Session: Class initialized using 'CodeIgniter\Session\Handlers\FileHandler' driver.
INFO - 2024-12-05 23:44:35 --> Session: Class initialized using 'CodeIgniter\Session\Handlers\FileHandler' driver.
INFO - 2024-12-05 23:44:38 --> Session: Class initialized using 'CodeIgniter\Session\Handlers\FileHandler' driver.
INFO - 2024-12-05 23:44:38 --> Session: Class initialized using 'CodeIgniter\Session\Handlers\FileHandler' driver.
INFO - 2024-12-05 23:44:40 --> Session: Class initialized using 'CodeIgniter\Session\Handlers\FileHandler' driver.
INFO - 2024-12-05 23:44:40 --> Session: Class initialized using 'CodeIgniter\Session\Handlers\FileHandler' driver.
INFO - 2024-12-05 23:51:49 --> Session: Class initialized using 'CodeIgniter\Session\Handlers\FileHandler' driver.
INFO - 2024-12-05 23:51:58 --> Session: Class initialized using 'CodeIgniter\Session\Handlers\FileHandler' driver.
INFO - 2024-12-05 23:51:58 --> Session: Class initialized using 'CodeIgniter\Session\Handlers\FileHandler' driver.
INFO - 2024-12-05 23:52:11 --> Session: Class initialized using 'CodeIgniter\Session\Handlers\FileHandler' driver.
INFO - 2024-12-05 23:52:11 --> Session: Class initialized using 'CodeIgniter\Session\Handlers\FileHandler' driver.
CRITICAL - 2024-12-05 23:52:30 --> Invalid file: "auth/login.php"
in SYSTEMPATH\Exceptions\FrameworkException.php on line 39.
 1 SYSTEMPATH\View\View.php(214): CodeIgniter\Exceptions\FrameworkException::forInvalidFile('auth/login.php')
 2 SYSTEMPATH\Common.php(1188): CodeIgniter\View\View->render('auth/login', [], true)
 3 APPPATH\Controllers\AuthController.php(24): view('auth/login')
 4 SYSTEMPATH\CodeIgniter.php(919): App\Controllers\AuthController->login()
 5 SYSTEMPATH\CodeIgniter.php(494): CodeIgniter\CodeIgniter->runController(Object(App\Controllers\AuthController))
 6 SYSTEMPATH\CodeIgniter.php(353): CodeIgniter\CodeIgniter->handleRequest(null, Object(Config\Cache), false)
 7 FCPATH\index.php(79): CodeIgniter\CodeIgniter->run()
CRITICAL - 2024-12-05 23:52:30 --> Invalid file: "auth/login.php"
in SYSTEMPATH\Exceptions\FrameworkException.php on line 39.
 1 SYSTEMPATH\View\View.php(214): CodeIgniter\Exceptions\FrameworkException::forInvalidFile('auth/login.php')
 2 SYSTEMPATH\Common.php(1188): CodeIgniter\View\View->render('auth/login', [], true)
 3 APPPATH\Controllers\AuthController.php(24): view('auth/login')
 4 SYSTEMPATH\CodeIgniter.php(919): App\Controllers\AuthController->login()
 5 SYSTEMPATH\CodeIgniter.php(494): CodeIgniter\CodeIgniter->runController(Object(App\Controllers\AuthController))
 6 SYSTEMPATH\CodeIgniter.php(353): CodeIgniter\CodeIgniter->handleRequest(null, Object(Config\Cache), false)
 7 FCPATH\index.php(79): CodeIgniter\CodeIgniter->run()
INFO - 2024-12-05 23:55:10 --> Session: Class initialized using 'CodeIgniter\Session\Handlers\FileHandler' driver.
INFO - 2024-12-05 23:55:14 --> Session: Class initialized using 'CodeIgniter\Session\Handlers\FileHandler' driver.
INFO - 2024-12-05 23:55:14 --> Session: Class initialized using 'CodeIgniter\Session\Handlers\FileHandler' driver.
INFO - 2024-12-05 23:55:26 --> Session: Class initialized using 'CodeIgniter\Session\Handlers\FileHandler' driver.
INFO - 2024-12-05 23:55:26 --> Session: Class initialized using 'CodeIgniter\Session\Handlers\FileHandler' driver.
INFO - 2024-12-05 23:55:29 --> Session: Class initialized using 'CodeIgniter\Session\Handlers\FileHandler' driver.
INFO - 2024-12-05 23:55:29 --> Session: Class initialized using 'CodeIgniter\Session\Handlers\FileHandler' driver.
INFO - 2024-12-05 23:55:40 --> Session: Class initialized using 'CodeIgniter\Session\Handlers\FileHandler' driver.
INFO - 2024-12-05 23:55:44 --> Session: Class initialized using 'CodeIgniter\Session\Handlers\FileHandler' driver.
INFO - 2024-12-05 23:55:44 --> Session: Class initialized using 'CodeIgniter\Session\Handlers\FileHandler' driver.
INFO - 2024-12-05 23:56:59 --> Session: Class initialized using 'CodeIgniter\Session\Handlers\FileHandler' driver.
INFO - 2024-12-05 23:57:02 --> Session: Class initialized using 'CodeIgniter\Session\Handlers\FileHandler' driver.
INFO - 2024-12-05 23:57:02 --> Session: Class initialized using 'CodeIgniter\Session\Handlers\FileHandler' driver.
INFO - 2024-12-05 23:57:23 --> Session: Class initialized using 'CodeIgniter\Session\Handlers\FileHandler' driver.
INFO - 2024-12-05 23:57:27 --> Session: Class initialized using 'CodeIgniter\Session\Handlers\FileHandler' driver.
INFO - 2024-12-05 23:57:27 --> Session: Class initialized using 'CodeIgniter\Session\Handlers\FileHandler' driver.
INFO - 2024-12-05 23:58:59 --> Session: Class initialized using 'CodeIgniter\Session\Handlers\FileHandler' driver.
INFO - 2024-12-05 23:59:02 --> Session: Class initialized using 'CodeIgniter\Session\Handlers\FileHandler' driver.
INFO - 2024-12-05 23:59:02 --> Session: Class initialized using 'CodeIgniter\Session\Handlers\FileHandler' driver.
