WARNING - 2025-03-27 12:33:12 --> [DEPRECATED] Return type of MongoDB\Model\BSONArray::bsonSerialize() should either be compatible with MongoDB\BSON\Serializable::bsonSerialize(): stdClass|MongoDB\BSON\Document|MongoDB\BSON\PackedArray|array, or the #[\ReturnTypeWillChange] attribute should be used to temporarily suppress the notice in VENDORPATH\mongodb\mongodb\src\Model\BSONArray.php on line 74.
 1 SYSTEMPATH\Autoloader\Autoloader.php(306): include_once('C:\\xampp\\htdocs\\e-ticaret\\vendor\\mongodb\\mongodb\\src\\Model\\BSONArray.php')
 2 SYSTEMPATH\Autoloader\Autoloader.php(250): CodeIgniter\Autoloader\Autoloader->includeFile('C:\\xampp\\htdocs\\e-ticaret\\vendor\\composer/../mongodb/mongodb/src/Model/BSONArray.php')
 3 [internal function]: CodeIgniter\Autoloader\Autoloader->loadClassmap('MongoDB\\Model\\BSONArray')
 4 VENDORPATH\mongodb\mongodb\src\Operation\Find.php(344): MongoDB\Driver\Cursor->setTypeMap([...])
 5 VENDORPATH\mongodb\mongodb\src\Collection.php(666): MongoDB\Operation\Find->execute(Object(MongoDB\Driver\Server))
 6 APPPATH\Models\MongoModel.php(28): MongoDB\Collection->find()
 7 APPPATH\Controllers\Home.php(15): App\Models\MongoModel->listAllProducts()
 8 SYSTEMPATH\CodeIgniter.php(919): App\Controllers\Home->index()
 9 SYSTEMPATH\CodeIgniter.php(494): CodeIgniter\CodeIgniter->runController(Object(App\Controllers\Home))
10 SYSTEMPATH\CodeIgniter.php(353): CodeIgniter\CodeIgniter->handleRequest(null, Object(Config\Cache), false)
11 FCPATH\index.php(79): CodeIgniter\CodeIgniter->run()
WARNING - 2025-03-27 12:33:12 --> [DEPRECATED] Return type of MongoDB\Model\BSONArray::bsonUnserialize(array $data) should either be compatible with MongoDB\BSON\Unserializable::bsonUnserialize(array $data): void, or the #[\ReturnTypeWillChange] attribute should be used to temporarily suppress the notice in VENDORPATH\mongodb\mongodb\src\Model\BSONArray.php on line 85.
 1 SYSTEMPATH\Autoloader\Autoloader.php(306): include_once('C:\\xampp\\htdocs\\e-ticaret\\vendor\\mongodb\\mongodb\\src\\Model\\BSONArray.php')
 2 SYSTEMPATH\Autoloader\Autoloader.php(250): CodeIgniter\Autoloader\Autoloader->includeFile('C:\\xampp\\htdocs\\e-ticaret\\vendor\\composer/../mongodb/mongodb/src/Model/BSONArray.php')
 3 [internal function]: CodeIgniter\Autoloader\Autoloader->loadClassmap('MongoDB\\Model\\BSONArray')
 4 VENDORPATH\mongodb\mongodb\src\Operation\Find.php(344): MongoDB\Driver\Cursor->setTypeMap([...])
 5 VENDORPATH\mongodb\mongodb\src\Collection.php(666): MongoDB\Operation\Find->execute(Object(MongoDB\Driver\Server))
 6 APPPATH\Models\MongoModel.php(28): MongoDB\Collection->find()
 7 APPPATH\Controllers\Home.php(15): App\Models\MongoModel->listAllProducts()
 8 SYSTEMPATH\CodeIgniter.php(919): App\Controllers\Home->index()
 9 SYSTEMPATH\CodeIgniter.php(494): CodeIgniter\CodeIgniter->runController(Object(App\Controllers\Home))
10 SYSTEMPATH\CodeIgniter.php(353): CodeIgniter\CodeIgniter->handleRequest(null, Object(Config\Cache), false)
11 FCPATH\index.php(79): CodeIgniter\CodeIgniter->run()
WARNING - 2025-03-27 12:33:12 --> [DEPRECATED] Return type of MongoDB\Model\BSONDocument::bsonSerialize() should either be compatible with MongoDB\BSON\Serializable::bsonSerialize(): stdClass|MongoDB\BSON\Document|MongoDB\BSON\PackedArray|array, or the #[\ReturnTypeWillChange] attribute should be used to temporarily suppress the notice in VENDORPATH\mongodb\mongodb\src\Model\BSONDocument.php on line 84.
 1 SYSTEMPATH\Autoloader\Autoloader.php(306): include_once('C:\\xampp\\htdocs\\e-ticaret\\vendor\\mongodb\\mongodb\\src\\Model\\BSONDocument.php')
 2 SYSTEMPATH\Autoloader\Autoloader.php(250): CodeIgniter\Autoloader\Autoloader->includeFile('C:\\xampp\\htdocs\\e-ticaret\\vendor\\composer/../mongodb/mongodb/src/Model/BSONDocument.php')
 3 [internal function]: CodeIgniter\Autoloader\Autoloader->loadClassmap('MongoDB\\Model\\BSONDocument')
 4 VENDORPATH\mongodb\mongodb\src\Operation\Find.php(344): MongoDB\Driver\Cursor->setTypeMap([...])
 5 VENDORPATH\mongodb\mongodb\src\Collection.php(666): MongoDB\Operation\Find->execute(Object(MongoDB\Driver\Server))
 6 APPPATH\Models\MongoModel.php(28): MongoDB\Collection->find()
 7 APPPATH\Controllers\Home.php(15): App\Models\MongoModel->listAllProducts()
 8 SYSTEMPATH\CodeIgniter.php(919): App\Controllers\Home->index()
 9 SYSTEMPATH\CodeIgniter.php(494): CodeIgniter\CodeIgniter->runController(Object(App\Controllers\Home))
10 SYSTEMPATH\CodeIgniter.php(353): CodeIgniter\CodeIgniter->handleRequest(null, Object(Config\Cache), false)
11 FCPATH\index.php(79): CodeIgniter\CodeIgniter->run()
WARNING - 2025-03-27 12:33:12 --> [DEPRECATED] Return type of MongoDB\Model\BSONDocument::bsonUnserialize(array $data) should either be compatible with MongoDB\BSON\Unserializable::bsonUnserialize(array $data): void, or the #[\ReturnTypeWillChange] attribute should be used to temporarily suppress the notice in VENDORPATH\mongodb\mongodb\src\Model\BSONDocument.php on line 95.
 1 SYSTEMPATH\Autoloader\Autoloader.php(306): include_once('C:\\xampp\\htdocs\\e-ticaret\\vendor\\mongodb\\mongodb\\src\\Model\\BSONDocument.php')
 2 SYSTEMPATH\Autoloader\Autoloader.php(250): CodeIgniter\Autoloader\Autoloader->includeFile('C:\\xampp\\htdocs\\e-ticaret\\vendor\\composer/../mongodb/mongodb/src/Model/BSONDocument.php')
 3 [internal function]: CodeIgniter\Autoloader\Autoloader->loadClassmap('MongoDB\\Model\\BSONDocument')
 4 VENDORPATH\mongodb\mongodb\src\Operation\Find.php(344): MongoDB\Driver\Cursor->setTypeMap([...])
 5 VENDORPATH\mongodb\mongodb\src\Collection.php(666): MongoDB\Operation\Find->execute(Object(MongoDB\Driver\Server))
 6 APPPATH\Models\MongoModel.php(28): MongoDB\Collection->find()
 7 APPPATH\Controllers\Home.php(15): App\Models\MongoModel->listAllProducts()
 8 SYSTEMPATH\CodeIgniter.php(919): App\Controllers\Home->index()
 9 SYSTEMPATH\CodeIgniter.php(494): CodeIgniter\CodeIgniter->runController(Object(App\Controllers\Home))
10 SYSTEMPATH\CodeIgniter.php(353): CodeIgniter\CodeIgniter->handleRequest(null, Object(Config\Cache), false)
11 FCPATH\index.php(79): CodeIgniter\CodeIgniter->run()
WARNING - 2025-03-27 12:55:09 --> [DEPRECATED] Return type of MongoDB\Model\BSONArray::bsonSerialize() should either be compatible with MongoDB\BSON\Serializable::bsonSerialize(): stdClass|MongoDB\BSON\Document|MongoDB\BSON\PackedArray|array, or the #[\ReturnTypeWillChange] attribute should be used to temporarily suppress the notice in VENDORPATH\mongodb\mongodb\src\Model\BSONArray.php on line 74.
 1 SYSTEMPATH\Autoloader\Autoloader.php(306): include_once('C:\\xampp\\htdocs\\e-ticaret\\vendor\\mongodb\\mongodb\\src\\Model\\BSONArray.php')
 2 SYSTEMPATH\Autoloader\Autoloader.php(250): CodeIgniter\Autoloader\Autoloader->includeFile('C:\\xampp\\htdocs\\e-ticaret\\vendor\\composer/../mongodb/mongodb/src/Model/BSONArray.php')
 3 [internal function]: CodeIgniter\Autoloader\Autoloader->loadClassmap('MongoDB\\Model\\BSONArray')
 4 VENDORPATH\mongodb\mongodb\src\Operation\Find.php(344): MongoDB\Driver\Cursor->setTypeMap([...])
 5 VENDORPATH\mongodb\mongodb\src\Collection.php(666): MongoDB\Operation\Find->execute(Object(MongoDB\Driver\Server))
 6 APPPATH\Models\MongoModel.php(28): MongoDB\Collection->find()
 7 APPPATH\Controllers\Home.php(15): App\Models\MongoModel->listAllProducts()
 8 SYSTEMPATH\CodeIgniter.php(919): App\Controllers\Home->index()
 9 SYSTEMPATH\CodeIgniter.php(494): CodeIgniter\CodeIgniter->runController(Object(App\Controllers\Home))
10 SYSTEMPATH\CodeIgniter.php(353): CodeIgniter\CodeIgniter->handleRequest(null, Object(Config\Cache), false)
11 FCPATH\index.php(79): CodeIgniter\CodeIgniter->run()
WARNING - 2025-03-27 12:55:09 --> [DEPRECATED] Return type of MongoDB\Model\BSONArray::bsonUnserialize(array $data) should either be compatible with MongoDB\BSON\Unserializable::bsonUnserialize(array $data): void, or the #[\ReturnTypeWillChange] attribute should be used to temporarily suppress the notice in VENDORPATH\mongodb\mongodb\src\Model\BSONArray.php on line 85.
 1 SYSTEMPATH\Autoloader\Autoloader.php(306): include_once('C:\\xampp\\htdocs\\e-ticaret\\vendor\\mongodb\\mongodb\\src\\Model\\BSONArray.php')
 2 SYSTEMPATH\Autoloader\Autoloader.php(250): CodeIgniter\Autoloader\Autoloader->includeFile('C:\\xampp\\htdocs\\e-ticaret\\vendor\\composer/../mongodb/mongodb/src/Model/BSONArray.php')
 3 [internal function]: CodeIgniter\Autoloader\Autoloader->loadClassmap('MongoDB\\Model\\BSONArray')
 4 VENDORPATH\mongodb\mongodb\src\Operation\Find.php(344): MongoDB\Driver\Cursor->setTypeMap([...])
 5 VENDORPATH\mongodb\mongodb\src\Collection.php(666): MongoDB\Operation\Find->execute(Object(MongoDB\Driver\Server))
 6 APPPATH\Models\MongoModel.php(28): MongoDB\Collection->find()
 7 APPPATH\Controllers\Home.php(15): App\Models\MongoModel->listAllProducts()
 8 SYSTEMPATH\CodeIgniter.php(919): App\Controllers\Home->index()
 9 SYSTEMPATH\CodeIgniter.php(494): CodeIgniter\CodeIgniter->runController(Object(App\Controllers\Home))
10 SYSTEMPATH\CodeIgniter.php(353): CodeIgniter\CodeIgniter->handleRequest(null, Object(Config\Cache), false)
11 FCPATH\index.php(79): CodeIgniter\CodeIgniter->run()
WARNING - 2025-03-27 12:55:09 --> [DEPRECATED] Return type of MongoDB\Model\BSONDocument::bsonSerialize() should either be compatible with MongoDB\BSON\Serializable::bsonSerialize(): stdClass|MongoDB\BSON\Document|MongoDB\BSON\PackedArray|array, or the #[\ReturnTypeWillChange] attribute should be used to temporarily suppress the notice in VENDORPATH\mongodb\mongodb\src\Model\BSONDocument.php on line 84.
 1 SYSTEMPATH\Autoloader\Autoloader.php(306): include_once('C:\\xampp\\htdocs\\e-ticaret\\vendor\\mongodb\\mongodb\\src\\Model\\BSONDocument.php')
 2 SYSTEMPATH\Autoloader\Autoloader.php(250): CodeIgniter\Autoloader\Autoloader->includeFile('C:\\xampp\\htdocs\\e-ticaret\\vendor\\composer/../mongodb/mongodb/src/Model/BSONDocument.php')
 3 [internal function]: CodeIgniter\Autoloader\Autoloader->loadClassmap('MongoDB\\Model\\BSONDocument')
 4 VENDORPATH\mongodb\mongodb\src\Operation\Find.php(344): MongoDB\Driver\Cursor->setTypeMap([...])
 5 VENDORPATH\mongodb\mongodb\src\Collection.php(666): MongoDB\Operation\Find->execute(Object(MongoDB\Driver\Server))
 6 APPPATH\Models\MongoModel.php(28): MongoDB\Collection->find()
 7 APPPATH\Controllers\Home.php(15): App\Models\MongoModel->listAllProducts()
 8 SYSTEMPATH\CodeIgniter.php(919): App\Controllers\Home->index()
 9 SYSTEMPATH\CodeIgniter.php(494): CodeIgniter\CodeIgniter->runController(Object(App\Controllers\Home))
10 SYSTEMPATH\CodeIgniter.php(353): CodeIgniter\CodeIgniter->handleRequest(null, Object(Config\Cache), false)
11 FCPATH\index.php(79): CodeIgniter\CodeIgniter->run()
WARNING - 2025-03-27 12:55:09 --> [DEPRECATED] Return type of MongoDB\Model\BSONDocument::bsonUnserialize(array $data) should either be compatible with MongoDB\BSON\Unserializable::bsonUnserialize(array $data): void, or the #[\ReturnTypeWillChange] attribute should be used to temporarily suppress the notice in VENDORPATH\mongodb\mongodb\src\Model\BSONDocument.php on line 95.
 1 SYSTEMPATH\Autoloader\Autoloader.php(306): include_once('C:\\xampp\\htdocs\\e-ticaret\\vendor\\mongodb\\mongodb\\src\\Model\\BSONDocument.php')
 2 SYSTEMPATH\Autoloader\Autoloader.php(250): CodeIgniter\Autoloader\Autoloader->includeFile('C:\\xampp\\htdocs\\e-ticaret\\vendor\\composer/../mongodb/mongodb/src/Model/BSONDocument.php')
 3 [internal function]: CodeIgniter\Autoloader\Autoloader->loadClassmap('MongoDB\\Model\\BSONDocument')
 4 VENDORPATH\mongodb\mongodb\src\Operation\Find.php(344): MongoDB\Driver\Cursor->setTypeMap([...])
 5 VENDORPATH\mongodb\mongodb\src\Collection.php(666): MongoDB\Operation\Find->execute(Object(MongoDB\Driver\Server))
 6 APPPATH\Models\MongoModel.php(28): MongoDB\Collection->find()
 7 APPPATH\Controllers\Home.php(15): App\Models\MongoModel->listAllProducts()
 8 SYSTEMPATH\CodeIgniter.php(919): App\Controllers\Home->index()
 9 SYSTEMPATH\CodeIgniter.php(494): CodeIgniter\CodeIgniter->runController(Object(App\Controllers\Home))
10 SYSTEMPATH\CodeIgniter.php(353): CodeIgniter\CodeIgniter->handleRequest(null, Object(Config\Cache), false)
11 FCPATH\index.php(79): CodeIgniter\CodeIgniter->run()
CRITICAL - 2025-03-27 13:39:52 --> No suitable servers found (`serverSelectionTryOnce` set): [socket timeout calling hello on 'cluster0-shard-00-00.yzsph.mongodb.net:27017'] [connection timeout calling hello on 'cluster0-shard-00-01.yzsph.mongodb.net:27017'] [connection timeout calling hello on 'cluster0-shard-00-02.yzsph.mongodb.net:27017']
in VENDORPATH\mongodb\mongodb\src\functions.php on line 487.
 1 VENDORPATH\mongodb\mongodb\src\functions.php(487): MongoDB\Driver\Manager->selectServer(Object(MongoDB\Driver\ReadPreference))
 2 VENDORPATH\mongodb\mongodb\src\Collection.php(654): MongoDB\select_server(Object(MongoDB\Driver\Manager), [...])
 3 APPPATH\Models\MongoModel.php(28): MongoDB\Collection->find()
 4 APPPATH\Controllers\Home.php(15): App\Models\MongoModel->listAllProducts()
 5 SYSTEMPATH\CodeIgniter.php(919): App\Controllers\Home->index()
 6 SYSTEMPATH\CodeIgniter.php(494): CodeIgniter\CodeIgniter->runController(Object(App\Controllers\Home))
 7 SYSTEMPATH\CodeIgniter.php(353): CodeIgniter\CodeIgniter->handleRequest(null, Object(Config\Cache), false)
 8 FCPATH\index.php(79): CodeIgniter\CodeIgniter->run()
CRITICAL - 2025-03-27 13:39:54 --> No suitable servers found (`serverSelectionTryOnce` set): [socket timeout calling hello on 'cluster0-shard-00-00.yzsph.mongodb.net:27017'] [connection timeout calling hello on 'cluster0-shard-00-01.yzsph.mongodb.net:27017'] [connection timeout calling hello on 'cluster0-shard-00-02.yzsph.mongodb.net:27017']
in VENDORPATH\mongodb\mongodb\src\functions.php on line 487.
 1 VENDORPATH\mongodb\mongodb\src\functions.php(487): MongoDB\Driver\Manager->selectServer(Object(MongoDB\Driver\ReadPreference))
 2 VENDORPATH\mongodb\mongodb\src\Collection.php(654): MongoDB\select_server(Object(MongoDB\Driver\Manager), [...])
 3 APPPATH\Models\MongoModel.php(28): MongoDB\Collection->find()
 4 APPPATH\Controllers\Home.php(15): App\Models\MongoModel->listAllProducts()
 5 SYSTEMPATH\CodeIgniter.php(919): App\Controllers\Home->index()
 6 SYSTEMPATH\CodeIgniter.php(494): CodeIgniter\CodeIgniter->runController(Object(App\Controllers\Home))
 7 SYSTEMPATH\CodeIgniter.php(353): CodeIgniter\CodeIgniter->handleRequest(null, Object(Config\Cache), false)
 8 FCPATH\index.php(79): CodeIgniter\CodeIgniter->run()
CRITICAL - 2025-03-27 13:44:07 --> No suitable servers found (`serverSelectionTryOnce` set): [socket timeout calling hello on 'cluster0-shard-00-02.yzsph.mongodb.net:27017'] [connection timeout calling hello on 'cluster0-shard-00-00.yzsph.mongodb.net:27017'] [connection timeout calling hello on 'cluster0-shard-00-01.yzsph.mongodb.net:27017']
in VENDORPATH\mongodb\mongodb\src\functions.php on line 487.
 1 VENDORPATH\mongodb\mongodb\src\functions.php(487): MongoDB\Driver\Manager->selectServer(Object(MongoDB\Driver\ReadPreference))
 2 VENDORPATH\mongodb\mongodb\src\Collection.php(654): MongoDB\select_server(Object(MongoDB\Driver\Manager), [...])
 3 APPPATH\Models\MongoModel.php(28): MongoDB\Collection->find()
 4 APPPATH\Controllers\Home.php(15): App\Models\MongoModel->listAllProducts()
 5 SYSTEMPATH\CodeIgniter.php(919): App\Controllers\Home->index()
 6 SYSTEMPATH\CodeIgniter.php(494): CodeIgniter\CodeIgniter->runController(Object(App\Controllers\Home))
 7 SYSTEMPATH\CodeIgniter.php(353): CodeIgniter\CodeIgniter->handleRequest(null, Object(Config\Cache), false)
 8 FCPATH\index.php(79): CodeIgniter\CodeIgniter->run()
CRITICAL - 2025-03-27 13:45:18 --> No suitable servers found (`serverSelectionTryOnce` set): [connection timeout calling hello on 'cluster0-shard-00-00.yzsph.mongodb.net:27017'] [socket timeout calling hello on 'cluster0-shard-00-01.yzsph.mongodb.net:27017'] [connection timeout calling hello on 'cluster0-shard-00-02.yzsph.mongodb.net:27017']
in VENDORPATH\mongodb\mongodb\src\functions.php on line 487.
 1 VENDORPATH\mongodb\mongodb\src\functions.php(487): MongoDB\Driver\Manager->selectServer(Object(MongoDB\Driver\ReadPreference))
 2 VENDORPATH\mongodb\mongodb\src\Collection.php(654): MongoDB\select_server(Object(MongoDB\Driver\Manager), [...])
 3 APPPATH\Models\MongoModel.php(28): MongoDB\Collection->find()
 4 APPPATH\Controllers\Home.php(15): App\Models\MongoModel->listAllProducts()
 5 SYSTEMPATH\CodeIgniter.php(919): App\Controllers\Home->index()
 6 SYSTEMPATH\CodeIgniter.php(494): CodeIgniter\CodeIgniter->runController(Object(App\Controllers\Home))
 7 SYSTEMPATH\CodeIgniter.php(353): CodeIgniter\CodeIgniter->handleRequest(null, Object(Config\Cache), false)
 8 FCPATH\index.php(79): CodeIgniter\CodeIgniter->run()
CRITICAL - 2025-03-27 13:45:44 --> No suitable servers found (`serverSelectionTryOnce` set): [connection timeout calling hello on 'cluster0-shard-00-02.yzsph.mongodb.net:27017'] [socket timeout calling hello on 'cluster0-shard-00-00.yzsph.mongodb.net:27017'] [connection timeout calling hello on 'cluster0-shard-00-01.yzsph.mongodb.net:27017']
in VENDORPATH\mongodb\mongodb\src\functions.php on line 487.
 1 VENDORPATH\mongodb\mongodb\src\functions.php(487): MongoDB\Driver\Manager->selectServer(Object(MongoDB\Driver\ReadPreference))
 2 VENDORPATH\mongodb\mongodb\src\Collection.php(654): MongoDB\select_server(Object(MongoDB\Driver\Manager), [...])
 3 APPPATH\Models\MongoModel.php(28): MongoDB\Collection->find()
 4 APPPATH\Controllers\Home.php(15): App\Models\MongoModel->listAllProducts()
 5 SYSTEMPATH\CodeIgniter.php(919): App\Controllers\Home->index()
 6 SYSTEMPATH\CodeIgniter.php(494): CodeIgniter\CodeIgniter->runController(Object(App\Controllers\Home))
 7 SYSTEMPATH\CodeIgniter.php(353): CodeIgniter\CodeIgniter->handleRequest(null, Object(Config\Cache), false)
 8 FCPATH\index.php(79): CodeIgniter\CodeIgniter->run()
