WARNING - 2024-12-27 08:09:39 --> [DEPRECATED] Return type of MongoDB\Model\BSONArray::bsonSerialize() should either be compatible with MongoDB\BSON\Serializable::bsonSerialize(): stdClass|MongoDB\BSON\Document|MongoDB\BSON\PackedArray|array, or the #[\ReturnTypeWillChange] attribute should be used to temporarily suppress the notice in VENDORPATH\mongodb\mongodb\src\Model\BSONArray.php on line 74.
 1 SYSTEMPATH\Autoloader\Autoloader.php(306): include_once('C:\\xampp\\htdocs\\e-ticaret\\vendor\\mongodb\\mongodb\\src\\Model\\BSONArray.php')
 2 SYSTEMPATH\Autoloader\Autoloader.php(250): CodeIgniter\Autoloader\Autoloader->includeFile('C:\\xampp\\htdocs\\e-ticaret\\vendor\\composer/../mongodb/mongodb/src/Model/BSONArray.php')
 3 [internal function]: CodeIgniter\Autoloader\Autoloader->loadClassmap('MongoDB\\Model\\BSONArray')
 4 VENDORPATH\mongodb\mongodb\src\Operation\Find.php(344): MongoDB\Driver\Cursor->setTypeMap([...])
 5 VENDORPATH\mongodb\mongodb\src\Collection.php(666): MongoDB\Operation\Find->execute(Object(MongoDB\Driver\Server))
 6 APPPATH\Models\MongoModel.php(28): MongoDB\Collection->find()
 7 APPPATH\Controllers\Home.php(15): App\Models\MongoModel->listAllProducts()
 8 SYSTEMPATH\CodeIgniter.php(919): App\Controllers\Home->index()
 9 SYSTEMPATH\CodeIgniter.php(494): CodeIgniter\CodeIgniter->runController(Object(App\Controllers\Home))
10 SYSTEMPATH\CodeIgniter.php(353): CodeIgniter\CodeIgniter->handleRequest(null, Object(Config\Cache), false)
11 FCPATH\index.php(79): CodeIgniter\CodeIgniter->run()
WARNING - 2024-12-27 08:09:39 --> [DEPRECATED] Return type of MongoDB\Model\BSONArray::bsonUnserialize(array $data) should either be compatible with MongoDB\BSON\Unserializable::bsonUnserialize(array $data): void, or the #[\ReturnTypeWillChange] attribute should be used to temporarily suppress the notice in VENDORPATH\mongodb\mongodb\src\Model\BSONArray.php on line 85.
 1 SYSTEMPATH\Autoloader\Autoloader.php(306): include_once('C:\\xampp\\htdocs\\e-ticaret\\vendor\\mongodb\\mongodb\\src\\Model\\BSONArray.php')
 2 SYSTEMPATH\Autoloader\Autoloader.php(250): CodeIgniter\Autoloader\Autoloader->includeFile('C:\\xampp\\htdocs\\e-ticaret\\vendor\\composer/../mongodb/mongodb/src/Model/BSONArray.php')
 3 [internal function]: CodeIgniter\Autoloader\Autoloader->loadClassmap('MongoDB\\Model\\BSONArray')
 4 VENDORPATH\mongodb\mongodb\src\Operation\Find.php(344): MongoDB\Driver\Cursor->setTypeMap([...])
 5 VENDORPATH\mongodb\mongodb\src\Collection.php(666): MongoDB\Operation\Find->execute(Object(MongoDB\Driver\Server))
 6 APPPATH\Models\MongoModel.php(28): MongoDB\Collection->find()
 7 APPPATH\Controllers\Home.php(15): App\Models\MongoModel->listAllProducts()
 8 SYSTEMPATH\CodeIgniter.php(919): App\Controllers\Home->index()
 9 SYSTEMPATH\CodeIgniter.php(494): CodeIgniter\CodeIgniter->runController(Object(App\Controllers\Home))
10 SYSTEMPATH\CodeIgniter.php(353): CodeIgniter\CodeIgniter->handleRequest(null, Object(Config\Cache), false)
11 FCPATH\index.php(79): CodeIgniter\CodeIgniter->run()
WARNING - 2024-12-27 08:09:39 --> [DEPRECATED] Return type of MongoDB\Model\BSONDocument::bsonSerialize() should either be compatible with MongoDB\BSON\Serializable::bsonSerialize(): stdClass|MongoDB\BSON\Document|MongoDB\BSON\PackedArray|array, or the #[\ReturnTypeWillChange] attribute should be used to temporarily suppress the notice in VENDORPATH\mongodb\mongodb\src\Model\BSONDocument.php on line 84.
 1 SYSTEMPATH\Autoloader\Autoloader.php(306): include_once('C:\\xampp\\htdocs\\e-ticaret\\vendor\\mongodb\\mongodb\\src\\Model\\BSONDocument.php')
 2 SYSTEMPATH\Autoloader\Autoloader.php(250): CodeIgniter\Autoloader\Autoloader->includeFile('C:\\xampp\\htdocs\\e-ticaret\\vendor\\composer/../mongodb/mongodb/src/Model/BSONDocument.php')
 3 [internal function]: CodeIgniter\Autoloader\Autoloader->loadClassmap('MongoDB\\Model\\BSONDocument')
 4 VENDORPATH\mongodb\mongodb\src\Operation\Find.php(344): MongoDB\Driver\Cursor->setTypeMap([...])
 5 VENDORPATH\mongodb\mongodb\src\Collection.php(666): MongoDB\Operation\Find->execute(Object(MongoDB\Driver\Server))
 6 APPPATH\Models\MongoModel.php(28): MongoDB\Collection->find()
 7 APPPATH\Controllers\Home.php(15): App\Models\MongoModel->listAllProducts()
 8 SYSTEMPATH\CodeIgniter.php(919): App\Controllers\Home->index()
 9 SYSTEMPATH\CodeIgniter.php(494): CodeIgniter\CodeIgniter->runController(Object(App\Controllers\Home))
10 SYSTEMPATH\CodeIgniter.php(353): CodeIgniter\CodeIgniter->handleRequest(null, Object(Config\Cache), false)
11 FCPATH\index.php(79): CodeIgniter\CodeIgniter->run()
WARNING - 2024-12-27 08:09:39 --> [DEPRECATED] Return type of MongoDB\Model\BSONDocument::bsonUnserialize(array $data) should either be compatible with MongoDB\BSON\Unserializable::bsonUnserialize(array $data): void, or the #[\ReturnTypeWillChange] attribute should be used to temporarily suppress the notice in VENDORPATH\mongodb\mongodb\src\Model\BSONDocument.php on line 95.
 1 SYSTEMPATH\Autoloader\Autoloader.php(306): include_once('C:\\xampp\\htdocs\\e-ticaret\\vendor\\mongodb\\mongodb\\src\\Model\\BSONDocument.php')
 2 SYSTEMPATH\Autoloader\Autoloader.php(250): CodeIgniter\Autoloader\Autoloader->includeFile('C:\\xampp\\htdocs\\e-ticaret\\vendor\\composer/../mongodb/mongodb/src/Model/BSONDocument.php')
 3 [internal function]: CodeIgniter\Autoloader\Autoloader->loadClassmap('MongoDB\\Model\\BSONDocument')
 4 VENDORPATH\mongodb\mongodb\src\Operation\Find.php(344): MongoDB\Driver\Cursor->setTypeMap([...])
 5 VENDORPATH\mongodb\mongodb\src\Collection.php(666): MongoDB\Operation\Find->execute(Object(MongoDB\Driver\Server))
 6 APPPATH\Models\MongoModel.php(28): MongoDB\Collection->find()
 7 APPPATH\Controllers\Home.php(15): App\Models\MongoModel->listAllProducts()
 8 SYSTEMPATH\CodeIgniter.php(919): App\Controllers\Home->index()
 9 SYSTEMPATH\CodeIgniter.php(494): CodeIgniter\CodeIgniter->runController(Object(App\Controllers\Home))
10 SYSTEMPATH\CodeIgniter.php(353): CodeIgniter\CodeIgniter->handleRequest(null, Object(Config\Cache), false)
11 FCPATH\index.php(79): CodeIgniter\CodeIgniter->run()
WARNING - 2024-12-27 08:09:48 --> [DEPRECATED] Return type of MongoDB\Model\BSONArray::bsonSerialize() should either be compatible with MongoDB\BSON\Serializable::bsonSerialize(): stdClass|MongoDB\BSON\Document|MongoDB\BSON\PackedArray|array, or the #[\ReturnTypeWillChange] attribute should be used to temporarily suppress the notice in VENDORPATH\mongodb\mongodb\src\Model\BSONArray.php on line 74.
 1 SYSTEMPATH\Autoloader\Autoloader.php(306): include_once('C:\\xampp\\htdocs\\e-ticaret\\vendor\\mongodb\\mongodb\\src\\Model\\BSONArray.php')
 2 SYSTEMPATH\Autoloader\Autoloader.php(250): CodeIgniter\Autoloader\Autoloader->includeFile('C:\\xampp\\htdocs\\e-ticaret\\vendor\\composer/../mongodb/mongodb/src/Model/BSONArray.php')
 3 [internal function]: CodeIgniter\Autoloader\Autoloader->loadClassmap('MongoDB\\Model\\BSONArray')
 4 VENDORPATH\mongodb\mongodb\src\Operation\Find.php(344): MongoDB\Driver\Cursor->setTypeMap([...])
 5 VENDORPATH\mongodb\mongodb\src\Collection.php(666): MongoDB\Operation\Find->execute(Object(MongoDB\Driver\Server))
 6 APPPATH\Controllers\AdminPanel.php(29): MongoDB\Collection->find()
 7 SYSTEMPATH\CodeIgniter.php(919): App\Controllers\AdminPanel->mongoAdminPanel()
 8 SYSTEMPATH\CodeIgniter.php(494): CodeIgniter\CodeIgniter->runController(Object(App\Controllers\AdminPanel))
 9 SYSTEMPATH\CodeIgniter.php(353): CodeIgniter\CodeIgniter->handleRequest(null, Object(Config\Cache), false)
10 FCPATH\index.php(79): CodeIgniter\CodeIgniter->run()
WARNING - 2024-12-27 08:09:48 --> [DEPRECATED] Return type of MongoDB\Model\BSONArray::bsonUnserialize(array $data) should either be compatible with MongoDB\BSON\Unserializable::bsonUnserialize(array $data): void, or the #[\ReturnTypeWillChange] attribute should be used to temporarily suppress the notice in VENDORPATH\mongodb\mongodb\src\Model\BSONArray.php on line 85.
 1 SYSTEMPATH\Autoloader\Autoloader.php(306): include_once('C:\\xampp\\htdocs\\e-ticaret\\vendor\\mongodb\\mongodb\\src\\Model\\BSONArray.php')
 2 SYSTEMPATH\Autoloader\Autoloader.php(250): CodeIgniter\Autoloader\Autoloader->includeFile('C:\\xampp\\htdocs\\e-ticaret\\vendor\\composer/../mongodb/mongodb/src/Model/BSONArray.php')
 3 [internal function]: CodeIgniter\Autoloader\Autoloader->loadClassmap('MongoDB\\Model\\BSONArray')
 4 VENDORPATH\mongodb\mongodb\src\Operation\Find.php(344): MongoDB\Driver\Cursor->setTypeMap([...])
 5 VENDORPATH\mongodb\mongodb\src\Collection.php(666): MongoDB\Operation\Find->execute(Object(MongoDB\Driver\Server))
 6 APPPATH\Controllers\AdminPanel.php(29): MongoDB\Collection->find()
 7 SYSTEMPATH\CodeIgniter.php(919): App\Controllers\AdminPanel->mongoAdminPanel()
 8 SYSTEMPATH\CodeIgniter.php(494): CodeIgniter\CodeIgniter->runController(Object(App\Controllers\AdminPanel))
 9 SYSTEMPATH\CodeIgniter.php(353): CodeIgniter\CodeIgniter->handleRequest(null, Object(Config\Cache), false)
10 FCPATH\index.php(79): CodeIgniter\CodeIgniter->run()
WARNING - 2024-12-27 08:09:48 --> [DEPRECATED] Return type of MongoDB\Model\BSONDocument::bsonSerialize() should either be compatible with MongoDB\BSON\Serializable::bsonSerialize(): stdClass|MongoDB\BSON\Document|MongoDB\BSON\PackedArray|array, or the #[\ReturnTypeWillChange] attribute should be used to temporarily suppress the notice in VENDORPATH\mongodb\mongodb\src\Model\BSONDocument.php on line 84.
 1 SYSTEMPATH\Autoloader\Autoloader.php(306): include_once('C:\\xampp\\htdocs\\e-ticaret\\vendor\\mongodb\\mongodb\\src\\Model\\BSONDocument.php')
 2 SYSTEMPATH\Autoloader\Autoloader.php(250): CodeIgniter\Autoloader\Autoloader->includeFile('C:\\xampp\\htdocs\\e-ticaret\\vendor\\composer/../mongodb/mongodb/src/Model/BSONDocument.php')
 3 [internal function]: CodeIgniter\Autoloader\Autoloader->loadClassmap('MongoDB\\Model\\BSONDocument')
 4 VENDORPATH\mongodb\mongodb\src\Operation\Find.php(344): MongoDB\Driver\Cursor->setTypeMap([...])
 5 VENDORPATH\mongodb\mongodb\src\Collection.php(666): MongoDB\Operation\Find->execute(Object(MongoDB\Driver\Server))
 6 APPPATH\Controllers\AdminPanel.php(29): MongoDB\Collection->find()
 7 SYSTEMPATH\CodeIgniter.php(919): App\Controllers\AdminPanel->mongoAdminPanel()
 8 SYSTEMPATH\CodeIgniter.php(494): CodeIgniter\CodeIgniter->runController(Object(App\Controllers\AdminPanel))
 9 SYSTEMPATH\CodeIgniter.php(353): CodeIgniter\CodeIgniter->handleRequest(null, Object(Config\Cache), false)
10 FCPATH\index.php(79): CodeIgniter\CodeIgniter->run()
WARNING - 2024-12-27 08:09:48 --> [DEPRECATED] Return type of MongoDB\Model\BSONDocument::bsonUnserialize(array $data) should either be compatible with MongoDB\BSON\Unserializable::bsonUnserialize(array $data): void, or the #[\ReturnTypeWillChange] attribute should be used to temporarily suppress the notice in VENDORPATH\mongodb\mongodb\src\Model\BSONDocument.php on line 95.
 1 SYSTEMPATH\Autoloader\Autoloader.php(306): include_once('C:\\xampp\\htdocs\\e-ticaret\\vendor\\mongodb\\mongodb\\src\\Model\\BSONDocument.php')
 2 SYSTEMPATH\Autoloader\Autoloader.php(250): CodeIgniter\Autoloader\Autoloader->includeFile('C:\\xampp\\htdocs\\e-ticaret\\vendor\\composer/../mongodb/mongodb/src/Model/BSONDocument.php')
 3 [internal function]: CodeIgniter\Autoloader\Autoloader->loadClassmap('MongoDB\\Model\\BSONDocument')
 4 VENDORPATH\mongodb\mongodb\src\Operation\Find.php(344): MongoDB\Driver\Cursor->setTypeMap([...])
 5 VENDORPATH\mongodb\mongodb\src\Collection.php(666): MongoDB\Operation\Find->execute(Object(MongoDB\Driver\Server))
 6 APPPATH\Controllers\AdminPanel.php(29): MongoDB\Collection->find()
 7 SYSTEMPATH\CodeIgniter.php(919): App\Controllers\AdminPanel->mongoAdminPanel()
 8 SYSTEMPATH\CodeIgniter.php(494): CodeIgniter\CodeIgniter->runController(Object(App\Controllers\AdminPanel))
 9 SYSTEMPATH\CodeIgniter.php(353): CodeIgniter\CodeIgniter->handleRequest(null, Object(Config\Cache), false)
10 FCPATH\index.php(79): CodeIgniter\CodeIgniter->run()
INFO - 2024-12-27 08:09:52 --> Session: Class initialized using 'CodeIgniter\Session\Handlers\FileHandler' driver.
INFO - 2024-12-27 08:09:52 --> Session: Class initialized using 'CodeIgniter\Session\Handlers\FileHandler' driver.
INFO - 2024-12-27 08:10:00 --> Session: Class initialized using 'CodeIgniter\Session\Handlers\FileHandler' driver.
INFO - 2024-12-27 08:10:00 --> Session: Class initialized using 'CodeIgniter\Session\Handlers\FileHandler' driver.
WARNING - 2024-12-27 08:10:12 --> [DEPRECATED] Return type of MongoDB\Model\BSONArray::bsonSerialize() should either be compatible with MongoDB\BSON\Serializable::bsonSerialize(): stdClass|MongoDB\BSON\Document|MongoDB\BSON\PackedArray|array, or the #[\ReturnTypeWillChange] attribute should be used to temporarily suppress the notice in VENDORPATH\mongodb\mongodb\src\Model\BSONArray.php on line 74.
 1 SYSTEMPATH\Autoloader\Autoloader.php(306): include_once('C:\\xampp\\htdocs\\e-ticaret\\vendor\\mongodb\\mongodb\\src\\Model\\BSONArray.php')
 2 SYSTEMPATH\Autoloader\Autoloader.php(250): CodeIgniter\Autoloader\Autoloader->includeFile('C:\\xampp\\htdocs\\e-ticaret\\vendor\\composer/../mongodb/mongodb/src/Model/BSONArray.php')
 3 [internal function]: CodeIgniter\Autoloader\Autoloader->loadClassmap('MongoDB\\Model\\BSONArray')
 4 VENDORPATH\mongodb\mongodb\src\Operation\Find.php(344): MongoDB\Driver\Cursor->setTypeMap([...])
 5 VENDORPATH\mongodb\mongodb\src\Collection.php(666): MongoDB\Operation\Find->execute(Object(MongoDB\Driver\Server))
 6 APPPATH\Models\MongoModel.php(28): MongoDB\Collection->find()
 7 APPPATH\Controllers\Home.php(15): App\Models\MongoModel->listAllProducts()
 8 SYSTEMPATH\CodeIgniter.php(919): App\Controllers\Home->index()
 9 SYSTEMPATH\CodeIgniter.php(494): CodeIgniter\CodeIgniter->runController(Object(App\Controllers\Home))
10 SYSTEMPATH\CodeIgniter.php(353): CodeIgniter\CodeIgniter->handleRequest(null, Object(Config\Cache), false)
11 FCPATH\index.php(79): CodeIgniter\CodeIgniter->run()
WARNING - 2024-12-27 08:10:12 --> [DEPRECATED] Return type of MongoDB\Model\BSONArray::bsonUnserialize(array $data) should either be compatible with MongoDB\BSON\Unserializable::bsonUnserialize(array $data): void, or the #[\ReturnTypeWillChange] attribute should be used to temporarily suppress the notice in VENDORPATH\mongodb\mongodb\src\Model\BSONArray.php on line 85.
 1 SYSTEMPATH\Autoloader\Autoloader.php(306): include_once('C:\\xampp\\htdocs\\e-ticaret\\vendor\\mongodb\\mongodb\\src\\Model\\BSONArray.php')
 2 SYSTEMPATH\Autoloader\Autoloader.php(250): CodeIgniter\Autoloader\Autoloader->includeFile('C:\\xampp\\htdocs\\e-ticaret\\vendor\\composer/../mongodb/mongodb/src/Model/BSONArray.php')
 3 [internal function]: CodeIgniter\Autoloader\Autoloader->loadClassmap('MongoDB\\Model\\BSONArray')
 4 VENDORPATH\mongodb\mongodb\src\Operation\Find.php(344): MongoDB\Driver\Cursor->setTypeMap([...])
 5 VENDORPATH\mongodb\mongodb\src\Collection.php(666): MongoDB\Operation\Find->execute(Object(MongoDB\Driver\Server))
 6 APPPATH\Models\MongoModel.php(28): MongoDB\Collection->find()
 7 APPPATH\Controllers\Home.php(15): App\Models\MongoModel->listAllProducts()
 8 SYSTEMPATH\CodeIgniter.php(919): App\Controllers\Home->index()
 9 SYSTEMPATH\CodeIgniter.php(494): CodeIgniter\CodeIgniter->runController(Object(App\Controllers\Home))
10 SYSTEMPATH\CodeIgniter.php(353): CodeIgniter\CodeIgniter->handleRequest(null, Object(Config\Cache), false)
11 FCPATH\index.php(79): CodeIgniter\CodeIgniter->run()
WARNING - 2024-12-27 08:10:12 --> [DEPRECATED] Return type of MongoDB\Model\BSONDocument::bsonSerialize() should either be compatible with MongoDB\BSON\Serializable::bsonSerialize(): stdClass|MongoDB\BSON\Document|MongoDB\BSON\PackedArray|array, or the #[\ReturnTypeWillChange] attribute should be used to temporarily suppress the notice in VENDORPATH\mongodb\mongodb\src\Model\BSONDocument.php on line 84.
 1 SYSTEMPATH\Autoloader\Autoloader.php(306): include_once('C:\\xampp\\htdocs\\e-ticaret\\vendor\\mongodb\\mongodb\\src\\Model\\BSONDocument.php')
 2 SYSTEMPATH\Autoloader\Autoloader.php(250): CodeIgniter\Autoloader\Autoloader->includeFile('C:\\xampp\\htdocs\\e-ticaret\\vendor\\composer/../mongodb/mongodb/src/Model/BSONDocument.php')
 3 [internal function]: CodeIgniter\Autoloader\Autoloader->loadClassmap('MongoDB\\Model\\BSONDocument')
 4 VENDORPATH\mongodb\mongodb\src\Operation\Find.php(344): MongoDB\Driver\Cursor->setTypeMap([...])
 5 VENDORPATH\mongodb\mongodb\src\Collection.php(666): MongoDB\Operation\Find->execute(Object(MongoDB\Driver\Server))
 6 APPPATH\Models\MongoModel.php(28): MongoDB\Collection->find()
 7 APPPATH\Controllers\Home.php(15): App\Models\MongoModel->listAllProducts()
 8 SYSTEMPATH\CodeIgniter.php(919): App\Controllers\Home->index()
 9 SYSTEMPATH\CodeIgniter.php(494): CodeIgniter\CodeIgniter->runController(Object(App\Controllers\Home))
10 SYSTEMPATH\CodeIgniter.php(353): CodeIgniter\CodeIgniter->handleRequest(null, Object(Config\Cache), false)
11 FCPATH\index.php(79): CodeIgniter\CodeIgniter->run()
WARNING - 2024-12-27 08:10:12 --> [DEPRECATED] Return type of MongoDB\Model\BSONDocument::bsonUnserialize(array $data) should either be compatible with MongoDB\BSON\Unserializable::bsonUnserialize(array $data): void, or the #[\ReturnTypeWillChange] attribute should be used to temporarily suppress the notice in VENDORPATH\mongodb\mongodb\src\Model\BSONDocument.php on line 95.
 1 SYSTEMPATH\Autoloader\Autoloader.php(306): include_once('C:\\xampp\\htdocs\\e-ticaret\\vendor\\mongodb\\mongodb\\src\\Model\\BSONDocument.php')
 2 SYSTEMPATH\Autoloader\Autoloader.php(250): CodeIgniter\Autoloader\Autoloader->includeFile('C:\\xampp\\htdocs\\e-ticaret\\vendor\\composer/../mongodb/mongodb/src/Model/BSONDocument.php')
 3 [internal function]: CodeIgniter\Autoloader\Autoloader->loadClassmap('MongoDB\\Model\\BSONDocument')
 4 VENDORPATH\mongodb\mongodb\src\Operation\Find.php(344): MongoDB\Driver\Cursor->setTypeMap([...])
 5 VENDORPATH\mongodb\mongodb\src\Collection.php(666): MongoDB\Operation\Find->execute(Object(MongoDB\Driver\Server))
 6 APPPATH\Models\MongoModel.php(28): MongoDB\Collection->find()
 7 APPPATH\Controllers\Home.php(15): App\Models\MongoModel->listAllProducts()
 8 SYSTEMPATH\CodeIgniter.php(919): App\Controllers\Home->index()
 9 SYSTEMPATH\CodeIgniter.php(494): CodeIgniter\CodeIgniter->runController(Object(App\Controllers\Home))
10 SYSTEMPATH\CodeIgniter.php(353): CodeIgniter\CodeIgniter->handleRequest(null, Object(Config\Cache), false)
11 FCPATH\index.php(79): CodeIgniter\CodeIgniter->run()
INFO - 2024-12-27 08:10:14 --> Session: Class initialized using 'CodeIgniter\Session\Handlers\FileHandler' driver.
INFO - 2024-12-27 08:10:24 --> Session: Class initialized using 'CodeIgniter\Session\Handlers\FileHandler' driver.
INFO - 2024-12-27 08:10:24 --> Session: Class initialized using 'CodeIgniter\Session\Handlers\FileHandler' driver.
INFO - 2024-12-27 08:10:28 --> Session: Class initialized using 'CodeIgniter\Session\Handlers\FileHandler' driver.
INFO - 2024-12-27 08:10:28 --> Session: Class initialized using 'CodeIgniter\Session\Handlers\FileHandler' driver.
INFO - 2024-12-27 08:10:46 --> Session: Class initialized using 'CodeIgniter\Session\Handlers\FileHandler' driver.
INFO - 2024-12-27 08:10:56 --> Session: Class initialized using 'CodeIgniter\Session\Handlers\FileHandler' driver.
INFO - 2024-12-27 08:11:06 --> Session: Class initialized using 'CodeIgniter\Session\Handlers\FileHandler' driver.
WARNING - 2024-12-27 08:11:09 --> [DEPRECATED] Return type of MongoDB\Model\BSONArray::bsonSerialize() should either be compatible with MongoDB\BSON\Serializable::bsonSerialize(): stdClass|MongoDB\BSON\Document|MongoDB\BSON\PackedArray|array, or the #[\ReturnTypeWillChange] attribute should be used to temporarily suppress the notice in VENDORPATH\mongodb\mongodb\src\Model\BSONArray.php on line 74.
 1 SYSTEMPATH\Autoloader\Autoloader.php(306): include_once('C:\\xampp\\htdocs\\e-ticaret\\vendor\\mongodb\\mongodb\\src\\Model\\BSONArray.php')
 2 SYSTEMPATH\Autoloader\Autoloader.php(250): CodeIgniter\Autoloader\Autoloader->includeFile('C:\\xampp\\htdocs\\e-ticaret\\vendor\\composer/../mongodb/mongodb/src/Model/BSONArray.php')
 3 [internal function]: CodeIgniter\Autoloader\Autoloader->loadClassmap('MongoDB\\Model\\BSONArray')
 4 VENDORPATH\mongodb\mongodb\src\Operation\Find.php(344): MongoDB\Driver\Cursor->setTypeMap([...])
 5 VENDORPATH\mongodb\mongodb\src\Collection.php(666): MongoDB\Operation\Find->execute(Object(MongoDB\Driver\Server))
 6 APPPATH\Models\MongoModel.php(28): MongoDB\Collection->find()
 7 APPPATH\Controllers\Home.php(15): App\Models\MongoModel->listAllProducts()
 8 SYSTEMPATH\CodeIgniter.php(919): App\Controllers\Home->index()
 9 SYSTEMPATH\CodeIgniter.php(494): CodeIgniter\CodeIgniter->runController(Object(App\Controllers\Home))
10 SYSTEMPATH\CodeIgniter.php(353): CodeIgniter\CodeIgniter->handleRequest(null, Object(Config\Cache), false)
11 FCPATH\index.php(79): CodeIgniter\CodeIgniter->run()
WARNING - 2024-12-27 08:11:09 --> [DEPRECATED] Return type of MongoDB\Model\BSONArray::bsonUnserialize(array $data) should either be compatible with MongoDB\BSON\Unserializable::bsonUnserialize(array $data): void, or the #[\ReturnTypeWillChange] attribute should be used to temporarily suppress the notice in VENDORPATH\mongodb\mongodb\src\Model\BSONArray.php on line 85.
 1 SYSTEMPATH\Autoloader\Autoloader.php(306): include_once('C:\\xampp\\htdocs\\e-ticaret\\vendor\\mongodb\\mongodb\\src\\Model\\BSONArray.php')
 2 SYSTEMPATH\Autoloader\Autoloader.php(250): CodeIgniter\Autoloader\Autoloader->includeFile('C:\\xampp\\htdocs\\e-ticaret\\vendor\\composer/../mongodb/mongodb/src/Model/BSONArray.php')
 3 [internal function]: CodeIgniter\Autoloader\Autoloader->loadClassmap('MongoDB\\Model\\BSONArray')
 4 VENDORPATH\mongodb\mongodb\src\Operation\Find.php(344): MongoDB\Driver\Cursor->setTypeMap([...])
 5 VENDORPATH\mongodb\mongodb\src\Collection.php(666): MongoDB\Operation\Find->execute(Object(MongoDB\Driver\Server))
 6 APPPATH\Models\MongoModel.php(28): MongoDB\Collection->find()
 7 APPPATH\Controllers\Home.php(15): App\Models\MongoModel->listAllProducts()
 8 SYSTEMPATH\CodeIgniter.php(919): App\Controllers\Home->index()
 9 SYSTEMPATH\CodeIgniter.php(494): CodeIgniter\CodeIgniter->runController(Object(App\Controllers\Home))
10 SYSTEMPATH\CodeIgniter.php(353): CodeIgniter\CodeIgniter->handleRequest(null, Object(Config\Cache), false)
11 FCPATH\index.php(79): CodeIgniter\CodeIgniter->run()
WARNING - 2024-12-27 08:11:09 --> [DEPRECATED] Return type of MongoDB\Model\BSONDocument::bsonSerialize() should either be compatible with MongoDB\BSON\Serializable::bsonSerialize(): stdClass|MongoDB\BSON\Document|MongoDB\BSON\PackedArray|array, or the #[\ReturnTypeWillChange] attribute should be used to temporarily suppress the notice in VENDORPATH\mongodb\mongodb\src\Model\BSONDocument.php on line 84.
 1 SYSTEMPATH\Autoloader\Autoloader.php(306): include_once('C:\\xampp\\htdocs\\e-ticaret\\vendor\\mongodb\\mongodb\\src\\Model\\BSONDocument.php')
 2 SYSTEMPATH\Autoloader\Autoloader.php(250): CodeIgniter\Autoloader\Autoloader->includeFile('C:\\xampp\\htdocs\\e-ticaret\\vendor\\composer/../mongodb/mongodb/src/Model/BSONDocument.php')
 3 [internal function]: CodeIgniter\Autoloader\Autoloader->loadClassmap('MongoDB\\Model\\BSONDocument')
 4 VENDORPATH\mongodb\mongodb\src\Operation\Find.php(344): MongoDB\Driver\Cursor->setTypeMap([...])
 5 VENDORPATH\mongodb\mongodb\src\Collection.php(666): MongoDB\Operation\Find->execute(Object(MongoDB\Driver\Server))
 6 APPPATH\Models\MongoModel.php(28): MongoDB\Collection->find()
 7 APPPATH\Controllers\Home.php(15): App\Models\MongoModel->listAllProducts()
 8 SYSTEMPATH\CodeIgniter.php(919): App\Controllers\Home->index()
 9 SYSTEMPATH\CodeIgniter.php(494): CodeIgniter\CodeIgniter->runController(Object(App\Controllers\Home))
10 SYSTEMPATH\CodeIgniter.php(353): CodeIgniter\CodeIgniter->handleRequest(null, Object(Config\Cache), false)
11 FCPATH\index.php(79): CodeIgniter\CodeIgniter->run()
WARNING - 2024-12-27 08:11:09 --> [DEPRECATED] Return type of MongoDB\Model\BSONDocument::bsonUnserialize(array $data) should either be compatible with MongoDB\BSON\Unserializable::bsonUnserialize(array $data): void, or the #[\ReturnTypeWillChange] attribute should be used to temporarily suppress the notice in VENDORPATH\mongodb\mongodb\src\Model\BSONDocument.php on line 95.
 1 SYSTEMPATH\Autoloader\Autoloader.php(306): include_once('C:\\xampp\\htdocs\\e-ticaret\\vendor\\mongodb\\mongodb\\src\\Model\\BSONDocument.php')
 2 SYSTEMPATH\Autoloader\Autoloader.php(250): CodeIgniter\Autoloader\Autoloader->includeFile('C:\\xampp\\htdocs\\e-ticaret\\vendor\\composer/../mongodb/mongodb/src/Model/BSONDocument.php')
 3 [internal function]: CodeIgniter\Autoloader\Autoloader->loadClassmap('MongoDB\\Model\\BSONDocument')
 4 VENDORPATH\mongodb\mongodb\src\Operation\Find.php(344): MongoDB\Driver\Cursor->setTypeMap([...])
 5 VENDORPATH\mongodb\mongodb\src\Collection.php(666): MongoDB\Operation\Find->execute(Object(MongoDB\Driver\Server))
 6 APPPATH\Models\MongoModel.php(28): MongoDB\Collection->find()
 7 APPPATH\Controllers\Home.php(15): App\Models\MongoModel->listAllProducts()
 8 SYSTEMPATH\CodeIgniter.php(919): App\Controllers\Home->index()
 9 SYSTEMPATH\CodeIgniter.php(494): CodeIgniter\CodeIgniter->runController(Object(App\Controllers\Home))
10 SYSTEMPATH\CodeIgniter.php(353): CodeIgniter\CodeIgniter->handleRequest(null, Object(Config\Cache), false)
11 FCPATH\index.php(79): CodeIgniter\CodeIgniter->run()
WARNING - 2024-12-27 08:11:22 --> [DEPRECATED] MongoDB\Driver\ReadPreference::__construct(): Passing an integer mode to &quot;MongoDB\Driver\ReadPreference::__construct&quot; is deprecated and will be removed in a future release. in VENDORPATH\mongodb\mongodb\src\functions.php on line 484.
 1 VENDORPATH\mongodb\mongodb\src\functions.php(484): MongoDB\Driver\ReadPreference->__construct(1)
 2 VENDORPATH\mongodb\mongodb\src\Collection.php(1109): MongoDB\select_server(Object(MongoDB\Driver\Manager), [...])
 3 APPPATH\Controllers\AdminPanel.php(149): MongoDB\Collection->updateOne([...], [...])
 4 SYSTEMPATH\CodeIgniter.php(919): App\Controllers\AdminPanel->editProduct()
 5 SYSTEMPATH\CodeIgniter.php(494): CodeIgniter\CodeIgniter->runController(Object(App\Controllers\AdminPanel))
 6 SYSTEMPATH\CodeIgniter.php(353): CodeIgniter\CodeIgniter->handleRequest(null, Object(Config\Cache), false)
 7 FCPATH\index.php(79): CodeIgniter\CodeIgniter->run()
INFO - 2024-12-27 08:11:23 --> Session: Class initialized using 'CodeIgniter\Session\Handlers\FileHandler' driver.
WARNING - 2024-12-27 08:11:23 --> [DEPRECATED] Return type of MongoDB\Model\BSONArray::bsonSerialize() should either be compatible with MongoDB\BSON\Serializable::bsonSerialize(): stdClass|MongoDB\BSON\Document|MongoDB\BSON\PackedArray|array, or the #[\ReturnTypeWillChange] attribute should be used to temporarily suppress the notice in VENDORPATH\mongodb\mongodb\src\Model\BSONArray.php on line 74.
 1 SYSTEMPATH\Autoloader\Autoloader.php(306): include_once('C:\\xampp\\htdocs\\e-ticaret\\vendor\\mongodb\\mongodb\\src\\Model\\BSONArray.php')
 2 SYSTEMPATH\Autoloader\Autoloader.php(250): CodeIgniter\Autoloader\Autoloader->includeFile('C:\\xampp\\htdocs\\e-ticaret\\vendor\\composer/../mongodb/mongodb/src/Model/BSONArray.php')
 3 [internal function]: CodeIgniter\Autoloader\Autoloader->loadClassmap('MongoDB\\Model\\BSONArray')
 4 VENDORPATH\mongodb\mongodb\src\Operation\Find.php(344): MongoDB\Driver\Cursor->setTypeMap([...])
 5 VENDORPATH\mongodb\mongodb\src\Collection.php(666): MongoDB\Operation\Find->execute(Object(MongoDB\Driver\Server))
 6 APPPATH\Controllers\AdminPanel.php(29): MongoDB\Collection->find()
 7 SYSTEMPATH\CodeIgniter.php(919): App\Controllers\AdminPanel->mongoAdminPanel()
 8 SYSTEMPATH\CodeIgniter.php(494): CodeIgniter\CodeIgniter->runController(Object(App\Controllers\AdminPanel))
 9 SYSTEMPATH\CodeIgniter.php(353): CodeIgniter\CodeIgniter->handleRequest(null, Object(Config\Cache), false)
10 FCPATH\index.php(79): CodeIgniter\CodeIgniter->run()
WARNING - 2024-12-27 08:11:23 --> [DEPRECATED] Return type of MongoDB\Model\BSONArray::bsonUnserialize(array $data) should either be compatible with MongoDB\BSON\Unserializable::bsonUnserialize(array $data): void, or the #[\ReturnTypeWillChange] attribute should be used to temporarily suppress the notice in VENDORPATH\mongodb\mongodb\src\Model\BSONArray.php on line 85.
 1 SYSTEMPATH\Autoloader\Autoloader.php(306): include_once('C:\\xampp\\htdocs\\e-ticaret\\vendor\\mongodb\\mongodb\\src\\Model\\BSONArray.php')
 2 SYSTEMPATH\Autoloader\Autoloader.php(250): CodeIgniter\Autoloader\Autoloader->includeFile('C:\\xampp\\htdocs\\e-ticaret\\vendor\\composer/../mongodb/mongodb/src/Model/BSONArray.php')
 3 [internal function]: CodeIgniter\Autoloader\Autoloader->loadClassmap('MongoDB\\Model\\BSONArray')
 4 VENDORPATH\mongodb\mongodb\src\Operation\Find.php(344): MongoDB\Driver\Cursor->setTypeMap([...])
 5 VENDORPATH\mongodb\mongodb\src\Collection.php(666): MongoDB\Operation\Find->execute(Object(MongoDB\Driver\Server))
 6 APPPATH\Controllers\AdminPanel.php(29): MongoDB\Collection->find()
 7 SYSTEMPATH\CodeIgniter.php(919): App\Controllers\AdminPanel->mongoAdminPanel()
 8 SYSTEMPATH\CodeIgniter.php(494): CodeIgniter\CodeIgniter->runController(Object(App\Controllers\AdminPanel))
 9 SYSTEMPATH\CodeIgniter.php(353): CodeIgniter\CodeIgniter->handleRequest(null, Object(Config\Cache), false)
10 FCPATH\index.php(79): CodeIgniter\CodeIgniter->run()
WARNING - 2024-12-27 08:11:23 --> [DEPRECATED] Return type of MongoDB\Model\BSONDocument::bsonSerialize() should either be compatible with MongoDB\BSON\Serializable::bsonSerialize(): stdClass|MongoDB\BSON\Document|MongoDB\BSON\PackedArray|array, or the #[\ReturnTypeWillChange] attribute should be used to temporarily suppress the notice in VENDORPATH\mongodb\mongodb\src\Model\BSONDocument.php on line 84.
 1 SYSTEMPATH\Autoloader\Autoloader.php(306): include_once('C:\\xampp\\htdocs\\e-ticaret\\vendor\\mongodb\\mongodb\\src\\Model\\BSONDocument.php')
 2 SYSTEMPATH\Autoloader\Autoloader.php(250): CodeIgniter\Autoloader\Autoloader->includeFile('C:\\xampp\\htdocs\\e-ticaret\\vendor\\composer/../mongodb/mongodb/src/Model/BSONDocument.php')
 3 [internal function]: CodeIgniter\Autoloader\Autoloader->loadClassmap('MongoDB\\Model\\BSONDocument')
 4 VENDORPATH\mongodb\mongodb\src\Operation\Find.php(344): MongoDB\Driver\Cursor->setTypeMap([...])
 5 VENDORPATH\mongodb\mongodb\src\Collection.php(666): MongoDB\Operation\Find->execute(Object(MongoDB\Driver\Server))
 6 APPPATH\Controllers\AdminPanel.php(29): MongoDB\Collection->find()
 7 SYSTEMPATH\CodeIgniter.php(919): App\Controllers\AdminPanel->mongoAdminPanel()
 8 SYSTEMPATH\CodeIgniter.php(494): CodeIgniter\CodeIgniter->runController(Object(App\Controllers\AdminPanel))
 9 SYSTEMPATH\CodeIgniter.php(353): CodeIgniter\CodeIgniter->handleRequest(null, Object(Config\Cache), false)
10 FCPATH\index.php(79): CodeIgniter\CodeIgniter->run()
WARNING - 2024-12-27 08:11:23 --> [DEPRECATED] Return type of MongoDB\Model\BSONDocument::bsonUnserialize(array $data) should either be compatible with MongoDB\BSON\Unserializable::bsonUnserialize(array $data): void, or the #[\ReturnTypeWillChange] attribute should be used to temporarily suppress the notice in VENDORPATH\mongodb\mongodb\src\Model\BSONDocument.php on line 95.
 1 SYSTEMPATH\Autoloader\Autoloader.php(306): include_once('C:\\xampp\\htdocs\\e-ticaret\\vendor\\mongodb\\mongodb\\src\\Model\\BSONDocument.php')
 2 SYSTEMPATH\Autoloader\Autoloader.php(250): CodeIgniter\Autoloader\Autoloader->includeFile('C:\\xampp\\htdocs\\e-ticaret\\vendor\\composer/../mongodb/mongodb/src/Model/BSONDocument.php')
 3 [internal function]: CodeIgniter\Autoloader\Autoloader->loadClassmap('MongoDB\\Model\\BSONDocument')
 4 VENDORPATH\mongodb\mongodb\src\Operation\Find.php(344): MongoDB\Driver\Cursor->setTypeMap([...])
 5 VENDORPATH\mongodb\mongodb\src\Collection.php(666): MongoDB\Operation\Find->execute(Object(MongoDB\Driver\Server))
 6 APPPATH\Controllers\AdminPanel.php(29): MongoDB\Collection->find()
 7 SYSTEMPATH\CodeIgniter.php(919): App\Controllers\AdminPanel->mongoAdminPanel()
 8 SYSTEMPATH\CodeIgniter.php(494): CodeIgniter\CodeIgniter->runController(Object(App\Controllers\AdminPanel))
 9 SYSTEMPATH\CodeIgniter.php(353): CodeIgniter\CodeIgniter->handleRequest(null, Object(Config\Cache), false)
10 FCPATH\index.php(79): CodeIgniter\CodeIgniter->run()
WARNING - 2024-12-27 08:11:26 --> [DEPRECATED] Return type of MongoDB\Model\BSONArray::bsonSerialize() should either be compatible with MongoDB\BSON\Serializable::bsonSerialize(): stdClass|MongoDB\BSON\Document|MongoDB\BSON\PackedArray|array, or the #[\ReturnTypeWillChange] attribute should be used to temporarily suppress the notice in VENDORPATH\mongodb\mongodb\src\Model\BSONArray.php on line 74.
 1 SYSTEMPATH\Autoloader\Autoloader.php(306): include_once('C:\\xampp\\htdocs\\e-ticaret\\vendor\\mongodb\\mongodb\\src\\Model\\BSONArray.php')
 2 SYSTEMPATH\Autoloader\Autoloader.php(250): CodeIgniter\Autoloader\Autoloader->includeFile('C:\\xampp\\htdocs\\e-ticaret\\vendor\\composer/../mongodb/mongodb/src/Model/BSONArray.php')
 3 [internal function]: CodeIgniter\Autoloader\Autoloader->loadClassmap('MongoDB\\Model\\BSONArray')
 4 VENDORPATH\mongodb\mongodb\src\Operation\Find.php(344): MongoDB\Driver\Cursor->setTypeMap([...])
 5 VENDORPATH\mongodb\mongodb\src\Collection.php(666): MongoDB\Operation\Find->execute(Object(MongoDB\Driver\Server))
 6 APPPATH\Models\MongoModel.php(28): MongoDB\Collection->find()
 7 APPPATH\Controllers\Home.php(15): App\Models\MongoModel->listAllProducts()
 8 SYSTEMPATH\CodeIgniter.php(919): App\Controllers\Home->index()
 9 SYSTEMPATH\CodeIgniter.php(494): CodeIgniter\CodeIgniter->runController(Object(App\Controllers\Home))
10 SYSTEMPATH\CodeIgniter.php(353): CodeIgniter\CodeIgniter->handleRequest(null, Object(Config\Cache), false)
11 FCPATH\index.php(79): CodeIgniter\CodeIgniter->run()
WARNING - 2024-12-27 08:11:26 --> [DEPRECATED] Return type of MongoDB\Model\BSONArray::bsonUnserialize(array $data) should either be compatible with MongoDB\BSON\Unserializable::bsonUnserialize(array $data): void, or the #[\ReturnTypeWillChange] attribute should be used to temporarily suppress the notice in VENDORPATH\mongodb\mongodb\src\Model\BSONArray.php on line 85.
 1 SYSTEMPATH\Autoloader\Autoloader.php(306): include_once('C:\\xampp\\htdocs\\e-ticaret\\vendor\\mongodb\\mongodb\\src\\Model\\BSONArray.php')
 2 SYSTEMPATH\Autoloader\Autoloader.php(250): CodeIgniter\Autoloader\Autoloader->includeFile('C:\\xampp\\htdocs\\e-ticaret\\vendor\\composer/../mongodb/mongodb/src/Model/BSONArray.php')
 3 [internal function]: CodeIgniter\Autoloader\Autoloader->loadClassmap('MongoDB\\Model\\BSONArray')
 4 VENDORPATH\mongodb\mongodb\src\Operation\Find.php(344): MongoDB\Driver\Cursor->setTypeMap([...])
 5 VENDORPATH\mongodb\mongodb\src\Collection.php(666): MongoDB\Operation\Find->execute(Object(MongoDB\Driver\Server))
 6 APPPATH\Models\MongoModel.php(28): MongoDB\Collection->find()
 7 APPPATH\Controllers\Home.php(15): App\Models\MongoModel->listAllProducts()
 8 SYSTEMPATH\CodeIgniter.php(919): App\Controllers\Home->index()
 9 SYSTEMPATH\CodeIgniter.php(494): CodeIgniter\CodeIgniter->runController(Object(App\Controllers\Home))
10 SYSTEMPATH\CodeIgniter.php(353): CodeIgniter\CodeIgniter->handleRequest(null, Object(Config\Cache), false)
11 FCPATH\index.php(79): CodeIgniter\CodeIgniter->run()
WARNING - 2024-12-27 08:11:26 --> [DEPRECATED] Return type of MongoDB\Model\BSONDocument::bsonSerialize() should either be compatible with MongoDB\BSON\Serializable::bsonSerialize(): stdClass|MongoDB\BSON\Document|MongoDB\BSON\PackedArray|array, or the #[\ReturnTypeWillChange] attribute should be used to temporarily suppress the notice in VENDORPATH\mongodb\mongodb\src\Model\BSONDocument.php on line 84.
 1 SYSTEMPATH\Autoloader\Autoloader.php(306): include_once('C:\\xampp\\htdocs\\e-ticaret\\vendor\\mongodb\\mongodb\\src\\Model\\BSONDocument.php')
 2 SYSTEMPATH\Autoloader\Autoloader.php(250): CodeIgniter\Autoloader\Autoloader->includeFile('C:\\xampp\\htdocs\\e-ticaret\\vendor\\composer/../mongodb/mongodb/src/Model/BSONDocument.php')
 3 [internal function]: CodeIgniter\Autoloader\Autoloader->loadClassmap('MongoDB\\Model\\BSONDocument')
 4 VENDORPATH\mongodb\mongodb\src\Operation\Find.php(344): MongoDB\Driver\Cursor->setTypeMap([...])
 5 VENDORPATH\mongodb\mongodb\src\Collection.php(666): MongoDB\Operation\Find->execute(Object(MongoDB\Driver\Server))
 6 APPPATH\Models\MongoModel.php(28): MongoDB\Collection->find()
 7 APPPATH\Controllers\Home.php(15): App\Models\MongoModel->listAllProducts()
 8 SYSTEMPATH\CodeIgniter.php(919): App\Controllers\Home->index()
 9 SYSTEMPATH\CodeIgniter.php(494): CodeIgniter\CodeIgniter->runController(Object(App\Controllers\Home))
10 SYSTEMPATH\CodeIgniter.php(353): CodeIgniter\CodeIgniter->handleRequest(null, Object(Config\Cache), false)
11 FCPATH\index.php(79): CodeIgniter\CodeIgniter->run()
WARNING - 2024-12-27 08:11:26 --> [DEPRECATED] Return type of MongoDB\Model\BSONDocument::bsonUnserialize(array $data) should either be compatible with MongoDB\BSON\Unserializable::bsonUnserialize(array $data): void, or the #[\ReturnTypeWillChange] attribute should be used to temporarily suppress the notice in VENDORPATH\mongodb\mongodb\src\Model\BSONDocument.php on line 95.
 1 SYSTEMPATH\Autoloader\Autoloader.php(306): include_once('C:\\xampp\\htdocs\\e-ticaret\\vendor\\mongodb\\mongodb\\src\\Model\\BSONDocument.php')
 2 SYSTEMPATH\Autoloader\Autoloader.php(250): CodeIgniter\Autoloader\Autoloader->includeFile('C:\\xampp\\htdocs\\e-ticaret\\vendor\\composer/../mongodb/mongodb/src/Model/BSONDocument.php')
 3 [internal function]: CodeIgniter\Autoloader\Autoloader->loadClassmap('MongoDB\\Model\\BSONDocument')
 4 VENDORPATH\mongodb\mongodb\src\Operation\Find.php(344): MongoDB\Driver\Cursor->setTypeMap([...])
 5 VENDORPATH\mongodb\mongodb\src\Collection.php(666): MongoDB\Operation\Find->execute(Object(MongoDB\Driver\Server))
 6 APPPATH\Models\MongoModel.php(28): MongoDB\Collection->find()
 7 APPPATH\Controllers\Home.php(15): App\Models\MongoModel->listAllProducts()
 8 SYSTEMPATH\CodeIgniter.php(919): App\Controllers\Home->index()
 9 SYSTEMPATH\CodeIgniter.php(494): CodeIgniter\CodeIgniter->runController(Object(App\Controllers\Home))
10 SYSTEMPATH\CodeIgniter.php(353): CodeIgniter\CodeIgniter->handleRequest(null, Object(Config\Cache), false)
11 FCPATH\index.php(79): CodeIgniter\CodeIgniter->run()
WARNING - 2024-12-27 08:12:22 --> [DEPRECATED] Return type of MongoDB\Model\BSONArray::bsonSerialize() should either be compatible with MongoDB\BSON\Serializable::bsonSerialize(): stdClass|MongoDB\BSON\Document|MongoDB\BSON\PackedArray|array, or the #[\ReturnTypeWillChange] attribute should be used to temporarily suppress the notice in VENDORPATH\mongodb\mongodb\src\Model\BSONArray.php on line 74.
 1 SYSTEMPATH\Autoloader\Autoloader.php(306): include_once('C:\\xampp\\htdocs\\e-ticaret\\vendor\\mongodb\\mongodb\\src\\Model\\BSONArray.php')
 2 SYSTEMPATH\Autoloader\Autoloader.php(250): CodeIgniter\Autoloader\Autoloader->includeFile('C:\\xampp\\htdocs\\e-ticaret\\vendor\\composer/../mongodb/mongodb/src/Model/BSONArray.php')
 3 [internal function]: CodeIgniter\Autoloader\Autoloader->loadClassmap('MongoDB\\Model\\BSONArray')
 4 VENDORPATH\mongodb\mongodb\src\Operation\Find.php(344): MongoDB\Driver\Cursor->setTypeMap([...])
 5 VENDORPATH\mongodb\mongodb\src\Collection.php(666): MongoDB\Operation\Find->execute(Object(MongoDB\Driver\Server))
 6 APPPATH\Models\MongoModel.php(28): MongoDB\Collection->find()
 7 APPPATH\Controllers\Home.php(15): App\Models\MongoModel->listAllProducts()
 8 SYSTEMPATH\CodeIgniter.php(919): App\Controllers\Home->index()
 9 SYSTEMPATH\CodeIgniter.php(494): CodeIgniter\CodeIgniter->runController(Object(App\Controllers\Home))
10 SYSTEMPATH\CodeIgniter.php(353): CodeIgniter\CodeIgniter->handleRequest(null, Object(Config\Cache), false)
11 FCPATH\index.php(79): CodeIgniter\CodeIgniter->run()
WARNING - 2024-12-27 08:12:22 --> [DEPRECATED] Return type of MongoDB\Model\BSONArray::bsonUnserialize(array $data) should either be compatible with MongoDB\BSON\Unserializable::bsonUnserialize(array $data): void, or the #[\ReturnTypeWillChange] attribute should be used to temporarily suppress the notice in VENDORPATH\mongodb\mongodb\src\Model\BSONArray.php on line 85.
 1 SYSTEMPATH\Autoloader\Autoloader.php(306): include_once('C:\\xampp\\htdocs\\e-ticaret\\vendor\\mongodb\\mongodb\\src\\Model\\BSONArray.php')
 2 SYSTEMPATH\Autoloader\Autoloader.php(250): CodeIgniter\Autoloader\Autoloader->includeFile('C:\\xampp\\htdocs\\e-ticaret\\vendor\\composer/../mongodb/mongodb/src/Model/BSONArray.php')
 3 [internal function]: CodeIgniter\Autoloader\Autoloader->loadClassmap('MongoDB\\Model\\BSONArray')
 4 VENDORPATH\mongodb\mongodb\src\Operation\Find.php(344): MongoDB\Driver\Cursor->setTypeMap([...])
 5 VENDORPATH\mongodb\mongodb\src\Collection.php(666): MongoDB\Operation\Find->execute(Object(MongoDB\Driver\Server))
 6 APPPATH\Models\MongoModel.php(28): MongoDB\Collection->find()
 7 APPPATH\Controllers\Home.php(15): App\Models\MongoModel->listAllProducts()
 8 SYSTEMPATH\CodeIgniter.php(919): App\Controllers\Home->index()
 9 SYSTEMPATH\CodeIgniter.php(494): CodeIgniter\CodeIgniter->runController(Object(App\Controllers\Home))
10 SYSTEMPATH\CodeIgniter.php(353): CodeIgniter\CodeIgniter->handleRequest(null, Object(Config\Cache), false)
11 FCPATH\index.php(79): CodeIgniter\CodeIgniter->run()
WARNING - 2024-12-27 08:12:22 --> [DEPRECATED] Return type of MongoDB\Model\BSONDocument::bsonSerialize() should either be compatible with MongoDB\BSON\Serializable::bsonSerialize(): stdClass|MongoDB\BSON\Document|MongoDB\BSON\PackedArray|array, or the #[\ReturnTypeWillChange] attribute should be used to temporarily suppress the notice in VENDORPATH\mongodb\mongodb\src\Model\BSONDocument.php on line 84.
 1 SYSTEMPATH\Autoloader\Autoloader.php(306): include_once('C:\\xampp\\htdocs\\e-ticaret\\vendor\\mongodb\\mongodb\\src\\Model\\BSONDocument.php')
 2 SYSTEMPATH\Autoloader\Autoloader.php(250): CodeIgniter\Autoloader\Autoloader->includeFile('C:\\xampp\\htdocs\\e-ticaret\\vendor\\composer/../mongodb/mongodb/src/Model/BSONDocument.php')
 3 [internal function]: CodeIgniter\Autoloader\Autoloader->loadClassmap('MongoDB\\Model\\BSONDocument')
 4 VENDORPATH\mongodb\mongodb\src\Operation\Find.php(344): MongoDB\Driver\Cursor->setTypeMap([...])
 5 VENDORPATH\mongodb\mongodb\src\Collection.php(666): MongoDB\Operation\Find->execute(Object(MongoDB\Driver\Server))
 6 APPPATH\Models\MongoModel.php(28): MongoDB\Collection->find()
 7 APPPATH\Controllers\Home.php(15): App\Models\MongoModel->listAllProducts()
 8 SYSTEMPATH\CodeIgniter.php(919): App\Controllers\Home->index()
 9 SYSTEMPATH\CodeIgniter.php(494): CodeIgniter\CodeIgniter->runController(Object(App\Controllers\Home))
10 SYSTEMPATH\CodeIgniter.php(353): CodeIgniter\CodeIgniter->handleRequest(null, Object(Config\Cache), false)
11 FCPATH\index.php(79): CodeIgniter\CodeIgniter->run()
WARNING - 2024-12-27 08:12:22 --> [DEPRECATED] Return type of MongoDB\Model\BSONDocument::bsonUnserialize(array $data) should either be compatible with MongoDB\BSON\Unserializable::bsonUnserialize(array $data): void, or the #[\ReturnTypeWillChange] attribute should be used to temporarily suppress the notice in VENDORPATH\mongodb\mongodb\src\Model\BSONDocument.php on line 95.
 1 SYSTEMPATH\Autoloader\Autoloader.php(306): include_once('C:\\xampp\\htdocs\\e-ticaret\\vendor\\mongodb\\mongodb\\src\\Model\\BSONDocument.php')
 2 SYSTEMPATH\Autoloader\Autoloader.php(250): CodeIgniter\Autoloader\Autoloader->includeFile('C:\\xampp\\htdocs\\e-ticaret\\vendor\\composer/../mongodb/mongodb/src/Model/BSONDocument.php')
 3 [internal function]: CodeIgniter\Autoloader\Autoloader->loadClassmap('MongoDB\\Model\\BSONDocument')
 4 VENDORPATH\mongodb\mongodb\src\Operation\Find.php(344): MongoDB\Driver\Cursor->setTypeMap([...])
 5 VENDORPATH\mongodb\mongodb\src\Collection.php(666): MongoDB\Operation\Find->execute(Object(MongoDB\Driver\Server))
 6 APPPATH\Models\MongoModel.php(28): MongoDB\Collection->find()
 7 APPPATH\Controllers\Home.php(15): App\Models\MongoModel->listAllProducts()
 8 SYSTEMPATH\CodeIgniter.php(919): App\Controllers\Home->index()
 9 SYSTEMPATH\CodeIgniter.php(494): CodeIgniter\CodeIgniter->runController(Object(App\Controllers\Home))
10 SYSTEMPATH\CodeIgniter.php(353): CodeIgniter\CodeIgniter->handleRequest(null, Object(Config\Cache), false)
11 FCPATH\index.php(79): CodeIgniter\CodeIgniter->run()
INFO - 2024-12-27 08:12:40 --> Session: Class initialized using 'CodeIgniter\Session\Handlers\FileHandler' driver.
INFO - 2024-12-27 08:12:52 --> Session: Class initialized using 'CodeIgniter\Session\Handlers\FileHandler' driver.
INFO - 2024-12-27 08:13:46 --> Session: Class initialized using 'CodeIgniter\Session\Handlers\FileHandler' driver.
INFO - 2024-12-27 08:13:48 --> Session: Class initialized using 'CodeIgniter\Session\Handlers\FileHandler' driver.
INFO - 2024-12-27 08:13:48 --> Session: Class initialized using 'CodeIgniter\Session\Handlers\FileHandler' driver.
INFO - 2024-12-27 08:13:49 --> Session: Class initialized using 'CodeIgniter\Session\Handlers\FileHandler' driver.
INFO - 2024-12-27 08:13:49 --> Session: Class initialized using 'CodeIgniter\Session\Handlers\FileHandler' driver.
WARNING - 2024-12-27 08:16:15 --> [DEPRECATED] Return type of MongoDB\Model\BSONArray::bsonSerialize() should either be compatible with MongoDB\BSON\Serializable::bsonSerialize(): stdClass|MongoDB\BSON\Document|MongoDB\BSON\PackedArray|array, or the #[\ReturnTypeWillChange] attribute should be used to temporarily suppress the notice in VENDORPATH\mongodb\mongodb\src\Model\BSONArray.php on line 74.
 1 SYSTEMPATH\Autoloader\Autoloader.php(306): include_once('C:\\xampp\\htdocs\\e-ticaret\\vendor\\mongodb\\mongodb\\src\\Model\\BSONArray.php')
 2 SYSTEMPATH\Autoloader\Autoloader.php(250): CodeIgniter\Autoloader\Autoloader->includeFile('C:\\xampp\\htdocs\\e-ticaret\\vendor\\composer/../mongodb/mongodb/src/Model/BSONArray.php')
 3 [internal function]: CodeIgniter\Autoloader\Autoloader->loadClassmap('MongoDB\\Model\\BSONArray')
 4 VENDORPATH\mongodb\mongodb\src\Operation\Find.php(344): MongoDB\Driver\Cursor->setTypeMap([...])
 5 VENDORPATH\mongodb\mongodb\src\Collection.php(666): MongoDB\Operation\Find->execute(Object(MongoDB\Driver\Server))
 6 APPPATH\Models\MongoModel.php(28): MongoDB\Collection->find()
 7 APPPATH\Controllers\Home.php(15): App\Models\MongoModel->listAllProducts()
 8 SYSTEMPATH\CodeIgniter.php(919): App\Controllers\Home->index()
 9 SYSTEMPATH\CodeIgniter.php(494): CodeIgniter\CodeIgniter->runController(Object(App\Controllers\Home))
10 SYSTEMPATH\CodeIgniter.php(353): CodeIgniter\CodeIgniter->handleRequest(null, Object(Config\Cache), false)
11 FCPATH\index.php(79): CodeIgniter\CodeIgniter->run()
WARNING - 2024-12-27 08:16:15 --> [DEPRECATED] Return type of MongoDB\Model\BSONArray::bsonUnserialize(array $data) should either be compatible with MongoDB\BSON\Unserializable::bsonUnserialize(array $data): void, or the #[\ReturnTypeWillChange] attribute should be used to temporarily suppress the notice in VENDORPATH\mongodb\mongodb\src\Model\BSONArray.php on line 85.
 1 SYSTEMPATH\Autoloader\Autoloader.php(306): include_once('C:\\xampp\\htdocs\\e-ticaret\\vendor\\mongodb\\mongodb\\src\\Model\\BSONArray.php')
 2 SYSTEMPATH\Autoloader\Autoloader.php(250): CodeIgniter\Autoloader\Autoloader->includeFile('C:\\xampp\\htdocs\\e-ticaret\\vendor\\composer/../mongodb/mongodb/src/Model/BSONArray.php')
 3 [internal function]: CodeIgniter\Autoloader\Autoloader->loadClassmap('MongoDB\\Model\\BSONArray')
 4 VENDORPATH\mongodb\mongodb\src\Operation\Find.php(344): MongoDB\Driver\Cursor->setTypeMap([...])
 5 VENDORPATH\mongodb\mongodb\src\Collection.php(666): MongoDB\Operation\Find->execute(Object(MongoDB\Driver\Server))
 6 APPPATH\Models\MongoModel.php(28): MongoDB\Collection->find()
 7 APPPATH\Controllers\Home.php(15): App\Models\MongoModel->listAllProducts()
 8 SYSTEMPATH\CodeIgniter.php(919): App\Controllers\Home->index()
 9 SYSTEMPATH\CodeIgniter.php(494): CodeIgniter\CodeIgniter->runController(Object(App\Controllers\Home))
10 SYSTEMPATH\CodeIgniter.php(353): CodeIgniter\CodeIgniter->handleRequest(null, Object(Config\Cache), false)
11 FCPATH\index.php(79): CodeIgniter\CodeIgniter->run()
WARNING - 2024-12-27 08:16:15 --> [DEPRECATED] Return type of MongoDB\Model\BSONDocument::bsonSerialize() should either be compatible with MongoDB\BSON\Serializable::bsonSerialize(): stdClass|MongoDB\BSON\Document|MongoDB\BSON\PackedArray|array, or the #[\ReturnTypeWillChange] attribute should be used to temporarily suppress the notice in VENDORPATH\mongodb\mongodb\src\Model\BSONDocument.php on line 84.
 1 SYSTEMPATH\Autoloader\Autoloader.php(306): include_once('C:\\xampp\\htdocs\\e-ticaret\\vendor\\mongodb\\mongodb\\src\\Model\\BSONDocument.php')
 2 SYSTEMPATH\Autoloader\Autoloader.php(250): CodeIgniter\Autoloader\Autoloader->includeFile('C:\\xampp\\htdocs\\e-ticaret\\vendor\\composer/../mongodb/mongodb/src/Model/BSONDocument.php')
 3 [internal function]: CodeIgniter\Autoloader\Autoloader->loadClassmap('MongoDB\\Model\\BSONDocument')
 4 VENDORPATH\mongodb\mongodb\src\Operation\Find.php(344): MongoDB\Driver\Cursor->setTypeMap([...])
 5 VENDORPATH\mongodb\mongodb\src\Collection.php(666): MongoDB\Operation\Find->execute(Object(MongoDB\Driver\Server))
 6 APPPATH\Models\MongoModel.php(28): MongoDB\Collection->find()
 7 APPPATH\Controllers\Home.php(15): App\Models\MongoModel->listAllProducts()
 8 SYSTEMPATH\CodeIgniter.php(919): App\Controllers\Home->index()
 9 SYSTEMPATH\CodeIgniter.php(494): CodeIgniter\CodeIgniter->runController(Object(App\Controllers\Home))
10 SYSTEMPATH\CodeIgniter.php(353): CodeIgniter\CodeIgniter->handleRequest(null, Object(Config\Cache), false)
11 FCPATH\index.php(79): CodeIgniter\CodeIgniter->run()
WARNING - 2024-12-27 08:16:15 --> [DEPRECATED] Return type of MongoDB\Model\BSONDocument::bsonUnserialize(array $data) should either be compatible with MongoDB\BSON\Unserializable::bsonUnserialize(array $data): void, or the #[\ReturnTypeWillChange] attribute should be used to temporarily suppress the notice in VENDORPATH\mongodb\mongodb\src\Model\BSONDocument.php on line 95.
 1 SYSTEMPATH\Autoloader\Autoloader.php(306): include_once('C:\\xampp\\htdocs\\e-ticaret\\vendor\\mongodb\\mongodb\\src\\Model\\BSONDocument.php')
 2 SYSTEMPATH\Autoloader\Autoloader.php(250): CodeIgniter\Autoloader\Autoloader->includeFile('C:\\xampp\\htdocs\\e-ticaret\\vendor\\composer/../mongodb/mongodb/src/Model/BSONDocument.php')
 3 [internal function]: CodeIgniter\Autoloader\Autoloader->loadClassmap('MongoDB\\Model\\BSONDocument')
 4 VENDORPATH\mongodb\mongodb\src\Operation\Find.php(344): MongoDB\Driver\Cursor->setTypeMap([...])
 5 VENDORPATH\mongodb\mongodb\src\Collection.php(666): MongoDB\Operation\Find->execute(Object(MongoDB\Driver\Server))
 6 APPPATH\Models\MongoModel.php(28): MongoDB\Collection->find()
 7 APPPATH\Controllers\Home.php(15): App\Models\MongoModel->listAllProducts()
 8 SYSTEMPATH\CodeIgniter.php(919): App\Controllers\Home->index()
 9 SYSTEMPATH\CodeIgniter.php(494): CodeIgniter\CodeIgniter->runController(Object(App\Controllers\Home))
10 SYSTEMPATH\CodeIgniter.php(353): CodeIgniter\CodeIgniter->handleRequest(null, Object(Config\Cache), false)
11 FCPATH\index.php(79): CodeIgniter\CodeIgniter->run()
WARNING - 2024-12-27 08:16:18 --> [DEPRECATED] Return type of MongoDB\Model\BSONArray::bsonSerialize() should either be compatible with MongoDB\BSON\Serializable::bsonSerialize(): stdClass|MongoDB\BSON\Document|MongoDB\BSON\PackedArray|array, or the #[\ReturnTypeWillChange] attribute should be used to temporarily suppress the notice in VENDORPATH\mongodb\mongodb\src\Model\BSONArray.php on line 74.
 1 SYSTEMPATH\Autoloader\Autoloader.php(306): include_once('C:\\xampp\\htdocs\\e-ticaret\\vendor\\mongodb\\mongodb\\src\\Model\\BSONArray.php')
 2 SYSTEMPATH\Autoloader\Autoloader.php(250): CodeIgniter\Autoloader\Autoloader->includeFile('C:\\xampp\\htdocs\\e-ticaret\\vendor\\composer/../mongodb/mongodb/src/Model/BSONArray.php')
 3 [internal function]: CodeIgniter\Autoloader\Autoloader->loadClassmap('MongoDB\\Model\\BSONArray')
 4 VENDORPATH\mongodb\mongodb\src\Operation\Find.php(344): MongoDB\Driver\Cursor->setTypeMap([...])
 5 VENDORPATH\mongodb\mongodb\src\Collection.php(666): MongoDB\Operation\Find->execute(Object(MongoDB\Driver\Server))
 6 APPPATH\Controllers\AdminPanel.php(29): MongoDB\Collection->find()
 7 SYSTEMPATH\CodeIgniter.php(919): App\Controllers\AdminPanel->mongoAdminPanel()
 8 SYSTEMPATH\CodeIgniter.php(494): CodeIgniter\CodeIgniter->runController(Object(App\Controllers\AdminPanel))
 9 SYSTEMPATH\CodeIgniter.php(353): CodeIgniter\CodeIgniter->handleRequest(null, Object(Config\Cache), false)
10 FCPATH\index.php(79): CodeIgniter\CodeIgniter->run()
WARNING - 2024-12-27 08:16:18 --> [DEPRECATED] Return type of MongoDB\Model\BSONArray::bsonUnserialize(array $data) should either be compatible with MongoDB\BSON\Unserializable::bsonUnserialize(array $data): void, or the #[\ReturnTypeWillChange] attribute should be used to temporarily suppress the notice in VENDORPATH\mongodb\mongodb\src\Model\BSONArray.php on line 85.
 1 SYSTEMPATH\Autoloader\Autoloader.php(306): include_once('C:\\xampp\\htdocs\\e-ticaret\\vendor\\mongodb\\mongodb\\src\\Model\\BSONArray.php')
 2 SYSTEMPATH\Autoloader\Autoloader.php(250): CodeIgniter\Autoloader\Autoloader->includeFile('C:\\xampp\\htdocs\\e-ticaret\\vendor\\composer/../mongodb/mongodb/src/Model/BSONArray.php')
 3 [internal function]: CodeIgniter\Autoloader\Autoloader->loadClassmap('MongoDB\\Model\\BSONArray')
 4 VENDORPATH\mongodb\mongodb\src\Operation\Find.php(344): MongoDB\Driver\Cursor->setTypeMap([...])
 5 VENDORPATH\mongodb\mongodb\src\Collection.php(666): MongoDB\Operation\Find->execute(Object(MongoDB\Driver\Server))
 6 APPPATH\Controllers\AdminPanel.php(29): MongoDB\Collection->find()
 7 SYSTEMPATH\CodeIgniter.php(919): App\Controllers\AdminPanel->mongoAdminPanel()
 8 SYSTEMPATH\CodeIgniter.php(494): CodeIgniter\CodeIgniter->runController(Object(App\Controllers\AdminPanel))
 9 SYSTEMPATH\CodeIgniter.php(353): CodeIgniter\CodeIgniter->handleRequest(null, Object(Config\Cache), false)
10 FCPATH\index.php(79): CodeIgniter\CodeIgniter->run()
WARNING - 2024-12-27 08:16:18 --> [DEPRECATED] Return type of MongoDB\Model\BSONDocument::bsonSerialize() should either be compatible with MongoDB\BSON\Serializable::bsonSerialize(): stdClass|MongoDB\BSON\Document|MongoDB\BSON\PackedArray|array, or the #[\ReturnTypeWillChange] attribute should be used to temporarily suppress the notice in VENDORPATH\mongodb\mongodb\src\Model\BSONDocument.php on line 84.
 1 SYSTEMPATH\Autoloader\Autoloader.php(306): include_once('C:\\xampp\\htdocs\\e-ticaret\\vendor\\mongodb\\mongodb\\src\\Model\\BSONDocument.php')
 2 SYSTEMPATH\Autoloader\Autoloader.php(250): CodeIgniter\Autoloader\Autoloader->includeFile('C:\\xampp\\htdocs\\e-ticaret\\vendor\\composer/../mongodb/mongodb/src/Model/BSONDocument.php')
 3 [internal function]: CodeIgniter\Autoloader\Autoloader->loadClassmap('MongoDB\\Model\\BSONDocument')
 4 VENDORPATH\mongodb\mongodb\src\Operation\Find.php(344): MongoDB\Driver\Cursor->setTypeMap([...])
 5 VENDORPATH\mongodb\mongodb\src\Collection.php(666): MongoDB\Operation\Find->execute(Object(MongoDB\Driver\Server))
 6 APPPATH\Controllers\AdminPanel.php(29): MongoDB\Collection->find()
 7 SYSTEMPATH\CodeIgniter.php(919): App\Controllers\AdminPanel->mongoAdminPanel()
 8 SYSTEMPATH\CodeIgniter.php(494): CodeIgniter\CodeIgniter->runController(Object(App\Controllers\AdminPanel))
 9 SYSTEMPATH\CodeIgniter.php(353): CodeIgniter\CodeIgniter->handleRequest(null, Object(Config\Cache), false)
10 FCPATH\index.php(79): CodeIgniter\CodeIgniter->run()
WARNING - 2024-12-27 08:16:18 --> [DEPRECATED] Return type of MongoDB\Model\BSONDocument::bsonUnserialize(array $data) should either be compatible with MongoDB\BSON\Unserializable::bsonUnserialize(array $data): void, or the #[\ReturnTypeWillChange] attribute should be used to temporarily suppress the notice in VENDORPATH\mongodb\mongodb\src\Model\BSONDocument.php on line 95.
 1 SYSTEMPATH\Autoloader\Autoloader.php(306): include_once('C:\\xampp\\htdocs\\e-ticaret\\vendor\\mongodb\\mongodb\\src\\Model\\BSONDocument.php')
 2 SYSTEMPATH\Autoloader\Autoloader.php(250): CodeIgniter\Autoloader\Autoloader->includeFile('C:\\xampp\\htdocs\\e-ticaret\\vendor\\composer/../mongodb/mongodb/src/Model/BSONDocument.php')
 3 [internal function]: CodeIgniter\Autoloader\Autoloader->loadClassmap('MongoDB\\Model\\BSONDocument')
 4 VENDORPATH\mongodb\mongodb\src\Operation\Find.php(344): MongoDB\Driver\Cursor->setTypeMap([...])
 5 VENDORPATH\mongodb\mongodb\src\Collection.php(666): MongoDB\Operation\Find->execute(Object(MongoDB\Driver\Server))
 6 APPPATH\Controllers\AdminPanel.php(29): MongoDB\Collection->find()
 7 SYSTEMPATH\CodeIgniter.php(919): App\Controllers\AdminPanel->mongoAdminPanel()
 8 SYSTEMPATH\CodeIgniter.php(494): CodeIgniter\CodeIgniter->runController(Object(App\Controllers\AdminPanel))
 9 SYSTEMPATH\CodeIgniter.php(353): CodeIgniter\CodeIgniter->handleRequest(null, Object(Config\Cache), false)
10 FCPATH\index.php(79): CodeIgniter\CodeIgniter->run()
WARNING - 2024-12-27 08:16:25 --> [DEPRECATED] MongoDB\Driver\ReadPreference::__construct(): Passing an integer mode to &quot;MongoDB\Driver\ReadPreference::__construct&quot; is deprecated and will be removed in a future release. in VENDORPATH\mongodb\mongodb\src\functions.php on line 484.
 1 VENDORPATH\mongodb\mongodb\src\functions.php(484): MongoDB\Driver\ReadPreference->__construct(1)
 2 VENDORPATH\mongodb\mongodb\src\Collection.php(1109): MongoDB\select_server(Object(MongoDB\Driver\Manager), [...])
 3 APPPATH\Controllers\AdminPanel.php(149): MongoDB\Collection->updateOne([...], [...])
 4 SYSTEMPATH\CodeIgniter.php(919): App\Controllers\AdminPanel->editProduct()
 5 SYSTEMPATH\CodeIgniter.php(494): CodeIgniter\CodeIgniter->runController(Object(App\Controllers\AdminPanel))
 6 SYSTEMPATH\CodeIgniter.php(353): CodeIgniter\CodeIgniter->handleRequest(null, Object(Config\Cache), false)
 7 FCPATH\index.php(79): CodeIgniter\CodeIgniter->run()
INFO - 2024-12-27 08:16:26 --> Session: Class initialized using 'CodeIgniter\Session\Handlers\FileHandler' driver.
WARNING - 2024-12-27 08:16:26 --> [DEPRECATED] Return type of MongoDB\Model\BSONArray::bsonSerialize() should either be compatible with MongoDB\BSON\Serializable::bsonSerialize(): stdClass|MongoDB\BSON\Document|MongoDB\BSON\PackedArray|array, or the #[\ReturnTypeWillChange] attribute should be used to temporarily suppress the notice in VENDORPATH\mongodb\mongodb\src\Model\BSONArray.php on line 74.
 1 SYSTEMPATH\Autoloader\Autoloader.php(306): include_once('C:\\xampp\\htdocs\\e-ticaret\\vendor\\mongodb\\mongodb\\src\\Model\\BSONArray.php')
 2 SYSTEMPATH\Autoloader\Autoloader.php(250): CodeIgniter\Autoloader\Autoloader->includeFile('C:\\xampp\\htdocs\\e-ticaret\\vendor\\composer/../mongodb/mongodb/src/Model/BSONArray.php')
 3 [internal function]: CodeIgniter\Autoloader\Autoloader->loadClassmap('MongoDB\\Model\\BSONArray')
 4 VENDORPATH\mongodb\mongodb\src\Operation\Find.php(344): MongoDB\Driver\Cursor->setTypeMap([...])
 5 VENDORPATH\mongodb\mongodb\src\Collection.php(666): MongoDB\Operation\Find->execute(Object(MongoDB\Driver\Server))
 6 APPPATH\Controllers\AdminPanel.php(29): MongoDB\Collection->find()
 7 SYSTEMPATH\CodeIgniter.php(919): App\Controllers\AdminPanel->mongoAdminPanel()
 8 SYSTEMPATH\CodeIgniter.php(494): CodeIgniter\CodeIgniter->runController(Object(App\Controllers\AdminPanel))
 9 SYSTEMPATH\CodeIgniter.php(353): CodeIgniter\CodeIgniter->handleRequest(null, Object(Config\Cache), false)
10 FCPATH\index.php(79): CodeIgniter\CodeIgniter->run()
WARNING - 2024-12-27 08:16:26 --> [DEPRECATED] Return type of MongoDB\Model\BSONArray::bsonUnserialize(array $data) should either be compatible with MongoDB\BSON\Unserializable::bsonUnserialize(array $data): void, or the #[\ReturnTypeWillChange] attribute should be used to temporarily suppress the notice in VENDORPATH\mongodb\mongodb\src\Model\BSONArray.php on line 85.
 1 SYSTEMPATH\Autoloader\Autoloader.php(306): include_once('C:\\xampp\\htdocs\\e-ticaret\\vendor\\mongodb\\mongodb\\src\\Model\\BSONArray.php')
 2 SYSTEMPATH\Autoloader\Autoloader.php(250): CodeIgniter\Autoloader\Autoloader->includeFile('C:\\xampp\\htdocs\\e-ticaret\\vendor\\composer/../mongodb/mongodb/src/Model/BSONArray.php')
 3 [internal function]: CodeIgniter\Autoloader\Autoloader->loadClassmap('MongoDB\\Model\\BSONArray')
 4 VENDORPATH\mongodb\mongodb\src\Operation\Find.php(344): MongoDB\Driver\Cursor->setTypeMap([...])
 5 VENDORPATH\mongodb\mongodb\src\Collection.php(666): MongoDB\Operation\Find->execute(Object(MongoDB\Driver\Server))
 6 APPPATH\Controllers\AdminPanel.php(29): MongoDB\Collection->find()
 7 SYSTEMPATH\CodeIgniter.php(919): App\Controllers\AdminPanel->mongoAdminPanel()
 8 SYSTEMPATH\CodeIgniter.php(494): CodeIgniter\CodeIgniter->runController(Object(App\Controllers\AdminPanel))
 9 SYSTEMPATH\CodeIgniter.php(353): CodeIgniter\CodeIgniter->handleRequest(null, Object(Config\Cache), false)
10 FCPATH\index.php(79): CodeIgniter\CodeIgniter->run()
WARNING - 2024-12-27 08:16:26 --> [DEPRECATED] Return type of MongoDB\Model\BSONDocument::bsonSerialize() should either be compatible with MongoDB\BSON\Serializable::bsonSerialize(): stdClass|MongoDB\BSON\Document|MongoDB\BSON\PackedArray|array, or the #[\ReturnTypeWillChange] attribute should be used to temporarily suppress the notice in VENDORPATH\mongodb\mongodb\src\Model\BSONDocument.php on line 84.
 1 SYSTEMPATH\Autoloader\Autoloader.php(306): include_once('C:\\xampp\\htdocs\\e-ticaret\\vendor\\mongodb\\mongodb\\src\\Model\\BSONDocument.php')
 2 SYSTEMPATH\Autoloader\Autoloader.php(250): CodeIgniter\Autoloader\Autoloader->includeFile('C:\\xampp\\htdocs\\e-ticaret\\vendor\\composer/../mongodb/mongodb/src/Model/BSONDocument.php')
 3 [internal function]: CodeIgniter\Autoloader\Autoloader->loadClassmap('MongoDB\\Model\\BSONDocument')
 4 VENDORPATH\mongodb\mongodb\src\Operation\Find.php(344): MongoDB\Driver\Cursor->setTypeMap([...])
 5 VENDORPATH\mongodb\mongodb\src\Collection.php(666): MongoDB\Operation\Find->execute(Object(MongoDB\Driver\Server))
 6 APPPATH\Controllers\AdminPanel.php(29): MongoDB\Collection->find()
 7 SYSTEMPATH\CodeIgniter.php(919): App\Controllers\AdminPanel->mongoAdminPanel()
 8 SYSTEMPATH\CodeIgniter.php(494): CodeIgniter\CodeIgniter->runController(Object(App\Controllers\AdminPanel))
 9 SYSTEMPATH\CodeIgniter.php(353): CodeIgniter\CodeIgniter->handleRequest(null, Object(Config\Cache), false)
10 FCPATH\index.php(79): CodeIgniter\CodeIgniter->run()
WARNING - 2024-12-27 08:16:26 --> [DEPRECATED] Return type of MongoDB\Model\BSONDocument::bsonUnserialize(array $data) should either be compatible with MongoDB\BSON\Unserializable::bsonUnserialize(array $data): void, or the #[\ReturnTypeWillChange] attribute should be used to temporarily suppress the notice in VENDORPATH\mongodb\mongodb\src\Model\BSONDocument.php on line 95.
 1 SYSTEMPATH\Autoloader\Autoloader.php(306): include_once('C:\\xampp\\htdocs\\e-ticaret\\vendor\\mongodb\\mongodb\\src\\Model\\BSONDocument.php')
 2 SYSTEMPATH\Autoloader\Autoloader.php(250): CodeIgniter\Autoloader\Autoloader->includeFile('C:\\xampp\\htdocs\\e-ticaret\\vendor\\composer/../mongodb/mongodb/src/Model/BSONDocument.php')
 3 [internal function]: CodeIgniter\Autoloader\Autoloader->loadClassmap('MongoDB\\Model\\BSONDocument')
 4 VENDORPATH\mongodb\mongodb\src\Operation\Find.php(344): MongoDB\Driver\Cursor->setTypeMap([...])
 5 VENDORPATH\mongodb\mongodb\src\Collection.php(666): MongoDB\Operation\Find->execute(Object(MongoDB\Driver\Server))
 6 APPPATH\Controllers\AdminPanel.php(29): MongoDB\Collection->find()
 7 SYSTEMPATH\CodeIgniter.php(919): App\Controllers\AdminPanel->mongoAdminPanel()
 8 SYSTEMPATH\CodeIgniter.php(494): CodeIgniter\CodeIgniter->runController(Object(App\Controllers\AdminPanel))
 9 SYSTEMPATH\CodeIgniter.php(353): CodeIgniter\CodeIgniter->handleRequest(null, Object(Config\Cache), false)
10 FCPATH\index.php(79): CodeIgniter\CodeIgniter->run()
INFO - 2024-12-27 08:16:29 --> Session: Class initialized using 'CodeIgniter\Session\Handlers\FileHandler' driver.
INFO - 2024-12-27 08:16:29 --> Session: Class initialized using 'CodeIgniter\Session\Handlers\FileHandler' driver.
INFO - 2024-12-27 08:16:36 --> Session: Class initialized using 'CodeIgniter\Session\Handlers\FileHandler' driver.
INFO - 2024-12-27 08:16:36 --> Session: Class initialized using 'CodeIgniter\Session\Handlers\FileHandler' driver.
INFO - 2024-12-27 08:16:45 --> Session: Class initialized using 'CodeIgniter\Session\Handlers\FileHandler' driver.
WARNING - 2024-12-27 08:16:47 --> [DEPRECATED] Return type of MongoDB\Model\BSONArray::bsonSerialize() should either be compatible with MongoDB\BSON\Serializable::bsonSerialize(): stdClass|MongoDB\BSON\Document|MongoDB\BSON\PackedArray|array, or the #[\ReturnTypeWillChange] attribute should be used to temporarily suppress the notice in VENDORPATH\mongodb\mongodb\src\Model\BSONArray.php on line 74.
 1 SYSTEMPATH\Autoloader\Autoloader.php(306): include_once('C:\\xampp\\htdocs\\e-ticaret\\vendor\\mongodb\\mongodb\\src\\Model\\BSONArray.php')
 2 SYSTEMPATH\Autoloader\Autoloader.php(250): CodeIgniter\Autoloader\Autoloader->includeFile('C:\\xampp\\htdocs\\e-ticaret\\vendor\\composer/../mongodb/mongodb/src/Model/BSONArray.php')
 3 [internal function]: CodeIgniter\Autoloader\Autoloader->loadClassmap('MongoDB\\Model\\BSONArray')
 4 VENDORPATH\mongodb\mongodb\src\Operation\Find.php(344): MongoDB\Driver\Cursor->setTypeMap([...])
 5 VENDORPATH\mongodb\mongodb\src\Collection.php(666): MongoDB\Operation\Find->execute(Object(MongoDB\Driver\Server))
 6 APPPATH\Controllers\AdminPanel.php(29): MongoDB\Collection->find()
 7 SYSTEMPATH\CodeIgniter.php(919): App\Controllers\AdminPanel->mongoAdminPanel()
 8 SYSTEMPATH\CodeIgniter.php(494): CodeIgniter\CodeIgniter->runController(Object(App\Controllers\AdminPanel))
 9 SYSTEMPATH\CodeIgniter.php(353): CodeIgniter\CodeIgniter->handleRequest(null, Object(Config\Cache), false)
10 FCPATH\index.php(79): CodeIgniter\CodeIgniter->run()
WARNING - 2024-12-27 08:16:47 --> [DEPRECATED] Return type of MongoDB\Model\BSONArray::bsonUnserialize(array $data) should either be compatible with MongoDB\BSON\Unserializable::bsonUnserialize(array $data): void, or the #[\ReturnTypeWillChange] attribute should be used to temporarily suppress the notice in VENDORPATH\mongodb\mongodb\src\Model\BSONArray.php on line 85.
 1 SYSTEMPATH\Autoloader\Autoloader.php(306): include_once('C:\\xampp\\htdocs\\e-ticaret\\vendor\\mongodb\\mongodb\\src\\Model\\BSONArray.php')
 2 SYSTEMPATH\Autoloader\Autoloader.php(250): CodeIgniter\Autoloader\Autoloader->includeFile('C:\\xampp\\htdocs\\e-ticaret\\vendor\\composer/../mongodb/mongodb/src/Model/BSONArray.php')
 3 [internal function]: CodeIgniter\Autoloader\Autoloader->loadClassmap('MongoDB\\Model\\BSONArray')
 4 VENDORPATH\mongodb\mongodb\src\Operation\Find.php(344): MongoDB\Driver\Cursor->setTypeMap([...])
 5 VENDORPATH\mongodb\mongodb\src\Collection.php(666): MongoDB\Operation\Find->execute(Object(MongoDB\Driver\Server))
 6 APPPATH\Controllers\AdminPanel.php(29): MongoDB\Collection->find()
 7 SYSTEMPATH\CodeIgniter.php(919): App\Controllers\AdminPanel->mongoAdminPanel()
 8 SYSTEMPATH\CodeIgniter.php(494): CodeIgniter\CodeIgniter->runController(Object(App\Controllers\AdminPanel))
 9 SYSTEMPATH\CodeIgniter.php(353): CodeIgniter\CodeIgniter->handleRequest(null, Object(Config\Cache), false)
10 FCPATH\index.php(79): CodeIgniter\CodeIgniter->run()
WARNING - 2024-12-27 08:16:47 --> [DEPRECATED] Return type of MongoDB\Model\BSONDocument::bsonSerialize() should either be compatible with MongoDB\BSON\Serializable::bsonSerialize(): stdClass|MongoDB\BSON\Document|MongoDB\BSON\PackedArray|array, or the #[\ReturnTypeWillChange] attribute should be used to temporarily suppress the notice in VENDORPATH\mongodb\mongodb\src\Model\BSONDocument.php on line 84.
 1 SYSTEMPATH\Autoloader\Autoloader.php(306): include_once('C:\\xampp\\htdocs\\e-ticaret\\vendor\\mongodb\\mongodb\\src\\Model\\BSONDocument.php')
 2 SYSTEMPATH\Autoloader\Autoloader.php(250): CodeIgniter\Autoloader\Autoloader->includeFile('C:\\xampp\\htdocs\\e-ticaret\\vendor\\composer/../mongodb/mongodb/src/Model/BSONDocument.php')
 3 [internal function]: CodeIgniter\Autoloader\Autoloader->loadClassmap('MongoDB\\Model\\BSONDocument')
 4 VENDORPATH\mongodb\mongodb\src\Operation\Find.php(344): MongoDB\Driver\Cursor->setTypeMap([...])
 5 VENDORPATH\mongodb\mongodb\src\Collection.php(666): MongoDB\Operation\Find->execute(Object(MongoDB\Driver\Server))
 6 APPPATH\Controllers\AdminPanel.php(29): MongoDB\Collection->find()
 7 SYSTEMPATH\CodeIgniter.php(919): App\Controllers\AdminPanel->mongoAdminPanel()
 8 SYSTEMPATH\CodeIgniter.php(494): CodeIgniter\CodeIgniter->runController(Object(App\Controllers\AdminPanel))
 9 SYSTEMPATH\CodeIgniter.php(353): CodeIgniter\CodeIgniter->handleRequest(null, Object(Config\Cache), false)
10 FCPATH\index.php(79): CodeIgniter\CodeIgniter->run()
WARNING - 2024-12-27 08:16:47 --> [DEPRECATED] Return type of MongoDB\Model\BSONDocument::bsonUnserialize(array $data) should either be compatible with MongoDB\BSON\Unserializable::bsonUnserialize(array $data): void, or the #[\ReturnTypeWillChange] attribute should be used to temporarily suppress the notice in VENDORPATH\mongodb\mongodb\src\Model\BSONDocument.php on line 95.
 1 SYSTEMPATH\Autoloader\Autoloader.php(306): include_once('C:\\xampp\\htdocs\\e-ticaret\\vendor\\mongodb\\mongodb\\src\\Model\\BSONDocument.php')
 2 SYSTEMPATH\Autoloader\Autoloader.php(250): CodeIgniter\Autoloader\Autoloader->includeFile('C:\\xampp\\htdocs\\e-ticaret\\vendor\\composer/../mongodb/mongodb/src/Model/BSONDocument.php')
 3 [internal function]: CodeIgniter\Autoloader\Autoloader->loadClassmap('MongoDB\\Model\\BSONDocument')
 4 VENDORPATH\mongodb\mongodb\src\Operation\Find.php(344): MongoDB\Driver\Cursor->setTypeMap([...])
 5 VENDORPATH\mongodb\mongodb\src\Collection.php(666): MongoDB\Operation\Find->execute(Object(MongoDB\Driver\Server))
 6 APPPATH\Controllers\AdminPanel.php(29): MongoDB\Collection->find()
 7 SYSTEMPATH\CodeIgniter.php(919): App\Controllers\AdminPanel->mongoAdminPanel()
 8 SYSTEMPATH\CodeIgniter.php(494): CodeIgniter\CodeIgniter->runController(Object(App\Controllers\AdminPanel))
 9 SYSTEMPATH\CodeIgniter.php(353): CodeIgniter\CodeIgniter->handleRequest(null, Object(Config\Cache), false)
10 FCPATH\index.php(79): CodeIgniter\CodeIgniter->run()
