INFO - 2024-12-10 08:38:30 --> Session: Class initialized using 'CodeIgniter\Session\Handlers\FileHandler' driver.
INFO - 2024-12-10 08:38:31 --> Session: Class initialized using 'CodeIgniter\Session\Handlers\FileHandler' driver.
WARNING - 2024-12-10 08:39:31 --> [DEPRECATED] Return type of MongoDB\Model\BSONArray::bsonSerialize() should either be compatible with MongoDB\BSON\Serializable::bsonSerialize(): stdClass|MongoDB\BSON\Document|MongoDB\BSON\PackedArray|array, or the #[\ReturnTypeWillChange] attribute should be used to temporarily suppress the notice in VENDORPATH\mongodb\mongodb\src\Model\BSONArray.php on line 74.
 1 SYSTEMPATH\Autoloader\Autoloader.php(306): include_once('C:\\xampp\\htdocs\\e-ticaret\\vendor\\mongodb\\mongodb\\src\\Model\\BSONArray.php')
 2 SYSTEMPATH\Autoloader\Autoloader.php(250): CodeIgniter\Autoloader\Autoloader->includeFile('C:\\xampp\\htdocs\\e-ticaret\\vendor\\composer/../mongodb/mongodb/src/Model/BSONArray.php')
 3 [internal function]: CodeIgniter\Autoloader\Autoloader->loadClassmap('MongoDB\\Model\\BSONArray')
 4 VENDORPATH\mongodb\mongodb\src\Operation\Find.php(344): MongoDB\Driver\Cursor->setTypeMap([...])
 5 VENDORPATH\mongodb\mongodb\src\Collection.php(666): MongoDB\Operation\Find->execute(Object(MongoDB\Driver\Server))
 6 APPPATH\Controllers\AdminPanel.php(29): MongoDB\Collection->find()
 7 SYSTEMPATH\CodeIgniter.php(919): App\Controllers\AdminPanel->mongoAdminPanel()
 8 SYSTEMPATH\CodeIgniter.php(494): CodeIgniter\CodeIgniter->runController(Object(App\Controllers\AdminPanel))
 9 SYSTEMPATH\CodeIgniter.php(353): CodeIgniter\CodeIgniter->handleRequest(null, Object(Config\Cache), false)
10 FCPATH\index.php(79): CodeIgniter\CodeIgniter->run()
WARNING - 2024-12-10 08:39:31 --> [DEPRECATED] Return type of MongoDB\Model\BSONArray::bsonUnserialize(array $data) should either be compatible with MongoDB\BSON\Unserializable::bsonUnserialize(array $data): void, or the #[\ReturnTypeWillChange] attribute should be used to temporarily suppress the notice in VENDORPATH\mongodb\mongodb\src\Model\BSONArray.php on line 85.
 1 SYSTEMPATH\Autoloader\Autoloader.php(306): include_once('C:\\xampp\\htdocs\\e-ticaret\\vendor\\mongodb\\mongodb\\src\\Model\\BSONArray.php')
 2 SYSTEMPATH\Autoloader\Autoloader.php(250): CodeIgniter\Autoloader\Autoloader->includeFile('C:\\xampp\\htdocs\\e-ticaret\\vendor\\composer/../mongodb/mongodb/src/Model/BSONArray.php')
 3 [internal function]: CodeIgniter\Autoloader\Autoloader->loadClassmap('MongoDB\\Model\\BSONArray')
 4 VENDORPATH\mongodb\mongodb\src\Operation\Find.php(344): MongoDB\Driver\Cursor->setTypeMap([...])
 5 VENDORPATH\mongodb\mongodb\src\Collection.php(666): MongoDB\Operation\Find->execute(Object(MongoDB\Driver\Server))
 6 APPPATH\Controllers\AdminPanel.php(29): MongoDB\Collection->find()
 7 SYSTEMPATH\CodeIgniter.php(919): App\Controllers\AdminPanel->mongoAdminPanel()
 8 SYSTEMPATH\CodeIgniter.php(494): CodeIgniter\CodeIgniter->runController(Object(App\Controllers\AdminPanel))
 9 SYSTEMPATH\CodeIgniter.php(353): CodeIgniter\CodeIgniter->handleRequest(null, Object(Config\Cache), false)
10 FCPATH\index.php(79): CodeIgniter\CodeIgniter->run()
WARNING - 2024-12-10 08:39:31 --> [DEPRECATED] Return type of MongoDB\Model\BSONDocument::bsonSerialize() should either be compatible with MongoDB\BSON\Serializable::bsonSerialize(): stdClass|MongoDB\BSON\Document|MongoDB\BSON\PackedArray|array, or the #[\ReturnTypeWillChange] attribute should be used to temporarily suppress the notice in VENDORPATH\mongodb\mongodb\src\Model\BSONDocument.php on line 84.
 1 SYSTEMPATH\Autoloader\Autoloader.php(306): include_once('C:\\xampp\\htdocs\\e-ticaret\\vendor\\mongodb\\mongodb\\src\\Model\\BSONDocument.php')
 2 SYSTEMPATH\Autoloader\Autoloader.php(250): CodeIgniter\Autoloader\Autoloader->includeFile('C:\\xampp\\htdocs\\e-ticaret\\vendor\\composer/../mongodb/mongodb/src/Model/BSONDocument.php')
 3 [internal function]: CodeIgniter\Autoloader\Autoloader->loadClassmap('MongoDB\\Model\\BSONDocument')
 4 VENDORPATH\mongodb\mongodb\src\Operation\Find.php(344): MongoDB\Driver\Cursor->setTypeMap([...])
 5 VENDORPATH\mongodb\mongodb\src\Collection.php(666): MongoDB\Operation\Find->execute(Object(MongoDB\Driver\Server))
 6 APPPATH\Controllers\AdminPanel.php(29): MongoDB\Collection->find()
 7 SYSTEMPATH\CodeIgniter.php(919): App\Controllers\AdminPanel->mongoAdminPanel()
 8 SYSTEMPATH\CodeIgniter.php(494): CodeIgniter\CodeIgniter->runController(Object(App\Controllers\AdminPanel))
 9 SYSTEMPATH\CodeIgniter.php(353): CodeIgniter\CodeIgniter->handleRequest(null, Object(Config\Cache), false)
10 FCPATH\index.php(79): CodeIgniter\CodeIgniter->run()
WARNING - 2024-12-10 08:39:31 --> [DEPRECATED] Return type of MongoDB\Model\BSONDocument::bsonUnserialize(array $data) should either be compatible with MongoDB\BSON\Unserializable::bsonUnserialize(array $data): void, or the #[\ReturnTypeWillChange] attribute should be used to temporarily suppress the notice in VENDORPATH\mongodb\mongodb\src\Model\BSONDocument.php on line 95.
 1 SYSTEMPATH\Autoloader\Autoloader.php(306): include_once('C:\\xampp\\htdocs\\e-ticaret\\vendor\\mongodb\\mongodb\\src\\Model\\BSONDocument.php')
 2 SYSTEMPATH\Autoloader\Autoloader.php(250): CodeIgniter\Autoloader\Autoloader->includeFile('C:\\xampp\\htdocs\\e-ticaret\\vendor\\composer/../mongodb/mongodb/src/Model/BSONDocument.php')
 3 [internal function]: CodeIgniter\Autoloader\Autoloader->loadClassmap('MongoDB\\Model\\BSONDocument')
 4 VENDORPATH\mongodb\mongodb\src\Operation\Find.php(344): MongoDB\Driver\Cursor->setTypeMap([...])
 5 VENDORPATH\mongodb\mongodb\src\Collection.php(666): MongoDB\Operation\Find->execute(Object(MongoDB\Driver\Server))
 6 APPPATH\Controllers\AdminPanel.php(29): MongoDB\Collection->find()
 7 SYSTEMPATH\CodeIgniter.php(919): App\Controllers\AdminPanel->mongoAdminPanel()
 8 SYSTEMPATH\CodeIgniter.php(494): CodeIgniter\CodeIgniter->runController(Object(App\Controllers\AdminPanel))
 9 SYSTEMPATH\CodeIgniter.php(353): CodeIgniter\CodeIgniter->handleRequest(null, Object(Config\Cache), false)
10 FCPATH\index.php(79): CodeIgniter\CodeIgniter->run()
