INFO - 2025-03-28 09:33:34 --> Session: Class initialized using 'CodeIgniter\Session\Handlers\FileHandler' driver.
INFO - 2025-03-28 09:35:03 --> Session: Class initialized using 'CodeIgniter\Session\Handlers\FileHandler' driver.
INFO - 2025-03-28 09:35:05 --> Session: Class initialized using 'CodeIgniter\Session\Handlers\FileHandler' driver.
INFO - 2025-03-28 09:38:02 --> Session: Class initialized using 'CodeIgniter\Session\Handlers\FileHandler' driver.
INFO - 2025-03-28 09:43:35 --> Session: Class initialized using 'CodeIgniter\Session\Handlers\FileHandler' driver.
INFO - 2025-03-28 09:44:12 --> Session: Class initialized using 'CodeIgniter\Session\Handlers\FileHandler' driver.
INFO - 2025-03-28 09:44:14 --> Session: Class initialized using 'CodeIgniter\Session\Handlers\FileHandler' driver.
INFO - 2025-03-28 09:52:24 --> Session: Class initialized using 'CodeIgniter\Session\Handlers\FileHandler' driver.
INFO - 2025-03-28 09:58:43 --> Session: Class initialized using 'CodeIgniter\Session\Handlers\FileHandler' driver.
INFO - 2025-03-28 10:00:03 --> Session: Class initialized using 'CodeIgniter\Session\Handlers\FileHandler' driver.
INFO - 2025-03-28 10:00:32 --> Session: Class initialized using 'CodeIgniter\Session\Handlers\FileHandler' driver.
INFO - 2025-03-28 10:00:54 --> Session: Class initialized using 'CodeIgniter\Session\Handlers\FileHandler' driver.
INFO - 2025-03-28 10:02:51 --> Session: Class initialized using 'CodeIgniter\Session\Handlers\FileHandler' driver.
INFO - 2025-03-28 10:06:22 --> Session: Class initialized using 'CodeIgniter\Session\Handlers\FileHandler' driver.
INFO - 2025-03-28 10:10:07 --> Session: Class initialized using 'CodeIgniter\Session\Handlers\FileHandler' driver.
INFO - 2025-03-28 10:12:31 --> Session: Class initialized using 'CodeIgniter\Session\Handlers\FileHandler' driver.
INFO - 2025-03-28 10:13:44 --> Session: Class initialized using 'CodeIgniter\Session\Handlers\FileHandler' driver.
INFO - 2025-03-28 10:58:54 --> Session: Class initialized using 'CodeIgniter\Session\Handlers\FileHandler' driver.
INFO - 2025-03-28 11:01:10 --> Session: Class initialized using 'CodeIgniter\Session\Handlers\FileHandler' driver.
INFO - 2025-03-28 11:03:34 --> Session: Class initialized using 'CodeIgniter\Session\Handlers\FileHandler' driver.
INFO - 2025-03-28 11:42:19 --> Session: Class initialized using 'CodeIgniter\Session\Handlers\FileHandler' driver.
INFO - 2025-03-28 11:42:22 --> Session: Class initialized using 'CodeIgniter\Session\Handlers\FileHandler' driver.
INFO - 2025-03-28 11:42:44 --> Session: Class initialized using 'CodeIgniter\Session\Handlers\FileHandler' driver.
INFO - 2025-03-28 11:44:09 --> Session: Class initialized using 'CodeIgniter\Session\Handlers\FileHandler' driver.
INFO - 2025-03-28 11:45:14 --> Session: Class initialized using 'CodeIgniter\Session\Handlers\FileHandler' driver.
INFO - 2025-03-28 11:45:26 --> Session: Class initialized using 'CodeIgniter\Session\Handlers\FileHandler' driver.
INFO - 2025-03-28 11:46:02 --> Session: Class initialized using 'CodeIgniter\Session\Handlers\FileHandler' driver.
INFO - 2025-03-28 11:46:34 --> Session: Class initialized using 'CodeIgniter\Session\Handlers\FileHandler' driver.
INFO - 2025-03-28 11:47:16 --> Session: Class initialized using 'CodeIgniter\Session\Handlers\FileHandler' driver.
INFO - 2025-03-28 11:47:23 --> Session: Class initialized using 'CodeIgniter\Session\Handlers\FileHandler' driver.
INFO - 2025-03-28 11:47:42 --> Session: Class initialized using 'CodeIgniter\Session\Handlers\FileHandler' driver.
INFO - 2025-03-28 11:47:57 --> Session: Class initialized using 'CodeIgniter\Session\Handlers\FileHandler' driver.
ERROR - 2025-03-28 11:48:13 --> Error connecting to the database: mysqli_sql_exception: Unknown database 'ecommerce' in C:\xampp\htdocs\e-ticaret\system\Database\MySQLi\Connection.php:185
Stack trace:
#0 C:\xampp\htdocs\e-ticaret\system\Database\MySQLi\Connection.php(185): mysqli->real_connect('localhost', 'root', '', 'ecommerce', 3306, '', 0)
#1 C:\xampp\htdocs\e-ticaret\system\Database\BaseConnection.php(391): CodeIgniter\Database\MySQLi\Connection->connect(false)
#2 C:\xampp\htdocs\e-ticaret\system\Database\BaseConnection.php(574): CodeIgniter\Database\BaseConnection->initialize()
#3 C:\xampp\htdocs\e-ticaret\system\Database\BaseBuilder.php(1615): CodeIgniter\Database\BaseConnection->query('SELECT *\nFROM `...', Array, false)
#4 C:\xampp\htdocs\e-ticaret\system\Model.php(264): CodeIgniter\Database\BaseBuilder->get()
#5 C:\xampp\htdocs\e-ticaret\system\BaseModel.php(662): CodeIgniter\Model->doFirst()
#6 C:\xampp\htdocs\e-ticaret\app\Controllers\UserController.php(21): CodeIgniter\BaseModel->first()
#7 C:\xampp\htdocs\e-ticaret\system\CodeIgniter.php(919): App\Controllers\UserController->register()
#8 C:\xampp\htdocs\e-ticaret\system\CodeIgniter.php(494): CodeIgniter\CodeIgniter->runController(Object(App\Controllers\UserController))
#9 C:\xampp\htdocs\e-ticaret\system\CodeIgniter.php(353): CodeIgniter\CodeIgniter->handleRequest(NULL, Object(Config\Cache), false)
#10 C:\xampp\htdocs\e-ticaret\public\index.php(79): CodeIgniter\CodeIgniter->run()
#11 {main}

Next CodeIgniter\Database\Exceptions\DatabaseException: Unknown database 'ecommerce' in C:\xampp\htdocs\e-ticaret\system\Database\MySQLi\Connection.php:229
Stack trace:
#0 C:\xampp\htdocs\e-ticaret\system\Database\BaseConnection.php(391): CodeIgniter\Database\MySQLi\Connection->connect(false)
#1 C:\xampp\htdocs\e-ticaret\system\Database\BaseConnection.php(574): CodeIgniter\Database\BaseConnection->initialize()
#2 C:\xampp\htdocs\e-ticaret\system\Database\BaseBuilder.php(1615): CodeIgniter\Database\BaseConnection->query('SELECT *\nFROM `...', Array, false)
#3 C:\xampp\htdocs\e-ticaret\system\Model.php(264): CodeIgniter\Database\BaseBuilder->get()
#4 C:\xampp\htdocs\e-ticaret\system\BaseModel.php(662): CodeIgniter\Model->doFirst()
#5 C:\xampp\htdocs\e-ticaret\app\Controllers\UserController.php(21): CodeIgniter\BaseModel->first()
#6 C:\xampp\htdocs\e-ticaret\system\CodeIgniter.php(919): App\Controllers\UserController->register()
#7 C:\xampp\htdocs\e-ticaret\system\CodeIgniter.php(494): CodeIgniter\CodeIgniter->runController(Object(App\Controllers\UserController))
#8 C:\xampp\htdocs\e-ticaret\system\CodeIgniter.php(353): CodeIgniter\CodeIgniter->handleRequest(NULL, Object(Config\Cache), false)
#9 C:\xampp\htdocs\e-ticaret\public\index.php(79): CodeIgniter\CodeIgniter->run()
#10 {main}
CRITICAL - 2025-03-28 11:48:13 --> Unable to connect to the database.
Main connection [MySQLi]: Unknown database 'ecommerce'
in SYSTEMPATH\Database\BaseConnection.php on line 427.
 1 SYSTEMPATH\Database\BaseConnection.php(574): CodeIgniter\Database\BaseConnection->initialize()
 2 SYSTEMPATH\Database\BaseBuilder.php(1615): CodeIgniter\Database\BaseConnection->query('SELECT *
FROM `user`
WHERE `email` = :email:
 LIMIT 1', [...], false)
 3 SYSTEMPATH\Model.php(264): CodeIgniter\Database\BaseBuilder->get()
 4 SYSTEMPATH\BaseModel.php(662): CodeIgniter\Model->doFirst()
 5 APPPATH\Controllers\UserController.php(21): CodeIgniter\BaseModel->first()
 6 SYSTEMPATH\CodeIgniter.php(919): App\Controllers\UserController->register()
 7 SYSTEMPATH\CodeIgniter.php(494): CodeIgniter\CodeIgniter->runController(Object(App\Controllers\UserController))
 8 SYSTEMPATH\CodeIgniter.php(353): CodeIgniter\CodeIgniter->handleRequest(null, Object(Config\Cache), false)
 9 FCPATH\index.php(79): CodeIgniter\CodeIgniter->run()
INFO - 2025-03-28 11:49:44 --> Session: Class initialized using 'CodeIgniter\Session\Handlers\FileHandler' driver.
INFO - 2025-03-28 11:49:44 --> Session: Class initialized using 'CodeIgniter\Session\Handlers\FileHandler' driver.
INFO - 2025-03-28 11:50:11 --> Session: Class initialized using 'CodeIgniter\Session\Handlers\FileHandler' driver.
INFO - 2025-03-28 11:50:11 --> Session: Class initialized using 'CodeIgniter\Session\Handlers\FileHandler' driver.
INFO - 2025-03-28 11:50:35 --> Session: Class initialized using 'CodeIgniter\Session\Handlers\FileHandler' driver.
INFO - 2025-03-28 11:50:45 --> Session: Class initialized using 'CodeIgniter\Session\Handlers\FileHandler' driver.
INFO - 2025-03-28 11:50:51 --> Session: Class initialized using 'CodeIgniter\Session\Handlers\FileHandler' driver.
INFO - 2025-03-28 11:50:51 --> Session: Class initialized using 'CodeIgniter\Session\Handlers\FileHandler' driver.
INFO - 2025-03-28 11:51:23 --> Session: Class initialized using 'CodeIgniter\Session\Handlers\FileHandler' driver.
INFO - 2025-03-28 11:51:30 --> Session: Class initialized using 'CodeIgniter\Session\Handlers\FileHandler' driver.
INFO - 2025-03-28 11:51:30 --> Session: Class initialized using 'CodeIgniter\Session\Handlers\FileHandler' driver.
INFO - 2025-03-28 11:51:33 --> Session: Class initialized using 'CodeIgniter\Session\Handlers\FileHandler' driver.
INFO - 2025-03-28 11:51:44 --> Session: Class initialized using 'CodeIgniter\Session\Handlers\FileHandler' driver.
INFO - 2025-03-28 11:51:44 --> Session: Class initialized using 'CodeIgniter\Session\Handlers\FileHandler' driver.
INFO - 2025-03-28 11:55:19 --> Session: Class initialized using 'CodeIgniter\Session\Handlers\FileHandler' driver.
INFO - 2025-03-28 11:55:19 --> Session: Class initialized using 'CodeIgniter\Session\Handlers\FileHandler' driver.
INFO - 2025-03-28 11:55:45 --> Session: Class initialized using 'CodeIgniter\Session\Handlers\FileHandler' driver.
INFO - 2025-03-28 11:55:45 --> Session: Class initialized using 'CodeIgniter\Session\Handlers\FileHandler' driver.
INFO - 2025-03-28 11:56:03 --> Session: Class initialized using 'CodeIgniter\Session\Handlers\FileHandler' driver.
INFO - 2025-03-28 11:56:03 --> Session: Class initialized using 'CodeIgniter\Session\Handlers\FileHandler' driver.
INFO - 2025-03-28 11:57:15 --> Session: Class initialized using 'CodeIgniter\Session\Handlers\FileHandler' driver.
INFO - 2025-03-28 11:57:27 --> Session: Class initialized using 'CodeIgniter\Session\Handlers\FileHandler' driver.
INFO - 2025-03-28 11:58:54 --> Session: Class initialized using 'CodeIgniter\Session\Handlers\FileHandler' driver.
INFO - 2025-03-28 11:58:58 --> Session: Class initialized using 'CodeIgniter\Session\Handlers\FileHandler' driver.
INFO - 2025-03-28 11:58:58 --> Session: Class initialized using 'CodeIgniter\Session\Handlers\FileHandler' driver.
INFO - 2025-03-28 11:59:02 --> Session: Class initialized using 'CodeIgniter\Session\Handlers\FileHandler' driver.
INFO - 2025-03-28 11:59:02 --> Session: Class initialized using 'CodeIgniter\Session\Handlers\FileHandler' driver.
INFO - 2025-03-28 12:00:17 --> Session: Class initialized using 'CodeIgniter\Session\Handlers\FileHandler' driver.
INFO - 2025-03-28 12:01:08 --> Session: Class initialized using 'CodeIgniter\Session\Handlers\FileHandler' driver.
INFO - 2025-03-28 12:02:12 --> Session: Class initialized using 'CodeIgniter\Session\Handlers\FileHandler' driver.
INFO - 2025-03-28 12:02:41 --> Session: Class initialized using 'CodeIgniter\Session\Handlers\FileHandler' driver.
INFO - 2025-03-28 12:02:41 --> Session: Class initialized using 'CodeIgniter\Session\Handlers\FileHandler' driver.
INFO - 2025-03-28 12:03:05 --> Session: Class initialized using 'CodeIgniter\Session\Handlers\FileHandler' driver.
INFO - 2025-03-28 12:03:20 --> Session: Class initialized using 'CodeIgniter\Session\Handlers\FileHandler' driver.
INFO - 2025-03-28 12:03:40 --> Session: Class initialized using 'CodeIgniter\Session\Handlers\FileHandler' driver.
INFO - 2025-03-28 12:03:40 --> Session: Class initialized using 'CodeIgniter\Session\Handlers\FileHandler' driver.
INFO - 2025-03-28 12:04:10 --> Session: Class initialized using 'CodeIgniter\Session\Handlers\FileHandler' driver.
INFO - 2025-03-28 12:04:10 --> Session: Class initialized using 'CodeIgniter\Session\Handlers\FileHandler' driver.
INFO - 2025-03-28 12:04:17 --> Session: Class initialized using 'CodeIgniter\Session\Handlers\FileHandler' driver.
INFO - 2025-03-28 12:04:17 --> Session: Class initialized using 'CodeIgniter\Session\Handlers\FileHandler' driver.
INFO - 2025-03-28 12:04:35 --> Session: Class initialized using 'CodeIgniter\Session\Handlers\FileHandler' driver.
INFO - 2025-03-28 12:04:38 --> Session: Class initialized using 'CodeIgniter\Session\Handlers\FileHandler' driver.
INFO - 2025-03-28 12:04:38 --> Session: Class initialized using 'CodeIgniter\Session\Handlers\FileHandler' driver.
INFO - 2025-03-28 12:04:43 --> Session: Class initialized using 'CodeIgniter\Session\Handlers\FileHandler' driver.
INFO - 2025-03-28 12:04:55 --> Session: Class initialized using 'CodeIgniter\Session\Handlers\FileHandler' driver.
INFO - 2025-03-28 12:04:55 --> Session: Class initialized using 'CodeIgniter\Session\Handlers\FileHandler' driver.
INFO - 2025-03-28 12:05:03 --> Session: Class initialized using 'CodeIgniter\Session\Handlers\FileHandler' driver.
INFO - 2025-03-28 12:05:16 --> Session: Class initialized using 'CodeIgniter\Session\Handlers\FileHandler' driver.
INFO - 2025-03-28 12:05:30 --> Session: Class initialized using 'CodeIgniter\Session\Handlers\FileHandler' driver.
INFO - 2025-03-28 12:05:30 --> Session: Class initialized using 'CodeIgniter\Session\Handlers\FileHandler' driver.
INFO - 2025-03-28 12:05:43 --> Session: Class initialized using 'CodeIgniter\Session\Handlers\FileHandler' driver.
INFO - 2025-03-28 12:05:46 --> Session: Class initialized using 'CodeIgniter\Session\Handlers\FileHandler' driver.
INFO - 2025-03-28 12:05:49 --> Session: Class initialized using 'CodeIgniter\Session\Handlers\FileHandler' driver.
INFO - 2025-03-28 12:05:51 --> Session: Class initialized using 'CodeIgniter\Session\Handlers\FileHandler' driver.
INFO - 2025-03-28 12:05:53 --> Session: Class initialized using 'CodeIgniter\Session\Handlers\FileHandler' driver.
INFO - 2025-03-28 12:06:07 --> Session: Class initialized using 'CodeIgniter\Session\Handlers\FileHandler' driver.
INFO - 2025-03-28 12:06:12 --> Session: Class initialized using 'CodeIgniter\Session\Handlers\FileHandler' driver.
INFO - 2025-03-28 12:06:13 --> Session: Class initialized using 'CodeIgniter\Session\Handlers\FileHandler' driver.
INFO - 2025-03-28 12:06:14 --> Session: Class initialized using 'CodeIgniter\Session\Handlers\FileHandler' driver.
INFO - 2025-03-28 12:06:14 --> Session: Class initialized using 'CodeIgniter\Session\Handlers\FileHandler' driver.
INFO - 2025-03-28 12:07:30 --> Session: Class initialized using 'CodeIgniter\Session\Handlers\FileHandler' driver.
INFO - 2025-03-28 12:07:31 --> Session: Class initialized using 'CodeIgniter\Session\Handlers\FileHandler' driver.
INFO - 2025-03-28 12:08:25 --> Session: Class initialized using 'CodeIgniter\Session\Handlers\FileHandler' driver.
INFO - 2025-03-28 12:10:26 --> Session: Class initialized using 'CodeIgniter\Session\Handlers\FileHandler' driver.
INFO - 2025-03-28 12:10:50 --> Session: Class initialized using 'CodeIgniter\Session\Handlers\FileHandler' driver.
INFO - 2025-03-28 12:10:50 --> Session: Class initialized using 'CodeIgniter\Session\Handlers\FileHandler' driver.
INFO - 2025-03-28 12:11:00 --> Session: Class initialized using 'CodeIgniter\Session\Handlers\FileHandler' driver.
INFO - 2025-03-28 12:11:02 --> Session: Class initialized using 'CodeIgniter\Session\Handlers\FileHandler' driver.
INFO - 2025-03-28 12:11:03 --> Session: Class initialized using 'CodeIgniter\Session\Handlers\FileHandler' driver.
INFO - 2025-03-28 12:13:55 --> Session: Class initialized using 'CodeIgniter\Session\Handlers\FileHandler' driver.
INFO - 2025-03-28 12:14:03 --> Session: Class initialized using 'CodeIgniter\Session\Handlers\FileHandler' driver.
INFO - 2025-03-28 12:14:13 --> Session: Class initialized using 'CodeIgniter\Session\Handlers\FileHandler' driver.
INFO - 2025-03-28 12:15:27 --> Session: Class initialized using 'CodeIgniter\Session\Handlers\FileHandler' driver.
INFO - 2025-03-28 12:16:13 --> Session: Class initialized using 'CodeIgniter\Session\Handlers\FileHandler' driver.
INFO - 2025-03-28 12:16:27 --> Session: Class initialized using 'CodeIgniter\Session\Handlers\FileHandler' driver.
INFO - 2025-03-28 12:16:32 --> Session: Class initialized using 'CodeIgniter\Session\Handlers\FileHandler' driver.
INFO - 2025-03-28 12:17:22 --> Session: Class initialized using 'CodeIgniter\Session\Handlers\FileHandler' driver.
INFO - 2025-03-28 12:17:27 --> Session: Class initialized using 'CodeIgniter\Session\Handlers\FileHandler' driver.
INFO - 2025-03-28 12:19:03 --> Session: Class initialized using 'CodeIgniter\Session\Handlers\FileHandler' driver.
INFO - 2025-03-28 12:19:17 --> Session: Class initialized using 'CodeIgniter\Session\Handlers\FileHandler' driver.
INFO - 2025-03-28 12:19:21 --> Session: Class initialized using 'CodeIgniter\Session\Handlers\FileHandler' driver.
INFO - 2025-03-28 12:19:41 --> Session: Class initialized using 'CodeIgniter\Session\Handlers\FileHandler' driver.
INFO - 2025-03-28 12:20:11 --> Session: Class initialized using 'CodeIgniter\Session\Handlers\FileHandler' driver.
INFO - 2025-03-28 12:24:03 --> Session: Class initialized using 'CodeIgniter\Session\Handlers\FileHandler' driver.
INFO - 2025-03-28 15:47:54 --> Session: Class initialized using 'CodeIgniter\Session\Handlers\FileHandler' driver.
INFO - 2025-03-28 15:48:04 --> Session: Class initialized using 'CodeIgniter\Session\Handlers\FileHandler' driver.
INFO - 2025-03-28 15:48:04 --> Session: Class initialized using 'CodeIgniter\Session\Handlers\FileHandler' driver.
INFO - 2025-03-28 15:48:08 --> Session: Class initialized using 'CodeIgniter\Session\Handlers\FileHandler' driver.
INFO - 2025-03-28 15:48:08 --> Session: Class initialized using 'CodeIgniter\Session\Handlers\FileHandler' driver.
CRITICAL - 2025-03-28 15:50:06 --> No suitable servers found (`serverSelectionTryOnce` set): [connection timeout calling hello on 'cluster0-shard-00-01.yzsph.mongodb.net:27017'] [socket timeout calling hello on 'cluster0-shard-00-02.yzsph.mongodb.net:27017'] [connection timeout calling hello on 'cluster0-shard-00-00.yzsph.mongodb.net:27017']
in VENDORPATH\mongodb\mongodb\src\functions.php on line 487.
 1 VENDORPATH\mongodb\mongodb\src\functions.php(487): MongoDB\Driver\Manager->selectServer(Object(MongoDB\Driver\ReadPreference))
 2 VENDORPATH\mongodb\mongodb\src\Collection.php(654): MongoDB\select_server(Object(MongoDB\Driver\Manager), [...])
 3 APPPATH\Models\MongoModel.php(28): MongoDB\Collection->find()
 4 APPPATH\Controllers\Home.php(15): App\Models\MongoModel->listAllProducts()
 5 SYSTEMPATH\CodeIgniter.php(919): App\Controllers\Home->index()
 6 SYSTEMPATH\CodeIgniter.php(494): CodeIgniter\CodeIgniter->runController(Object(App\Controllers\Home))
 7 SYSTEMPATH\CodeIgniter.php(353): CodeIgniter\CodeIgniter->handleRequest(null, Object(Config\Cache), false)
 8 FCPATH\index.php(79): CodeIgniter\CodeIgniter->run()
INFO - 2025-03-28 15:51:44 --> Session: Class initialized using 'CodeIgniter\Session\Handlers\FileHandler' driver.
CRITICAL - 2025-03-28 15:51:46 --> No suitable servers found (`serverSelectionTryOnce` set): [connection timeout calling hello on 'cluster0-shard-00-00.yzsph.mongodb.net:27017'] [socket timeout calling hello on 'cluster0-shard-00-02.yzsph.mongodb.net:27017'] [connection timeout calling hello on 'cluster0-shard-00-01.yzsph.mongodb.net:27017']
in VENDORPATH\mongodb\mongodb\src\functions.php on line 487.
 1 VENDORPATH\mongodb\mongodb\src\functions.php(487): MongoDB\Driver\Manager->selectServer(Object(MongoDB\Driver\ReadPreference))
 2 VENDORPATH\mongodb\mongodb\src\Collection.php(654): MongoDB\select_server(Object(MongoDB\Driver\Manager), [...])
 3 APPPATH\Models\MongoModel.php(28): MongoDB\Collection->find()
 4 APPPATH\Controllers\Home.php(15): App\Models\MongoModel->listAllProducts()
 5 SYSTEMPATH\CodeIgniter.php(919): App\Controllers\Home->index()
 6 SYSTEMPATH\CodeIgniter.php(494): CodeIgniter\CodeIgniter->runController(Object(App\Controllers\Home))
 7 SYSTEMPATH\CodeIgniter.php(353): CodeIgniter\CodeIgniter->handleRequest(null, Object(Config\Cache), false)
 8 FCPATH\index.php(79): CodeIgniter\CodeIgniter->run()
INFO - 2025-03-28 15:52:23 --> Session: Class initialized using 'CodeIgniter\Session\Handlers\FileHandler' driver.
INFO - 2025-03-28 15:52:57 --> Session: Class initialized using 'CodeIgniter\Session\Handlers\FileHandler' driver.
INFO - 2025-03-28 15:56:41 --> Session: Class initialized using 'CodeIgniter\Session\Handlers\FileHandler' driver.
INFO - 2025-03-28 15:58:30 --> Session: Class initialized using 'CodeIgniter\Session\Handlers\FileHandler' driver.
CRITICAL - 2025-03-28 16:00:47 --> include(../header.php): failed to open stream: No such file or directory
in APPPATH\Views\sepet\index.php on line 231.
 1 APPPATH\Views\sepet\index.php(231): CodeIgniter\Debug\Exceptions->errorHandler(2, 'include(../header.php): failed to open stream: No such file or directory', 'C:\\xampp\\htdocs\\e-ticaret\\app\\Views\\sepet\\index.php', 231, [...])
 2 APPPATH\Views\sepet\index.php(231): include()
 3 SYSTEMPATH\View\View.php(226): include('C:\\xampp\\htdocs\\e-ticaret\\app\\Views\\sepet\\index.php')
 4 SYSTEMPATH\View\View.php(229): CodeIgniter\View\View->CodeIgniter\View\{closure}()
 5 SYSTEMPATH\Common.php(1188): CodeIgniter\View\View->render('sepet/index', [], true)
 6 APPPATH\Controllers\SepetController.php(14): view('sepet/index', [...])
 7 SYSTEMPATH\CodeIgniter.php(919): App\Controllers\SepetController->index()
 8 SYSTEMPATH\CodeIgniter.php(494): CodeIgniter\CodeIgniter->runController(Object(App\Controllers\SepetController))
 9 SYSTEMPATH\CodeIgniter.php(353): CodeIgniter\CodeIgniter->handleRequest(null, Object(Config\Cache), false)
10 FCPATH\index.php(79): CodeIgniter\CodeIgniter->run()
CRITICAL - 2025-03-28 16:00:54 --> include(./header.php): failed to open stream: No such file or directory
in APPPATH\Views\sepet\index.php on line 231.
 1 APPPATH\Views\sepet\index.php(231): CodeIgniter\Debug\Exceptions->errorHandler(2, 'include(./header.php): failed to open stream: No such file or directory', 'C:\\xampp\\htdocs\\e-ticaret\\app\\Views\\sepet\\index.php', 231, [...])
 2 APPPATH\Views\sepet\index.php(231): include()
 3 SYSTEMPATH\View\View.php(226): include('C:\\xampp\\htdocs\\e-ticaret\\app\\Views\\sepet\\index.php')
 4 SYSTEMPATH\View\View.php(229): CodeIgniter\View\View->CodeIgniter\View\{closure}()
 5 SYSTEMPATH\Common.php(1188): CodeIgniter\View\View->render('sepet/index', [], true)
 6 APPPATH\Controllers\SepetController.php(14): view('sepet/index', [...])
 7 SYSTEMPATH\CodeIgniter.php(919): App\Controllers\SepetController->index()
 8 SYSTEMPATH\CodeIgniter.php(494): CodeIgniter\CodeIgniter->runController(Object(App\Controllers\SepetController))
 9 SYSTEMPATH\CodeIgniter.php(353): CodeIgniter\CodeIgniter->handleRequest(null, Object(Config\Cache), false)
10 FCPATH\index.php(79): CodeIgniter\CodeIgniter->run()
CRITICAL - 2025-03-28 16:00:58 --> include(/header.php): failed to open stream: No such file or directory
in APPPATH\Views\sepet\index.php on line 231.
 1 APPPATH\Views\sepet\index.php(231): CodeIgniter\Debug\Exceptions->errorHandler(2, 'include(/header.php): failed to open stream: No such file or directory', 'C:\\xampp\\htdocs\\e-ticaret\\app\\Views\\sepet\\index.php', 231, [...])
 2 APPPATH\Views\sepet\index.php(231): include()
 3 SYSTEMPATH\View\View.php(226): include('C:\\xampp\\htdocs\\e-ticaret\\app\\Views\\sepet\\index.php')
 4 SYSTEMPATH\View\View.php(229): CodeIgniter\View\View->CodeIgniter\View\{closure}()
 5 SYSTEMPATH\Common.php(1188): CodeIgniter\View\View->render('sepet/index', [], true)
 6 APPPATH\Controllers\SepetController.php(14): view('sepet/index', [...])
 7 SYSTEMPATH\CodeIgniter.php(919): App\Controllers\SepetController->index()
 8 SYSTEMPATH\CodeIgniter.php(494): CodeIgniter\CodeIgniter->runController(Object(App\Controllers\SepetController))
 9 SYSTEMPATH\CodeIgniter.php(353): CodeIgniter\CodeIgniter->handleRequest(null, Object(Config\Cache), false)
10 FCPATH\index.php(79): CodeIgniter\CodeIgniter->run()
CRITICAL - 2025-03-28 16:00:59 --> include(/header.php): failed to open stream: No such file or directory
in APPPATH\Views\sepet\index.php on line 231.
 1 APPPATH\Views\sepet\index.php(231): CodeIgniter\Debug\Exceptions->errorHandler(2, 'include(/header.php): failed to open stream: No such file or directory', 'C:\\xampp\\htdocs\\e-ticaret\\app\\Views\\sepet\\index.php', 231, [...])
 2 APPPATH\Views\sepet\index.php(231): include()
 3 SYSTEMPATH\View\View.php(226): include('C:\\xampp\\htdocs\\e-ticaret\\app\\Views\\sepet\\index.php')
 4 SYSTEMPATH\View\View.php(229): CodeIgniter\View\View->CodeIgniter\View\{closure}()
 5 SYSTEMPATH\Common.php(1188): CodeIgniter\View\View->render('sepet/index', [], true)
 6 APPPATH\Controllers\SepetController.php(14): view('sepet/index', [...])
 7 SYSTEMPATH\CodeIgniter.php(919): App\Controllers\SepetController->index()
 8 SYSTEMPATH\CodeIgniter.php(494): CodeIgniter\CodeIgniter->runController(Object(App\Controllers\SepetController))
 9 SYSTEMPATH\CodeIgniter.php(353): CodeIgniter\CodeIgniter->handleRequest(null, Object(Config\Cache), false)
10 FCPATH\index.php(79): CodeIgniter\CodeIgniter->run()
INFO - 2025-03-28 16:04:31 --> Session: Class initialized using 'CodeIgniter\Session\Handlers\FileHandler' driver.
INFO - 2025-03-28 16:04:31 --> Session: Class initialized using 'CodeIgniter\Session\Handlers\FileHandler' driver.
INFO - 2025-03-28 16:04:34 --> Session: Class initialized using 'CodeIgniter\Session\Handlers\FileHandler' driver.
INFO - 2025-03-28 16:04:35 --> Session: Class initialized using 'CodeIgniter\Session\Handlers\FileHandler' driver.
INFO - 2025-03-28 16:04:36 --> Session: Class initialized using 'CodeIgniter\Session\Handlers\FileHandler' driver.
INFO - 2025-03-28 16:04:36 --> Session: Class initialized using 'CodeIgniter\Session\Handlers\FileHandler' driver.
INFO - 2025-03-28 16:05:13 --> Session: Class initialized using 'CodeIgniter\Session\Handlers\FileHandler' driver.
INFO - 2025-03-28 16:05:35 --> Session: Class initialized using 'CodeIgniter\Session\Handlers\FileHandler' driver.
INFO - 2025-03-28 16:05:43 --> Session: Class initialized using 'CodeIgniter\Session\Handlers\FileHandler' driver.
INFO - 2025-03-28 16:09:09 --> Session: Class initialized using 'CodeIgniter\Session\Handlers\FileHandler' driver.
INFO - 2025-03-28 16:12:42 --> Session: Class initialized using 'CodeIgniter\Session\Handlers\FileHandler' driver.
INFO - 2025-03-28 16:12:44 --> Session: Class initialized using 'CodeIgniter\Session\Handlers\FileHandler' driver.
INFO - 2025-03-28 16:12:44 --> Session: Class initialized using 'CodeIgniter\Session\Handlers\FileHandler' driver.
INFO - 2025-03-28 16:14:35 --> Session: Class initialized using 'CodeIgniter\Session\Handlers\FileHandler' driver.
INFO - 2025-03-28 16:14:37 --> Session: Class initialized using 'CodeIgniter\Session\Handlers\FileHandler' driver.
INFO - 2025-03-28 16:14:37 --> Session: Class initialized using 'CodeIgniter\Session\Handlers\FileHandler' driver.
INFO - 2025-03-28 16:14:41 --> Session: Class initialized using 'CodeIgniter\Session\Handlers\FileHandler' driver.
INFO - 2025-03-28 16:14:41 --> Session: Class initialized using 'CodeIgniter\Session\Handlers\FileHandler' driver.
INFO - 2025-03-28 16:14:45 --> Session: Class initialized using 'CodeIgniter\Session\Handlers\FileHandler' driver.
INFO - 2025-03-28 16:14:45 --> Session: Class initialized using 'CodeIgniter\Session\Handlers\FileHandler' driver.
INFO - 2025-03-28 16:14:49 --> Session: Class initialized using 'CodeIgniter\Session\Handlers\FileHandler' driver.
INFO - 2025-03-28 16:14:49 --> Session: Class initialized using 'CodeIgniter\Session\Handlers\FileHandler' driver.
INFO - 2025-03-28 16:14:51 --> Session: Class initialized using 'CodeIgniter\Session\Handlers\FileHandler' driver.
INFO - 2025-03-28 16:14:51 --> Session: Class initialized using 'CodeIgniter\Session\Handlers\FileHandler' driver.
INFO - 2025-03-28 16:20:03 --> Session: Class initialized using 'CodeIgniter\Session\Handlers\FileHandler' driver.
INFO - 2025-03-28 16:20:10 --> Session: Class initialized using 'CodeIgniter\Session\Handlers\FileHandler' driver.
INFO - 2025-03-28 16:29:28 --> Session: Class initialized using 'CodeIgniter\Session\Handlers\FileHandler' driver.
INFO - 2025-03-28 16:29:36 --> Session: Class initialized using 'CodeIgniter\Session\Handlers\FileHandler' driver.
INFO - 2025-03-28 16:29:45 --> Session: Class initialized using 'CodeIgniter\Session\Handlers\FileHandler' driver.
INFO - 2025-03-28 16:30:25 --> Session: Class initialized using 'CodeIgniter\Session\Handlers\FileHandler' driver.
CRITICAL - 2025-03-28 17:22:19 --> No suitable servers found (`serverSelectionTryOnce` set): [socket timeout calling hello on 'cluster0-shard-00-02.yzsph.mongodb.net:27017'] [connection timeout calling hello on 'cluster0-shard-00-01.yzsph.mongodb.net:27017'] [connection timeout calling hello on 'cluster0-shard-00-00.yzsph.mongodb.net:27017']
in VENDORPATH\mongodb\mongodb\src\functions.php on line 487.
 1 VENDORPATH\mongodb\mongodb\src\functions.php(487): MongoDB\Driver\Manager->selectServer(Object(MongoDB\Driver\ReadPreference))
 2 VENDORPATH\mongodb\mongodb\src\Collection.php(654): MongoDB\select_server(Object(MongoDB\Driver\Manager), [...])
 3 APPPATH\Models\MongoModel.php(28): MongoDB\Collection->find()
 4 APPPATH\Controllers\Home.php(15): App\Models\MongoModel->listAllProducts()
 5 SYSTEMPATH\CodeIgniter.php(919): App\Controllers\Home->index()
 6 SYSTEMPATH\CodeIgniter.php(494): CodeIgniter\CodeIgniter->runController(Object(App\Controllers\Home))
 7 SYSTEMPATH\CodeIgniter.php(353): CodeIgniter\CodeIgniter->handleRequest(null, Object(Config\Cache), false)
 8 FCPATH\index.php(79): CodeIgniter\CodeIgniter->run()
CRITICAL - 2025-03-28 17:22:19 --> No servers yet eligible for rescan
in VENDORPATH\mongodb\mongodb\src\functions.php on line 487.
 1 VENDORPATH\mongodb\mongodb\src\functions.php(487): MongoDB\Driver\Manager->selectServer(Object(MongoDB\Driver\ReadPreference))
 2 VENDORPATH\mongodb\mongodb\src\Collection.php(654): MongoDB\select_server(Object(MongoDB\Driver\Manager), [...])
 3 APPPATH\Models\MongoModel.php(28): MongoDB\Collection->find()
 4 APPPATH\Controllers\Home.php(15): App\Models\MongoModel->listAllProducts()
 5 SYSTEMPATH\CodeIgniter.php(919): App\Controllers\Home->index()
 6 SYSTEMPATH\CodeIgniter.php(494): CodeIgniter\CodeIgniter->runController(Object(App\Controllers\Home))
 7 SYSTEMPATH\CodeIgniter.php(353): CodeIgniter\CodeIgniter->handleRequest(null, Object(Config\Cache), false)
 8 FCPATH\index.php(79): CodeIgniter\CodeIgniter->run()
CRITICAL - 2025-03-28 17:23:11 --> No suitable servers found (`serverSelectionTryOnce` set): [connection timeout calling hello on 'cluster0-shard-00-02.yzsph.mongodb.net:27017'] [connection timeout calling hello on 'cluster0-shard-00-01.yzsph.mongodb.net:27017'] [socket timeout calling hello on 'cluster0-shard-00-00.yzsph.mongodb.net:27017']
in VENDORPATH\mongodb\mongodb\src\functions.php on line 487.
 1 VENDORPATH\mongodb\mongodb\src\functions.php(487): MongoDB\Driver\Manager->selectServer(Object(MongoDB\Driver\ReadPreference))
 2 VENDORPATH\mongodb\mongodb\src\Collection.php(654): MongoDB\select_server(Object(MongoDB\Driver\Manager), [...])
 3 APPPATH\Models\MongoModel.php(28): MongoDB\Collection->find()
 4 APPPATH\Controllers\Home.php(15): App\Models\MongoModel->listAllProducts()
 5 SYSTEMPATH\CodeIgniter.php(919): App\Controllers\Home->index()
 6 SYSTEMPATH\CodeIgniter.php(494): CodeIgniter\CodeIgniter->runController(Object(App\Controllers\Home))
 7 SYSTEMPATH\CodeIgniter.php(353): CodeIgniter\CodeIgniter->handleRequest(null, Object(Config\Cache), false)
 8 FCPATH\index.php(79): CodeIgniter\CodeIgniter->run()
CRITICAL - 2025-03-28 17:23:46 --> No suitable servers found (`serverSelectionTryOnce` set): [connection timeout calling hello on 'cluster0-shard-00-02.yzsph.mongodb.net:27017'] [socket timeout calling hello on 'cluster0-shard-00-01.yzsph.mongodb.net:27017'] [connection timeout calling hello on 'cluster0-shard-00-00.yzsph.mongodb.net:27017']
in VENDORPATH\mongodb\mongodb\src\functions.php on line 487.
 1 VENDORPATH\mongodb\mongodb\src\functions.php(487): MongoDB\Driver\Manager->selectServer(Object(MongoDB\Driver\ReadPreference))
 2 VENDORPATH\mongodb\mongodb\src\Collection.php(654): MongoDB\select_server(Object(MongoDB\Driver\Manager), [...])
 3 APPPATH\Models\MongoModel.php(28): MongoDB\Collection->find()
 4 APPPATH\Controllers\Home.php(15): App\Models\MongoModel->listAllProducts()
 5 SYSTEMPATH\CodeIgniter.php(919): App\Controllers\Home->index()
 6 SYSTEMPATH\CodeIgniter.php(494): CodeIgniter\CodeIgniter->runController(Object(App\Controllers\Home))
 7 SYSTEMPATH\CodeIgniter.php(353): CodeIgniter\CodeIgniter->handleRequest(null, Object(Config\Cache), false)
 8 FCPATH\index.php(79): CodeIgniter\CodeIgniter->run()
CRITICAL - 2025-03-28 17:23:55 --> No suitable servers found (`serverSelectionTryOnce` set): [socket timeout calling hello on 'cluster0-shard-00-02.yzsph.mongodb.net:27017'] [connection timeout calling hello on 'cluster0-shard-00-01.yzsph.mongodb.net:27017'] [connection timeout calling hello on 'cluster0-shard-00-00.yzsph.mongodb.net:27017']
in VENDORPATH\mongodb\mongodb\src\functions.php on line 487.
 1 VENDORPATH\mongodb\mongodb\src\functions.php(487): MongoDB\Driver\Manager->selectServer(Object(MongoDB\Driver\ReadPreference))
 2 VENDORPATH\mongodb\mongodb\src\Collection.php(654): MongoDB\select_server(Object(MongoDB\Driver\Manager), [...])
 3 APPPATH\Models\MongoModel.php(28): MongoDB\Collection->find()
 4 APPPATH\Controllers\Home.php(15): App\Models\MongoModel->listAllProducts()
 5 SYSTEMPATH\CodeIgniter.php(919): App\Controllers\Home->index()
 6 SYSTEMPATH\CodeIgniter.php(494): CodeIgniter\CodeIgniter->runController(Object(App\Controllers\Home))
 7 SYSTEMPATH\CodeIgniter.php(353): CodeIgniter\CodeIgniter->handleRequest(null, Object(Config\Cache), false)
 8 FCPATH\index.php(79): CodeIgniter\CodeIgniter->run()
CRITICAL - 2025-03-28 17:24:19 --> No suitable servers found (`serverSelectionTryOnce` set): [socket timeout calling hello on 'cluster0-shard-00-00.yzsph.mongodb.net:27017'] [connection timeout calling hello on 'cluster0-shard-00-01.yzsph.mongodb.net:27017'] [connection timeout calling hello on 'cluster0-shard-00-02.yzsph.mongodb.net:27017']
in VENDORPATH\mongodb\mongodb\src\functions.php on line 487.
 1 VENDORPATH\mongodb\mongodb\src\functions.php(487): MongoDB\Driver\Manager->selectServer(Object(MongoDB\Driver\ReadPreference))
 2 VENDORPATH\mongodb\mongodb\src\Collection.php(654): MongoDB\select_server(Object(MongoDB\Driver\Manager), [...])
 3 APPPATH\Models\MongoModel.php(28): MongoDB\Collection->find()
 4 APPPATH\Controllers\Home.php(15): App\Models\MongoModel->listAllProducts()
 5 SYSTEMPATH\CodeIgniter.php(919): App\Controllers\Home->index()
 6 SYSTEMPATH\CodeIgniter.php(494): CodeIgniter\CodeIgniter->runController(Object(App\Controllers\Home))
 7 SYSTEMPATH\CodeIgniter.php(353): CodeIgniter\CodeIgniter->handleRequest(null, Object(Config\Cache), false)
 8 FCPATH\index.php(79): CodeIgniter\CodeIgniter->run()
CRITICAL - 2025-03-28 17:24:58 --> No suitable servers found (`serverSelectionTryOnce` set): [connection timeout calling hello on 'cluster0-shard-00-02.yzsph.mongodb.net:27017'] [socket timeout calling hello on 'cluster0-shard-00-01.yzsph.mongodb.net:27017'] [connection timeout calling hello on 'cluster0-shard-00-00.yzsph.mongodb.net:27017']
in VENDORPATH\mongodb\mongodb\src\functions.php on line 487.
 1 VENDORPATH\mongodb\mongodb\src\functions.php(487): MongoDB\Driver\Manager->selectServer(Object(MongoDB\Driver\ReadPreference))
 2 VENDORPATH\mongodb\mongodb\src\Collection.php(654): MongoDB\select_server(Object(MongoDB\Driver\Manager), [...])
 3 APPPATH\Models\MongoModel.php(28): MongoDB\Collection->find()
 4 APPPATH\Controllers\Home.php(15): App\Models\MongoModel->listAllProducts()
 5 SYSTEMPATH\CodeIgniter.php(919): App\Controllers\Home->index()
 6 SYSTEMPATH\CodeIgniter.php(494): CodeIgniter\CodeIgniter->runController(Object(App\Controllers\Home))
 7 SYSTEMPATH\CodeIgniter.php(353): CodeIgniter\CodeIgniter->handleRequest(null, Object(Config\Cache), false)
 8 FCPATH\index.php(79): CodeIgniter\CodeIgniter->run()
CRITICAL - 2025-03-28 17:25:51 --> No suitable servers found (`serverSelectionTryOnce` set): [connection timeout calling hello on 'cluster0-shard-00-01.yzsph.mongodb.net:27017'] [socket timeout calling hello on 'cluster0-shard-00-02.yzsph.mongodb.net:27017'] [connection timeout calling hello on 'cluster0-shard-00-00.yzsph.mongodb.net:27017']
in VENDORPATH\mongodb\mongodb\src\functions.php on line 487.
 1 VENDORPATH\mongodb\mongodb\src\functions.php(487): MongoDB\Driver\Manager->selectServer(Object(MongoDB\Driver\ReadPreference))
 2 VENDORPATH\mongodb\mongodb\src\Collection.php(654): MongoDB\select_server(Object(MongoDB\Driver\Manager), [...])
 3 APPPATH\Models\MongoModel.php(28): MongoDB\Collection->find()
 4 APPPATH\Controllers\Home.php(15): App\Models\MongoModel->listAllProducts()
 5 SYSTEMPATH\CodeIgniter.php(919): App\Controllers\Home->index()
 6 SYSTEMPATH\CodeIgniter.php(494): CodeIgniter\CodeIgniter->runController(Object(App\Controllers\Home))
 7 SYSTEMPATH\CodeIgniter.php(353): CodeIgniter\CodeIgniter->handleRequest(null, Object(Config\Cache), false)
 8 FCPATH\index.php(79): CodeIgniter\CodeIgniter->run()
CRITICAL - 2025-03-28 17:25:55 --> No suitable servers found (`serverSelectionTryOnce` set): [socket timeout calling hello on 'cluster0-shard-00-01.yzsph.mongodb.net:27017'] [connection timeout calling hello on 'cluster0-shard-00-02.yzsph.mongodb.net:27017'] [connection timeout calling hello on 'cluster0-shard-00-00.yzsph.mongodb.net:27017']
in VENDORPATH\mongodb\mongodb\src\functions.php on line 487.
 1 VENDORPATH\mongodb\mongodb\src\functions.php(487): MongoDB\Driver\Manager->selectServer(Object(MongoDB\Driver\ReadPreference))
 2 VENDORPATH\mongodb\mongodb\src\Collection.php(654): MongoDB\select_server(Object(MongoDB\Driver\Manager), [...])
 3 APPPATH\Models\MongoModel.php(28): MongoDB\Collection->find()
 4 APPPATH\Controllers\Home.php(15): App\Models\MongoModel->listAllProducts()
 5 SYSTEMPATH\CodeIgniter.php(919): App\Controllers\Home->index()
 6 SYSTEMPATH\CodeIgniter.php(494): CodeIgniter\CodeIgniter->runController(Object(App\Controllers\Home))
 7 SYSTEMPATH\CodeIgniter.php(353): CodeIgniter\CodeIgniter->handleRequest(null, Object(Config\Cache), false)
 8 FCPATH\index.php(79): CodeIgniter\CodeIgniter->run()
INFO - 2025-03-28 17:34:10 --> Session: Class initialized using 'CodeIgniter\Session\Handlers\FileHandler' driver.
INFO - 2025-03-28 17:35:10 --> Session: Class initialized using 'CodeIgniter\Session\Handlers\FileHandler' driver.
INFO - 2025-03-28 17:35:18 --> Session: Class initialized using 'CodeIgniter\Session\Handlers\FileHandler' driver.
INFO - 2025-03-28 17:35:18 --> Session: Class initialized using 'CodeIgniter\Session\Handlers\FileHandler' driver.
INFO - 2025-03-28 17:35:24 --> Session: Class initialized using 'CodeIgniter\Session\Handlers\FileHandler' driver.
INFO - 2025-03-28 17:35:32 --> Session: Class initialized using 'CodeIgniter\Session\Handlers\FileHandler' driver.
INFO - 2025-03-28 17:35:32 --> Session: Class initialized using 'CodeIgniter\Session\Handlers\FileHandler' driver.
INFO - 2025-03-28 17:35:36 --> Session: Class initialized using 'CodeIgniter\Session\Handlers\FileHandler' driver.
INFO - 2025-03-28 17:35:36 --> Session: Class initialized using 'CodeIgniter\Session\Handlers\FileHandler' driver.
INFO - 2025-03-28 17:38:59 --> Session: Class initialized using 'CodeIgniter\Session\Handlers\FileHandler' driver.
